{"C:\\xampp\\htdocs\\Whatsapp_CRM\\apps\\api\\src\\app.module.ts": {"path":"C:\\xampp\\htdocs\\Whatsapp_CRM\\apps\\api\\src\\app.module.ts","statementMap":{"0":{"start":{"line":1,"column":0},"end":{"line":1,"column":40}},"1":{"start":{"line":2,"column":0},"end":{"line":2,"column":46}},"2":{"start":{"line":3,"column":0},"end":{"line":3,"column":58}},"3":{"start":{"line":4,"column":0},"end":{"line":4,"column":59}},"4":{"start":{"line":5,"column":0},"end":{"line":5,"column":50}},"5":{"start":{"line":6,"column":0},"end":{"line":6,"column":68}},"6":{"start":{"line":7,"column":0},"end":{"line":7,"column":54}},"7":{"start":{"line":8,"column":0},"end":{"line":8,"column":54}},"8":{"start":{"line":9,"column":0},"end":{"line":9,"column":54}},"9":{"start":{"line":10,"column":0},"end":{"line":10,"column":51}},"10":{"start":{"line":11,"column":0},"end":{"line":11,"column":48}},"11":{"start":{"line":12,"column":0},"end":{"line":12,"column":60}},"12":{"start":{"line":13,"column":0},"end":{"line":13,"column":53}},"13":{"start":{"line":14,"column":0},"end":{"line":14,"column":60}},"14":{"start":{"line":15,"column":0},"end":{"line":15,"column":60}},"15":{"start":{"line":16,"column":0},"end":{"line":16,"column":51}},"16":{"start":{"line":17,"column":0},"end":{"line":17,"column":48}},"17":{"start":{"line":18,"column":0},"end":{"line":18,"column":51}},"18":{"start":{"line":19,"column":0},"end":{"line":19,"column":51}},"19":{"start":{"line":20,"column":0},"end":{"line":20,"column":63}},"20":{"start":{"line":21,"column":0},"end":{"line":21,"column":63}},"21":{"start":{"line":22,"column":0},"end":{"line":22,"column":57}},"22":{"start":{"line":23,"column":0},"end":{"line":23,"column":51}},"23":{"start":{"line":24,"column":0},"end":{"line":24,"column":60}},"24":{"start":{"line":25,"column":0},"end":{"line":25,"column":63}},"25":{"start":{"line":26,"column":0},"end":{"line":26,"column":69}},"26":{"start":{"line":27,"column":0},"end":{"line":27,"column":63}},"27":{"start":{"line":28,"column":0},"end":{"line":28,"column":73}},"28":{"start":{"line":68,"column":7},"end":{"line":68,"column":null}},"29":{"start":{"line":68,"column":13},"end":{"line":68,"column":22}},"30":{"start":{"line":68,"column":13},"end":{"line":68,"column":null}}},"fnMap":{},"branchMap":{},"s":{"0":0,"1":0,"2":0,"3":0,"4":0,"5":0,"6":0,"7":0,"8":0,"9":0,"10":0,"11":0,"12":0,"13":0,"14":0,"15":0,"16":0,"17":0,"18":0,"19":0,"20":0,"21":0,"22":0,"23":0,"24":0,"25":0,"26":0,"27":0,"28":0,"29":0,"30":0},"f":{},"b":{}}
,"C:\\xampp\\htdocs\\Whatsapp_CRM\\apps\\api\\src\\main.ts": {"path":"C:\\xampp\\htdocs\\Whatsapp_CRM\\apps\\api\\src\\main.ts","statementMap":{"0":{"start":{"line":1,"column":0},"end":{"line":1,"column":43}},"1":{"start":{"line":2,"column":0},"end":{"line":2,"column":48}},"2":{"start":{"line":3,"column":0},"end":{"line":3,"column":47}},"3":{"start":{"line":4,"column":0},"end":{"line":4,"column":38}},"4":{"start":{"line":5,"column":0},"end":{"line":5,"column":28}},"5":{"start":{"line":6,"column":0},"end":{"line":6,"column":41}},"6":{"start":{"line":7,"column":0},"end":{"line":7,"column":41}},"7":{"start":{"line":8,"column":0},"end":{"line":8,"column":77}},"8":{"start":{"line":9,"column":0},"end":{"line":9,"column":71}},"9":{"start":{"line":12,"column":14},"end":{"line":12,"column":49}},"10":{"start":{"line":13,"column":17},"end":{"line":13,"column":39}},"11":{"start":{"line":15,"column":2},"end":{"line":15,"column":62}},"12":{"start":{"line":16,"column":2},"end":{"line":16,"column":20}},"13":{"start":{"line":17,"column":2},"end":{"line":17,"column":25}},"14":{"start":{"line":18,"column":2},"end":{"line":18,"column":26}},"15":{"start":{"line":19,"column":2},"end":{"line":22,"column":5}},"16":{"start":{"line":23,"column":2},"end":{"line":29,"column":4}},"17":{"start":{"line":30,"column":2},"end":{"line":30,"column":50}},"18":{"start":{"line":31,"column":2},"end":{"line":33,"column":5}},"19":{"start":{"line":37,"column":2},"end":{"line":37,"column":28}},"20":{"start":{"line":39,"column":15},"end":{"line":39,"column":49}},"21":{"start":{"line":40,"column":2},"end":{"line":40,"column":25}},"22":{"start":{"line":42,"column":0},"end":{"line":42,"column":12}}},"fnMap":{"0":{"name":"bootstrap","decl":{"start":{"line":11,"column":15},"end":{"line":11,"column":24}},"loc":{"start":{"line":11,"column":24},"end":{"line":41,"column":1}}}},"branchMap":{"0":{"loc":{"start":{"line":39,"column":15},"end":{"line":39,"column":49}},"type":"binary-expr","locations":[{"start":{"line":39,"column":15},"end":{"line":39,"column":41}},{"start":{"line":39,"column":45},"end":{"line":39,"column":49}}]}},"s":{"0":0,"1":0,"2":0,"3":0,"4":0,"5":0,"6":0,"7":0,"8":0,"9":0,"10":0,"11":0,"12":0,"13":0,"14":0,"15":0,"16":0,"17":0,"18":0,"19":0,"20":0,"21":0,"22":0},"f":{"0":0},"b":{"0":[0,0]}}
,"C:\\xampp\\htdocs\\Whatsapp_CRM\\apps\\api\\src\\analytics\\analytics.controller.ts": {"path":"C:\\xampp\\htdocs\\Whatsapp_CRM\\apps\\api\\src\\analytics\\analytics.controller.ts","statementMap":{"0":{"start":{"line":1,"column":0},"end":{"line":1,"column":49}},"1":{"start":{"line":2,"column":0},"end":{"line":2,"column":52}},"2":{"start":{"line":3,"column":0},"end":{"line":3,"column":78}},"3":{"start":{"line":4,"column":0},"end":{"line":4,"column":55}},"4":{"start":{"line":8,"column":7},"end":{"line":15,"column":null}},"5":{"start":{"line":9,"column":31},"end":{"line":9,"column":49}},"6":{"start":{"line":13,"column":4},"end":{"line":13,"column":47}},"7":{"start":{"line":8,"column":13},"end":{"line":8,"column":32}},"8":{"start":{"line":12,"column":2},"end":{"line":14,"column":null}},"9":{"start":{"line":8,"column":13},"end":{"line":15,"column":null}}},"fnMap":{"0":{"name":"(anonymous_2)","decl":{"start":{"line":9,"column":2},"end":{"line":9,"column":31}},"loc":{"start":{"line":9,"column":65},"end":{"line":9,"column":69}}},"1":{"name":"(anonymous_3)","decl":{"start":{"line":12,"column":2},"end":{"line":12,"column":13}},"loc":{"start":{"line":12,"column":13},"end":{"line":14,"column":3}}}},"branchMap":{},"s":{"0":0,"1":0,"2":0,"3":0,"4":0,"5":0,"6":0,"7":0,"8":0,"9":0},"f":{"0":0,"1":0},"b":{}}
,"C:\\xampp\\htdocs\\Whatsapp_CRM\\apps\\api\\src\\analytics\\analytics.module.ts": {"path":"C:\\xampp\\htdocs\\Whatsapp_CRM\\apps\\api\\src\\analytics\\analytics.module.ts","statementMap":{"0":{"start":{"line":1,"column":0},"end":{"line":1,"column":40}},"1":{"start":{"line":2,"column":0},"end":{"line":2,"column":61}},"2":{"start":{"line":3,"column":0},"end":{"line":3,"column":55}},"3":{"start":{"line":9,"column":7},"end":{"line":9,"column":null}},"4":{"start":{"line":9,"column":13},"end":{"line":9,"column":28}},"5":{"start":{"line":9,"column":13},"end":{"line":9,"column":null}}},"fnMap":{},"branchMap":{},"s":{"0":0,"1":0,"2":0,"3":0,"4":0,"5":0},"f":{},"b":{}}
,"C:\\xampp\\htdocs\\Whatsapp_CRM\\apps\\api\\src\\analytics\\analytics.service.ts": {"path":"C:\\xampp\\htdocs\\Whatsapp_CRM\\apps\\api\\src\\analytics\\analytics.service.ts","statementMap":{"0":{"start":{"line":1,"column":0},"end":{"line":1,"column":44}},"1":{"start":{"line":2,"column":0},"end":{"line":2,"column":57}},"2":{"start":{"line":4,"column":19},"end":{"line":4,"column":20}},"3":{"start":{"line":5,"column":33},"end":{"line":5,"column":35}},"4":{"start":{"line":8,"column":2},"end":{"line":8,"column":62}},"5":{"start":{"line":15,"column":15},"end":{"line":15,"column":30}},"6":{"start":{"line":16,"column":16},"end":{"line":16,"column":57}},"7":{"start":{"line":17,"column":14},"end":{"line":17,"column":50}},"8":{"start":{"line":18,"column":2},"end":{"line":18,"column":35}},"9":{"start":{"line":22,"column":7},"end":{"line":129,"column":null}},"10":{"start":{"line":23,"column":31},"end":{"line":23,"column":39}},"11":{"start":{"line":45,"column":8},"end":{"line":83,"column":6}},"12":{"start":{"line":85,"column":4},"end":{"line":106,"column":6}},"13":{"start":{"line":110,"column":18},"end":{"line":110,"column":40}},"14":{"start":{"line":111,"column":54},"end":{"line":111,"column":56}},"15":{"start":{"line":112,"column":4},"end":{"line":126,"column":5}},"16":{"start":{"line":112,"column":17},"end":{"line":112,"column":25}},"17":{"start":{"line":113,"column":23},"end":{"line":113,"column":38}},"18":{"start":{"line":114,"column":6},"end":{"line":114,"column":47}},"19":{"start":{"line":115,"column":21},"end":{"line":115,"column":39}},"20":{"start":{"line":116,"column":6},"end":{"line":116,"column":43}},"21":{"start":{"line":118,"column":20},"end":{"line":124,"column":8}},"22":{"start":{"line":125,"column":6},"end":{"line":125,"column":68}},"23":{"start":{"line":127,"column":4},"end":{"line":127,"column":19}},"24":{"start":{"line":22,"column":13},"end":{"line":22,"column":29}},"25":{"start":{"line":22,"column":13},"end":{"line":129,"column":null}}},"fnMap":{"0":{"name":"startOfDay","decl":{"start":{"line":7,"column":9},"end":{"line":7,"column":19}},"loc":{"start":{"line":7,"column":27},"end":{"line":9,"column":1}}},"1":{"name":"localDateLabel","decl":{"start":{"line":14,"column":9},"end":{"line":14,"column":23}},"loc":{"start":{"line":14,"column":31},"end":{"line":19,"column":1}}},"2":{"name":"(anonymous_4)","decl":{"start":{"line":23,"column":2},"end":{"line":23,"column":31}},"loc":{"start":{"line":23,"column":52},"end":{"line":23,"column":56}}},"3":{"name":"(anonymous_5)","decl":{"start":{"line":25,"column":2},"end":{"line":25,"column":7}},"loc":{"start":{"line":25,"column":19},"end":{"line":107,"column":3}}},"4":{"name":"(anonymous_6)","decl":{"start":{"line":109,"column":10},"end":{"line":109,"column":15}},"loc":{"start":{"line":109,"column":44},"end":{"line":128,"column":3}}}},"branchMap":{"0":{"loc":{"start":{"line":101,"column":17},"end":{"line":101,"column":37}},"type":"binary-expr","locations":[{"start":{"line":101,"column":17},"end":{"line":101,"column":32}},{"start":{"line":101,"column":36},"end":{"line":101,"column":37}}]},"1":{"loc":{"start":{"line":102,"column":25},"end":{"line":102,"column":54}},"type":"binary-expr","locations":[{"start":{"line":102,"column":25},"end":{"line":102,"column":49}},{"start":{"line":102,"column":53},"end":{"line":102,"column":54}}]}},"s":{"0":0,"1":0,"2":0,"3":0,"4":0,"5":0,"6":0,"7":0,"8":0,"9":0,"10":0,"11":0,"12":0,"13":0,"14":0,"15":0,"16":0,"17":0,"18":0,"19":0,"20":0,"21":0,"22":0,"23":0,"24":0,"25":0},"f":{"0":0,"1":0,"2":0,"3":0,"4":0},"b":{"0":[0,0],"1":[0,0]}}
,"C:\\xampp\\htdocs\\Whatsapp_CRM\\apps\\api\\src\\audit-logs\\audit-log.controller.ts": {"path":"C:\\xampp\\htdocs\\Whatsapp_CRM\\apps\\api\\src\\audit-logs\\audit-log.controller.ts","statementMap":{"0":{"start":{"line":1,"column":0},"end":{"line":1,"column":56}},"1":{"start":{"line":2,"column":0},"end":{"line":2,"column":52}},"2":{"start":{"line":3,"column":0},"end":{"line":3,"column":78}},"3":{"start":{"line":4,"column":0},"end":{"line":4,"column":54}},"4":{"start":{"line":5,"column":0},"end":{"line":5,"column":63}},"5":{"start":{"line":9,"column":7},"end":{"line":16,"column":null}},"6":{"start":{"line":10,"column":31},"end":{"line":10,"column":48}},"7":{"start":{"line":14,"column":4},"end":{"line":14,"column":47}},"8":{"start":{"line":9,"column":13},"end":{"line":9,"column":31}},"9":{"start":{"line":13,"column":2},"end":{"line":15,"column":null}},"10":{"start":{"line":9,"column":13},"end":{"line":16,"column":null}}},"fnMap":{"0":{"name":"(anonymous_4)","decl":{"start":{"line":10,"column":2},"end":{"line":10,"column":31}},"loc":{"start":{"line":10,"column":63},"end":{"line":10,"column":67}}},"1":{"name":"(anonymous_5)","decl":{"start":{"line":13,"column":2},"end":{"line":13,"column":9}},"loc":{"start":{"line":13,"column":43},"end":{"line":15,"column":3}}}},"branchMap":{},"s":{"0":0,"1":0,"2":0,"3":0,"4":0,"5":0,"6":0,"7":0,"8":0,"9":0,"10":0},"f":{"0":0,"1":0},"b":{}}
,"C:\\xampp\\htdocs\\Whatsapp_CRM\\apps\\api\\src\\audit-logs\\audit-log.interceptor.ts": {"path":"C:\\xampp\\htdocs\\Whatsapp_CRM\\apps\\api\\src\\audit-logs\\audit-log.interceptor.ts","statementMap":{"0":{"start":{"line":1,"column":0},"end":{"line":1,"column":null}},"1":{"start":{"line":7,"column":0},"end":{"line":7,"column":41}},"2":{"start":{"line":8,"column":0},"end":{"line":8,"column":39}},"3":{"start":{"line":10,"column":0},"end":{"line":10,"column":68}},"4":{"start":{"line":11,"column":0},"end":{"line":11,"column":54}},"5":{"start":{"line":22,"column":7},"end":{"line":49,"column":null}},"6":{"start":{"line":24,"column":21},"end":{"line":24,"column":32}},"7":{"start":{"line":25,"column":21},"end":{"line":25,"column":38}},"8":{"start":{"line":29,"column":17},"end":{"line":29,"column":79}},"9":{"start":{"line":30,"column":4},"end":{"line":30,"column":36}},"10":{"start":{"line":30,"column":15},"end":{"line":30,"column":36}},"11":{"start":{"line":32,"column":20},"end":{"line":32,"column":73}},"12":{"start":{"line":34,"column":4},"end":{"line":47,"column":6}},"13":{"start":{"line":36,"column":21},"end":{"line":36,"column":72}},"14":{"start":{"line":38,"column":10},"end":{"line":38,"column":76}},"15":{"start":{"line":39,"column":8},"end":{"line":45,"column":11}},"16":{"start":{"line":22,"column":13},"end":{"line":22,"column":32}},"17":{"start":{"line":22,"column":13},"end":{"line":49,"column":null}}},"fnMap":{"0":{"name":"(anonymous_2)","decl":{"start":{"line":23,"column":2},"end":{"line":23,"column":null}},"loc":{"start":{"line":25,"column":53},"end":{"line":26,"column":6}}},"1":{"name":"(anonymous_3)","decl":{"start":{"line":28,"column":2},"end":{"line":28,"column":11}},"loc":{"start":{"line":28,"column":56},"end":{"line":48,"column":3}}},"2":{"name":"(anonymous_4)","decl":{"start":{"line":35,"column":10},"end":{"line":35,"column":11}},"loc":{"start":{"line":35,"column":30},"end":{"line":46,"column":7}}}},"branchMap":{"0":{"loc":{"start":{"line":30,"column":4},"end":{"line":30,"column":36}},"type":"if","locations":[{"start":{"line":30,"column":4},"end":{"line":30,"column":36}}]},"1":{"loc":{"start":{"line":38,"column":10},"end":{"line":38,"column":76}},"type":"binary-expr","locations":[{"start":{"line":38,"column":10},"end":{"line":38,"column":18}},{"start":{"line":38,"column":22},"end":{"line":38,"column":31}},{"start":{"line":38,"column":35},"end":{"line":38,"column":53}},{"start":{"line":38,"column":57},"end":{"line":38,"column":76}}]}},"s":{"0":0,"1":0,"2":0,"3":0,"4":0,"5":0,"6":0,"7":0,"8":0,"9":0,"10":0,"11":0,"12":0,"13":0,"14":0,"15":0,"16":0,"17":0},"f":{"0":0,"1":0,"2":0},"b":{"0":[0],"1":[0,0,0,0]}}
,"C:\\xampp\\htdocs\\Whatsapp_CRM\\apps\\api\\src\\audit-logs\\audit-log.module.ts": {"path":"C:\\xampp\\htdocs\\Whatsapp_CRM\\apps\\api\\src\\audit-logs\\audit-log.module.ts","statementMap":{"0":{"start":{"line":1,"column":0},"end":{"line":1,"column":40}},"1":{"start":{"line":2,"column":0},"end":{"line":2,"column":60}},"2":{"start":{"line":3,"column":0},"end":{"line":3,"column":62}},"3":{"start":{"line":4,"column":0},"end":{"line":4,"column":54}},"4":{"start":{"line":11,"column":7},"end":{"line":11,"column":null}},"5":{"start":{"line":11,"column":13},"end":{"line":11,"column":27}},"6":{"start":{"line":11,"column":13},"end":{"line":11,"column":null}}},"fnMap":{},"branchMap":{},"s":{"0":0,"1":0,"2":0,"3":0,"4":0,"5":0,"6":0},"f":{},"b":{}}
,"C:\\xampp\\htdocs\\Whatsapp_CRM\\apps\\api\\src\\audit-logs\\audit-log.service.ts": {"path":"C:\\xampp\\htdocs\\Whatsapp_CRM\\apps\\api\\src\\audit-logs\\audit-log.service.ts","statementMap":{"0":{"start":{"line":1,"column":0},"end":{"line":1,"column":52}},"1":{"start":{"line":3,"column":0},"end":{"line":3,"column":57}},"2":{"start":{"line":4,"column":0},"end":{"line":4,"column":52}},"3":{"start":{"line":17,"column":28},"end":{"line":64,"column":null}},"4":{"start":{"line":20,"column":31},"end":{"line":20,"column":39}},"5":{"start":{"line":18,"column":19},"end":{"line":18,"column":61}},"6":{"start":{"line":26,"column":4},"end":{"line":39,"column":5}},"7":{"start":{"line":27,"column":6},"end":{"line":36,"column":9}},"8":{"start":{"line":38,"column":6},"end":{"line":38,"column":74}},"9":{"start":{"line":43,"column":18},"end":{"line":47,"column":6}},"10":{"start":{"line":48,"column":26},"end":{"line":61,"column":6}},"11":{"start":{"line":62,"column":4},"end":{"line":62,"column":61}},"12":{"start":{"line":17,"column":13},"end":{"line":17,"column":28}},"13":{"start":{"line":17,"column":13},"end":{"line":64,"column":null}}},"fnMap":{"0":{"name":"(anonymous_2)","decl":{"start":{"line":20,"column":2},"end":{"line":20,"column":31}},"loc":{"start":{"line":20,"column":52},"end":{"line":20,"column":56}}},"1":{"name":"(anonymous_3)","decl":{"start":{"line":25,"column":2},"end":{"line":25,"column":7}},"loc":{"start":{"line":25,"column":32},"end":{"line":40,"column":3}}},"2":{"name":"(anonymous_4)","decl":{"start":{"line":42,"column":2},"end":{"line":42,"column":7}},"loc":{"start":{"line":42,"column":40},"end":{"line":63,"column":3}}}},"branchMap":{"0":{"loc":{"start":{"line":44,"column":10},"end":{"line":44,"column":54}},"type":"cond-expr","locations":[{"start":{"line":44,"column":25},"end":{"line":44,"column":49}},{"start":{"line":44,"column":52},"end":{"line":44,"column":54}}]},"1":{"loc":{"start":{"line":45,"column":10},"end":{"line":45,"column":66}},"type":"cond-expr","locations":[{"start":{"line":45,"column":29},"end":{"line":45,"column":61}},{"start":{"line":45,"column":64},"end":{"line":45,"column":66}}]},"2":{"loc":{"start":{"line":46,"column":10},"end":{"line":46,"column":54}},"type":"cond-expr","locations":[{"start":{"line":46,"column":25},"end":{"line":46,"column":49}},{"start":{"line":46,"column":52},"end":{"line":46,"column":54}}]}},"s":{"0":0,"1":0,"2":0,"3":0,"4":0,"5":0,"6":0,"7":0,"8":0,"9":0,"10":0,"11":0,"12":0,"13":0},"f":{"0":0,"1":0,"2":0},"b":{"0":[0,0],"1":[0,0],"2":[0,0]}}
,"C:\\xampp\\htdocs\\Whatsapp_CRM\\apps\\api\\src\\audit-logs\\decorators\\audit.decorator.ts": {"path":"C:\\xampp\\htdocs\\Whatsapp_CRM\\apps\\api\\src\\audit-logs\\decorators\\audit.decorator.ts","statementMap":{"0":{"start":{"line":1,"column":0},"end":{"line":1,"column":45}},"1":{"start":{"line":3,"column":13},"end":{"line":3,"column":33}},"2":{"start":{"line":11,"column":21},"end":{"line":12,"column":61}},"3":{"start":{"line":12,"column":2},"end":{"line":12,"column":61}},"4":{"start":{"line":11,"column":13},"end":{"line":11,"column":21}}},"fnMap":{"0":{"name":"(anonymous_0)","decl":{"start":{"line":11,"column":21},"end":{"line":11,"column":22}},"loc":{"start":{"line":12,"column":2},"end":{"line":12,"column":61}}}},"branchMap":{},"s":{"0":0,"1":0,"2":0,"3":0,"4":0},"f":{"0":0},"b":{}}
,"C:\\xampp\\htdocs\\Whatsapp_CRM\\apps\\api\\src\\audit-logs\\dto\\query-audit-logs.dto.ts": {"path":"C:\\xampp\\htdocs\\Whatsapp_CRM\\apps\\api\\src\\audit-logs\\dto\\query-audit-logs.dto.ts","statementMap":{"0":{"start":{"line":1,"column":0},"end":{"line":1,"column":55}},"1":{"start":{"line":2,"column":0},"end":{"line":2,"column":65}},"2":{"start":{"line":4,"column":0},"end":{"line":4,"column":13}},"3":{"start":{"line":7,"column":2},"end":{"line":7,"column":null}},"4":{"start":{"line":11,"column":2},"end":{"line":11,"column":null}},"5":{"start":{"line":15,"column":2},"end":{"line":15,"column":null}}},"fnMap":{},"branchMap":{},"s":{"0":0,"1":0,"2":0,"3":0,"4":0,"5":0},"f":{},"b":{}}
,"C:\\xampp\\htdocs\\Whatsapp_CRM\\apps\\api\\src\\auth\\auth.controller.ts": {"path":"C:\\xampp\\htdocs\\Whatsapp_CRM\\apps\\api\\src\\auth\\auth.controller.ts","statementMap":{"0":{"start":{"line":1,"column":0},"end":{"line":1,"column":null}},"1":{"start":{"line":12,"column":0},"end":{"line":12,"column":47}},"2":{"start":{"line":13,"column":0},"end":{"line":13,"column":45}},"3":{"start":{"line":15,"column":0},"end":{"line":15,"column":56}},"4":{"start":{"line":16,"column":0},"end":{"line":16,"column":66}},"5":{"start":{"line":17,"column":0},"end":{"line":17,"column":55}},"6":{"start":{"line":18,"column":0},"end":{"line":18,"column":43}},"7":{"start":{"line":20,"column":0},"end":{"line":20,"column":54}},"8":{"start":{"line":22,"column":28},"end":{"line":22,"column":43}},"9":{"start":{"line":23,"column":28},"end":{"line":23,"column":39}},"10":{"start":{"line":26,"column":7},"end":{"line":136,"column":null}},"11":{"start":{"line":28,"column":21},"end":{"line":28,"column":34}},"12":{"start":{"line":29,"column":21},"end":{"line":29,"column":35}},"13":{"start":{"line":30,"column":21},"end":{"line":30,"column":29}},"14":{"start":{"line":45,"column":17},"end":{"line":47,"column":null}},"15":{"start":{"line":49,"column":19},"end":{"line":49,"column":76}},"16":{"start":{"line":50,"column":4},"end":{"line":50,"column":39}},"17":{"start":{"line":52,"column":4},"end":{"line":55,"column":6}},"18":{"start":{"line":68,"column":28},"end":{"line":68,"column":62}},"19":{"start":{"line":69,"column":4},"end":{"line":71,"column":5}},"20":{"start":{"line":70,"column":6},"end":{"line":70,"column":63}},"21":{"start":{"line":73,"column":19},"end":{"line":75,"column":null}},"22":{"start":{"line":77,"column":4},"end":{"line":77,"column":39}},"23":{"start":{"line":79,"column":4},"end":{"line":79,"column":47}},"24":{"start":{"line":86,"column":28},"end":{"line":86,"column":62}},"25":{"start":{"line":87,"column":4},"end":{"line":87,"column":51}},"26":{"start":{"line":88,"column":4},"end":{"line":88,"column":72}},"27":{"start":{"line":89,"column":4},"end":{"line":89,"column":29}},"28":{"start":{"line":94,"column":21},"end":{"line":94,"column":62}},"29":{"start":{"line":95,"column":4},"end":{"line":97,"column":5}},"30":{"start":{"line":96,"column":6},"end":{"line":96,"column":40}},"31":{"start":{"line":98,"column":4},"end":{"line":98,"column":39}},"32":{"start":{"line":109,"column":4},"end":{"line":117,"column":6}},"33":{"start":{"line":116,"column":52},"end":{"line":116,"column":57}},"34":{"start":{"line":121,"column":4},"end":{"line":127,"column":7}},"35":{"start":{"line":131,"column":4},"end":{"line":134,"column":6}},"36":{"start":{"line":26,"column":13},"end":{"line":26,"column":27}},"37":{"start":{"line":40,"column":8},"end":{"line":56,"column":null}},"38":{"start":{"line":64,"column":8},"end":{"line":80,"column":null}},"39":{"start":{"line":85,"column":8},"end":{"line":90,"column":null}},"40":{"start":{"line":93,"column":8},"end":{"line":99,"column":null}},"41":{"start":{"line":26,"column":13},"end":{"line":136,"column":null}}},"fnMap":{"0":{"name":"(anonymous_4)","decl":{"start":{"line":27,"column":2},"end":{"line":27,"column":null}},"loc":{"start":{"line":30,"column":42},"end":{"line":31,"column":6}}},"1":{"name":"(anonymous_5)","decl":{"start":{"line":40,"column":2},"end":{"line":40,"column":7}},"loc":{"start":{"line":43,"column":45},"end":{"line":56,"column":3}}},"2":{"name":"(anonymous_6)","decl":{"start":{"line":64,"column":2},"end":{"line":64,"column":7}},"loc":{"start":{"line":66,"column":45},"end":{"line":80,"column":3}}},"3":{"name":"(anonymous_7)","decl":{"start":{"line":85,"column":2},"end":{"line":85,"column":7}},"loc":{"start":{"line":85,"column":77},"end":{"line":90,"column":3}}},"4":{"name":"(anonymous_8)","decl":{"start":{"line":93,"column":2},"end":{"line":93,"column":7}},"loc":{"start":{"line":93,"column":49},"end":{"line":99,"column":3}}},"5":{"name":"(anonymous_9)","decl":{"start":{"line":101,"column":10},"end":{"line":101,"column":22}},"loc":{"start":{"line":108,"column":3},"end":{"line":118,"column":3}}},"6":{"name":"(anonymous_10)","decl":{"start":{"line":116,"column":45},"end":{"line":116,"column":46}},"loc":{"start":{"line":116,"column":52},"end":{"line":116,"column":57}}},"7":{"name":"(anonymous_11)","decl":{"start":{"line":120,"column":10},"end":{"line":120,"column":26}},"loc":{"start":{"line":120,"column":59},"end":{"line":128,"column":3}}},"8":{"name":"(anonymous_12)","decl":{"start":{"line":130,"column":10},"end":{"line":130,"column":21}},"loc":{"start":{"line":130,"column":34},"end":{"line":135,"column":3}}}},"branchMap":{"0":{"loc":{"start":{"line":69,"column":4},"end":{"line":71,"column":5}},"type":"if","locations":[{"start":{"line":69,"column":4},"end":{"line":71,"column":5}}]},"1":{"loc":{"start":{"line":95,"column":4},"end":{"line":97,"column":5}},"type":"if","locations":[{"start":{"line":95,"column":4},"end":{"line":97,"column":5}}]}},"s":{"0":0,"1":0,"2":0,"3":0,"4":0,"5":0,"6":0,"7":0,"8":0,"9":0,"10":0,"11":0,"12":0,"13":0,"14":0,"15":0,"16":0,"17":0,"18":0,"19":0,"20":0,"21":0,"22":0,"23":0,"24":0,"25":0,"26":0,"27":0,"28":0,"29":0,"30":0,"31":0,"32":0,"33":0,"34":0,"35":0,"36":0,"37":0,"38":0,"39":0,"40":0,"41":0},"f":{"0":0,"1":0,"2":0,"3":0,"4":0,"5":0,"6":0,"7":0,"8":0},"b":{"0":[0],"1":[0]}}
,"C:\\xampp\\htdocs\\Whatsapp_CRM\\apps\\api\\src\\auth\\auth.module.ts": {"path":"C:\\xampp\\htdocs\\Whatsapp_CRM\\apps\\api\\src\\auth\\auth.module.ts","statementMap":{"0":{"start":{"line":1,"column":0},"end":{"line":1,"column":40}},"1":{"start":{"line":2,"column":0},"end":{"line":2,"column":40}},"2":{"start":{"line":3,"column":0},"end":{"line":3,"column":50}},"3":{"start":{"line":4,"column":0},"end":{"line":4,"column":52}},"4":{"start":{"line":5,"column":0},"end":{"line":5,"column":51}},"5":{"start":{"line":6,"column":0},"end":{"line":6,"column":45}},"6":{"start":{"line":7,"column":0},"end":{"line":7,"column":56}},"7":{"start":{"line":14,"column":7},"end":{"line":14,"column":null}},"8":{"start":{"line":14,"column":13},"end":{"line":14,"column":23}},"9":{"start":{"line":14,"column":13},"end":{"line":14,"column":null}}},"fnMap":{},"branchMap":{},"s":{"0":0,"1":0,"2":0,"3":0,"4":0,"5":0,"6":0,"7":0,"8":0,"9":0},"f":{},"b":{}}
,"C:\\xampp\\htdocs\\Whatsapp_CRM\\apps\\api\\src\\auth\\auth.service.ts": {"path":"C:\\xampp\\htdocs\\Whatsapp_CRM\\apps\\api\\src\\auth\\auth.service.ts","statementMap":{"0":{"start":{"line":1,"column":0},"end":{"line":1,"column":67}},"1":{"start":{"line":2,"column":0},"end":{"line":2,"column":47}},"2":{"start":{"line":3,"column":0},"end":{"line":3,"column":41}},"3":{"start":{"line":4,"column":0},"end":{"line":4,"column":35}},"4":{"start":{"line":5,"column":0},"end":{"line":5,"column":57}},"5":{"start":{"line":6,"column":0},"end":{"line":6,"column":68}},"6":{"start":{"line":21,"column":7},"end":{"line":159,"column":null}},"7":{"start":{"line":23,"column":21},"end":{"line":23,"column":35}},"8":{"start":{"line":24,"column":21},"end":{"line":24,"column":29}},"9":{"start":{"line":25,"column":21},"end":{"line":25,"column":33}},"10":{"start":{"line":26,"column":21},"end":{"line":26,"column":29}},"11":{"start":{"line":33,"column":17},"end":{"line":33,"column":59}},"12":{"start":{"line":34,"column":4},"end":{"line":36,"column":5}},"13":{"start":{"line":35,"column":6},"end":{"line":35,"column":67}},"14":{"start":{"line":38,"column":28},"end":{"line":38,"column":77}},"15":{"start":{"line":39,"column":4},"end":{"line":41,"column":5}},"16":{"start":{"line":40,"column":6},"end":{"line":40,"column":67}},"17":{"start":{"line":43,"column":4},"end":{"line":43,"column":16}},"18":{"start":{"line":50,"column":24},"end":{"line":50,"column":50}},"19":{"start":{"line":52,"column":6},"end":{"line":52,"column":49}},"20":{"start":{"line":53,"column":4},"end":{"line":53,"column":64}},"21":{"start":{"line":60,"column":20},"end":{"line":60,"column":66}},"22":{"start":{"line":62,"column":21},"end":{"line":64,"column":6}},"23":{"start":{"line":66,"column":4},"end":{"line":68,"column":5}},"24":{"start":{"line":67,"column":6},"end":{"line":67,"column":63}},"25":{"start":{"line":70,"column":4},"end":{"line":78,"column":5}},"26":{"start":{"line":73,"column":6},"end":{"line":76,"column":9}},"27":{"start":{"line":77,"column":6},"end":{"line":77,"column":74}},"28":{"start":{"line":80,"column":17},"end":{"line":80,"column":66}},"29":{"start":{"line":81,"column":4},"end":{"line":83,"column":5}},"30":{"start":{"line":82,"column":6},"end":{"line":82,"column":66}},"31":{"start":{"line":85,"column":4},"end":{"line":88,"column":7}},"32":{"start":{"line":90,"column":24},"end":{"line":90,"column":50}},"33":{"start":{"line":92,"column":6},"end":{"line":92,"column":49}},"34":{"start":{"line":93,"column":4},"end":{"line":93,"column":64}},"35":{"start":{"line":97,"column":4},"end":{"line":97,"column":33}},"36":{"start":{"line":97,"column":26},"end":{"line":97,"column":33}},"37":{"start":{"line":99,"column":4},"end":{"line":107,"column":5}},"38":{"start":{"line":100,"column":22},"end":{"line":100,"column":68}},"39":{"start":{"line":101,"column":6},"end":{"line":104,"column":9}},"40":{"start":{"line":111,"column":38},"end":{"line":116,"column":6}},"41":{"start":{"line":115,"column":52},"end":{"line":115,"column":57}},"42":{"start":{"line":117,"column":4},"end":{"line":120,"column":7}},"43":{"start":{"line":124,"column":16},"end":{"line":124,"column":59}},"44":{"start":{"line":125,"column":18},"end":{"line":125,"column":33}},"45":{"start":{"line":126,"column":22},"end":{"line":126,"column":50}},"46":{"start":{"line":128,"column":16},"end":{"line":135,"column":6}},"47":{"start":{"line":137,"column":25},"end":{"line":142,"column":null}},"48":{"start":{"line":145,"column":4},"end":{"line":145,"column":62}},"49":{"start":{"line":151,"column":4},"end":{"line":157,"column":5}},"50":{"start":{"line":152,"column":6},"end":{"line":154,"column":9}},"51":{"start":{"line":156,"column":6},"end":{"line":156,"column":63}},"52":{"start":{"line":21,"column":13},"end":{"line":21,"column":24}},"53":{"start":{"line":21,"column":13},"end":{"line":159,"column":null}},"54":{"start":{"line":162,"column":16},"end":{"line":162,"column":43}},"55":{"start":{"line":163,"column":2},"end":{"line":163,"column":45}},"56":{"start":{"line":163,"column":14},"end":{"line":163,"column":45}},"57":{"start":{"line":164,"column":16},"end":{"line":164,"column":32}},"58":{"start":{"line":165,"column":15},"end":{"line":165,"column":23}},"59":{"start":{"line":166,"column":17},"end":{"line":166,"column":75}},"60":{"start":{"line":167,"column":2},"end":{"line":167,"column":24}}},"fnMap":{"0":{"name":"(anonymous_11)","decl":{"start":{"line":22,"column":2},"end":{"line":22,"column":null}},"loc":{"start":{"line":26,"column":42},"end":{"line":27,"column":6}}},"1":{"name":"(anonymous_12)","decl":{"start":{"line":29,"column":2},"end":{"line":29,"column":7}},"loc":{"start":{"line":31,"column":20},"end":{"line":44,"column":3}}},"2":{"name":"(anonymous_13)","decl":{"start":{"line":46,"column":2},"end":{"line":46,"column":7}},"loc":{"start":{"line":48,"column":21},"end":{"line":54,"column":3}}},"3":{"name":"(anonymous_14)","decl":{"start":{"line":56,"column":2},"end":{"line":56,"column":7}},"loc":{"start":{"line":58,"column":21},"end":{"line":94,"column":3}}},"4":{"name":"(anonymous_15)","decl":{"start":{"line":96,"column":2},"end":{"line":96,"column":7}},"loc":{"start":{"line":96,"column":50},"end":{"line":108,"column":3}}},"5":{"name":"(anonymous_16)","decl":{"start":{"line":110,"column":10},"end":{"line":110,"column":25}},"loc":{"start":{"line":110,"column":57},"end":{"line":121,"column":3}}},"6":{"name":"(anonymous_17)","decl":{"start":{"line":115,"column":45},"end":{"line":115,"column":46}},"loc":{"start":{"line":115,"column":52},"end":{"line":115,"column":57}}},"7":{"name":"(anonymous_18)","decl":{"start":{"line":123,"column":10},"end":{"line":123,"column":15}},"loc":{"start":{"line":123,"column":67},"end":{"line":146,"column":3}}},"8":{"name":"(anonymous_19)","decl":{"start":{"line":148,"column":10},"end":{"line":148,"column":15}},"loc":{"start":{"line":149,"column":27},"end":{"line":158,"column":3}}},"9":{"name":"parseTtlMs","decl":{"start":{"line":161,"column":9},"end":{"line":161,"column":19}},"loc":{"start":{"line":161,"column":31},"end":{"line":168,"column":1}}}},"branchMap":{"0":{"loc":{"start":{"line":34,"column":4},"end":{"line":36,"column":5}},"type":"if","locations":[{"start":{"line":34,"column":4},"end":{"line":36,"column":5}}]},"1":{"loc":{"start":{"line":34,"column":8},"end":{"line":34,"column":31}},"type":"binary-expr","locations":[{"start":{"line":34,"column":8},"end":{"line":34,"column":13}},{"start":{"line":34,"column":17},"end":{"line":34,"column":31}}]},"2":{"loc":{"start":{"line":39,"column":4},"end":{"line":41,"column":5}},"type":"if","locations":[{"start":{"line":39,"column":4},"end":{"line":41,"column":5}}]},"3":{"loc":{"start":{"line":66,"column":4},"end":{"line":68,"column":5}},"type":"if","locations":[{"start":{"line":66,"column":4},"end":{"line":68,"column":5}}]},"4":{"loc":{"start":{"line":66,"column":8},"end":{"line":66,"column":52}},"type":"binary-expr","locations":[{"start":{"line":66,"column":8},"end":{"line":66,"column":17}},{"start":{"line":66,"column":21},"end":{"line":66,"column":52}}]},"5":{"loc":{"start":{"line":70,"column":4},"end":{"line":78,"column":5}},"type":"if","locations":[{"start":{"line":70,"column":4},"end":{"line":78,"column":5}}]},"6":{"loc":{"start":{"line":70,"column":8},"end":{"line":70,"column":61}},"type":"binary-expr","locations":[{"start":{"line":70,"column":8},"end":{"line":70,"column":26}},{"start":{"line":70,"column":30},"end":{"line":70,"column":61}}]},"7":{"loc":{"start":{"line":81,"column":4},"end":{"line":83,"column":5}},"type":"if","locations":[{"start":{"line":81,"column":4},"end":{"line":83,"column":5}}]},"8":{"loc":{"start":{"line":81,"column":8},"end":{"line":81,"column":31}},"type":"binary-expr","locations":[{"start":{"line":81,"column":8},"end":{"line":81,"column":13}},{"start":{"line":81,"column":17},"end":{"line":81,"column":31}}]},"9":{"loc":{"start":{"line":97,"column":4},"end":{"line":97,"column":33}},"type":"if","locations":[{"start":{"line":97,"column":4},"end":{"line":97,"column":33}}]},"10":{"loc":{"start":{"line":163,"column":2},"end":{"line":163,"column":45}},"type":"if","locations":[{"start":{"line":163,"column":2},"end":{"line":163,"column":45}}]}},"s":{"0":0,"1":0,"2":0,"3":0,"4":0,"5":0,"6":0,"7":0,"8":0,"9":0,"10":0,"11":0,"12":0,"13":0,"14":0,"15":0,"16":0,"17":0,"18":0,"19":0,"20":0,"21":0,"22":0,"23":0,"24":0,"25":0,"26":0,"27":0,"28":0,"29":0,"30":0,"31":0,"32":0,"33":0,"34":0,"35":0,"36":0,"37":0,"38":0,"39":0,"40":0,"41":0,"42":0,"43":0,"44":0,"45":0,"46":0,"47":0,"48":0,"49":0,"50":0,"51":0,"52":0,"53":0,"54":0,"55":0,"56":0,"57":0,"58":0,"59":0,"60":0},"f":{"0":0,"1":0,"2":0,"3":0,"4":0,"5":0,"6":0,"7":0,"8":0,"9":0},"b":{"0":[0],"1":[0,0],"2":[0],"3":[0],"4":[0,0],"5":[0],"6":[0,0],"7":[0],"8":[0,0],"9":[0],"10":[0]}}
,"C:\\xampp\\htdocs\\Whatsapp_CRM\\apps\\api\\src\\auth\\decorators\\current-user.decorator.ts": {"path":"C:\\xampp\\htdocs\\Whatsapp_CRM\\apps\\api\\src\\auth\\decorators\\current-user.decorator.ts","statementMap":{"0":{"start":{"line":1,"column":0},"end":{"line":1,"column":72}},"1":{"start":{"line":4,"column":13},"end":{"line":9,"column":2}},"2":{"start":{"line":6,"column":20},"end":{"line":6,"column":51}},"3":{"start":{"line":7,"column":4},"end":{"line":7,"column":24}}},"fnMap":{"0":{"name":"(anonymous_0)","decl":{"start":{"line":5,"column":2},"end":{"line":5,"column":3}},"loc":{"start":{"line":5,"column":63},"end":{"line":8,"column":3}}}},"branchMap":{},"s":{"0":0,"1":0,"2":0,"3":0},"f":{"0":0},"b":{}}
,"C:\\xampp\\htdocs\\Whatsapp_CRM\\apps\\api\\src\\auth\\decorators\\permissions.decorator.ts": {"path":"C:\\xampp\\htdocs\\Whatsapp_CRM\\apps\\api\\src\\auth\\decorators\\permissions.decorator.ts","statementMap":{"0":{"start":{"line":1,"column":0},"end":{"line":1,"column":45}},"1":{"start":{"line":4,"column":13},"end":{"line":4,"column":45}},"2":{"start":{"line":5,"column":34},"end":{"line":6,"column":43}},"3":{"start":{"line":6,"column":2},"end":{"line":6,"column":43}},"4":{"start":{"line":5,"column":13},"end":{"line":5,"column":34}}},"fnMap":{"0":{"name":"(anonymous_0)","decl":{"start":{"line":5,"column":34},"end":{"line":5,"column":35}},"loc":{"start":{"line":6,"column":2},"end":{"line":6,"column":43}}}},"branchMap":{},"s":{"0":1,"1":1,"2":1,"3":0,"4":1},"f":{"0":0},"b":{}}
,"C:\\xampp\\htdocs\\Whatsapp_CRM\\apps\\api\\src\\auth\\decorators\\public.decorator.ts": {"path":"C:\\xampp\\htdocs\\Whatsapp_CRM\\apps\\api\\src\\auth\\decorators\\public.decorator.ts","statementMap":{"0":{"start":{"line":1,"column":0},"end":{"line":1,"column":45}},"1":{"start":{"line":3,"column":13},"end":{"line":3,"column":40}},"2":{"start":{"line":4,"column":22},"end":{"line":4,"column":60}},"3":{"start":{"line":4,"column":28},"end":{"line":4,"column":60}},"4":{"start":{"line":4,"column":13},"end":{"line":4,"column":22}}},"fnMap":{"0":{"name":"(anonymous_0)","decl":{"start":{"line":4,"column":22},"end":{"line":4,"column":25}},"loc":{"start":{"line":4,"column":28},"end":{"line":4,"column":60}}}},"branchMap":{},"s":{"0":1,"1":1,"2":1,"3":1,"4":1},"f":{"0":1},"b":{}}
,"C:\\xampp\\htdocs\\Whatsapp_CRM\\apps\\api\\src\\auth\\decorators\\roles.decorator.ts": {"path":"C:\\xampp\\htdocs\\Whatsapp_CRM\\apps\\api\\src\\auth\\decorators\\roles.decorator.ts","statementMap":{"0":{"start":{"line":1,"column":0},"end":{"line":1,"column":45}},"1":{"start":{"line":3,"column":13},"end":{"line":3,"column":33}},"2":{"start":{"line":4,"column":21},"end":{"line":4,"column":74}},"3":{"start":{"line":4,"column":45},"end":{"line":4,"column":74}},"4":{"start":{"line":4,"column":13},"end":{"line":4,"column":21}}},"fnMap":{"0":{"name":"(anonymous_0)","decl":{"start":{"line":4,"column":21},"end":{"line":4,"column":22}},"loc":{"start":{"line":4,"column":45},"end":{"line":4,"column":74}}}},"branchMap":{},"s":{"0":1,"1":1,"2":1,"3":0,"4":1},"f":{"0":0},"b":{}}
,"C:\\xampp\\htdocs\\Whatsapp_CRM\\apps\\api\\src\\auth\\dto\\login.dto.ts": {"path":"C:\\xampp\\htdocs\\Whatsapp_CRM\\apps\\api\\src\\auth\\dto\\login.dto.ts","statementMap":{"0":{"start":{"line":1,"column":0},"end":{"line":1,"column":63}},"1":{"start":{"line":3,"column":0},"end":{"line":3,"column":13}},"2":{"start":{"line":5,"column":2},"end":{"line":5,"column":null}},"3":{"start":{"line":9,"column":2},"end":{"line":9,"column":null}}},"fnMap":{},"branchMap":{},"s":{"0":0,"1":0,"2":0,"3":0},"f":{},"b":{}}
,"C:\\xampp\\htdocs\\Whatsapp_CRM\\apps\\api\\src\\auth\\guards\\jwt-auth.guard.ts": {"path":"C:\\xampp\\htdocs\\Whatsapp_CRM\\apps\\api\\src\\auth\\guards\\jwt-auth.guard.ts","statementMap":{"0":{"start":{"line":1,"column":0},"end":{"line":1,"column":62}},"1":{"start":{"line":2,"column":0},"end":{"line":2,"column":41}},"2":{"start":{"line":3,"column":0},"end":{"line":3,"column":45}},"3":{"start":{"line":4,"column":0},"end":{"line":4,"column":63}},"4":{"start":{"line":7,"column":7},"end":{"line":22,"column":null}},"5":{"start":{"line":9,"column":4},"end":{"line":9,"column":12}},"6":{"start":{"line":8,"column":31},"end":{"line":8,"column":42}},"7":{"start":{"line":13,"column":21},"end":{"line":16,"column":6}},"8":{"start":{"line":17,"column":4},"end":{"line":19,"column":5}},"9":{"start":{"line":18,"column":6},"end":{"line":18,"column":18}},"10":{"start":{"line":20,"column":4},"end":{"line":20,"column":38}},"11":{"start":{"line":7,"column":13},"end":{"line":7,"column":25}},"12":{"start":{"line":7,"column":13},"end":{"line":22,"column":null}}},"fnMap":{"0":{"name":"(anonymous_2)","decl":{"start":{"line":8,"column":2},"end":{"line":8,"column":31}},"loc":{"start":{"line":8,"column":51},"end":{"line":10,"column":3}}},"1":{"name":"(anonymous_3)","decl":{"start":{"line":12,"column":2},"end":{"line":12,"column":13}},"loc":{"start":{"line":12,"column":39},"end":{"line":21,"column":3}}}},"branchMap":{"0":{"loc":{"start":{"line":17,"column":4},"end":{"line":19,"column":5}},"type":"if","locations":[{"start":{"line":17,"column":4},"end":{"line":19,"column":5}}]}},"s":{"0":0,"1":0,"2":0,"3":0,"4":0,"5":0,"6":0,"7":0,"8":0,"9":0,"10":0,"11":0,"12":0},"f":{"0":0,"1":0},"b":{"0":[0]}}
,"C:\\xampp\\htdocs\\Whatsapp_CRM\\apps\\api\\src\\auth\\guards\\rbac.guard.ts": {"path":"C:\\xampp\\htdocs\\Whatsapp_CRM\\apps\\api\\src\\auth\\guards\\rbac.guard.ts","statementMap":{"0":{"start":{"line":1,"column":0},"end":{"line":1,"column":null}},"1":{"start":{"line":7,"column":0},"end":{"line":7,"column":41}},"2":{"start":{"line":9,"column":0},"end":{"line":9,"column":70}},"3":{"start":{"line":10,"column":0},"end":{"line":10,"column":58}},"4":{"start":{"line":14,"column":7},"end":{"line":50,"column":null}},"5":{"start":{"line":15,"column":31},"end":{"line":15,"column":42}},"6":{"start":{"line":18,"column":26},"end":{"line":20,"column":null}},"7":{"start":{"line":22,"column":32},"end":{"line":24,"column":66}},"8":{"start":{"line":26,"column":4},"end":{"line":28,"column":5}},"9":{"start":{"line":27,"column":6},"end":{"line":27,"column":18}},"10":{"start":{"line":30,"column":48},"end":{"line":32,"column":24}},"11":{"start":{"line":33,"column":4},"end":{"line":35,"column":5}},"12":{"start":{"line":34,"column":6},"end":{"line":34,"column":40}},"13":{"start":{"line":37,"column":4},"end":{"line":39,"column":5}},"14":{"start":{"line":38,"column":6},"end":{"line":38,"column":56}},"15":{"start":{"line":41,"column":4},"end":{"line":46,"column":5}},"16":{"start":{"line":43,"column":40},"end":{"line":43,"column":68}},"17":{"start":{"line":45,"column":6},"end":{"line":45,"column":63}},"18":{"start":{"line":48,"column":4},"end":{"line":48,"column":16}},"19":{"start":{"line":14,"column":13},"end":{"line":14,"column":22}},"20":{"start":{"line":14,"column":13},"end":{"line":50,"column":null}}},"fnMap":{"0":{"name":"(anonymous_2)","decl":{"start":{"line":15,"column":2},"end":{"line":15,"column":31}},"loc":{"start":{"line":15,"column":51},"end":{"line":15,"column":55}}},"1":{"name":"(anonymous_3)","decl":{"start":{"line":17,"column":2},"end":{"line":17,"column":13}},"loc":{"start":{"line":17,"column":39},"end":{"line":49,"column":3}}},"2":{"name":"(anonymous_4)","decl":{"start":{"line":43,"column":33},"end":{"line":43,"column":34}},"loc":{"start":{"line":43,"column":40},"end":{"line":43,"column":68}}}},"branchMap":{"0":{"loc":{"start":{"line":26,"column":4},"end":{"line":28,"column":5}},"type":"if","locations":[{"start":{"line":26,"column":4},"end":{"line":28,"column":5}}]},"1":{"loc":{"start":{"line":26,"column":8},"end":{"line":26,"column":62}},"type":"binary-expr","locations":[{"start":{"line":26,"column":8},"end":{"line":26,"column":30}},{"start":{"line":26,"column":34},"end":{"line":26,"column":62}}]},"2":{"loc":{"start":{"line":33,"column":4},"end":{"line":35,"column":5}},"type":"if","locations":[{"start":{"line":33,"column":4},"end":{"line":35,"column":5}}]},"3":{"loc":{"start":{"line":37,"column":4},"end":{"line":39,"column":5}},"type":"if","locations":[{"start":{"line":37,"column":4},"end":{"line":39,"column":5}}]},"4":{"loc":{"start":{"line":37,"column":8},"end":{"line":37,"column":67}},"type":"binary-expr","locations":[{"start":{"line":37,"column":8},"end":{"line":37,"column":29}},{"start":{"line":37,"column":33},"end":{"line":37,"column":67}}]},"5":{"loc":{"start":{"line":41,"column":4},"end":{"line":46,"column":5}},"type":"if","locations":[{"start":{"line":41,"column":4},"end":{"line":46,"column":5}}]},"6":{"loc":{"start":{"line":42,"column":6},"end":{"line":43,"column":69}},"type":"binary-expr","locations":[{"start":{"line":42,"column":6},"end":{"line":42,"column":33}},{"start":{"line":43,"column":6},"end":{"line":43,"column":69}}]}},"s":{"0":1,"1":1,"2":1,"3":1,"4":1,"5":6,"6":6,"7":6,"8":6,"9":1,"10":5,"11":5,"12":1,"13":4,"14":1,"15":3,"16":2,"17":1,"18":2,"19":1,"20":1},"f":{"0":6,"1":6,"2":2},"b":{"0":[1],"1":[6,4],"2":[1],"3":[1],"4":[4,2],"5":[1],"6":[3,2]}}
,"C:\\xampp\\htdocs\\Whatsapp_CRM\\apps\\api\\src\\auth\\strategies\\jwt.strategy.ts": {"path":"C:\\xampp\\htdocs\\Whatsapp_CRM\\apps\\api\\src\\auth\\strategies\\jwt.strategy.ts","statementMap":{"0":{"start":{"line":1,"column":0},"end":{"line":1,"column":44}},"1":{"start":{"line":2,"column":0},"end":{"line":2,"column":47}},"2":{"start":{"line":3,"column":0},"end":{"line":3,"column":52}},"3":{"start":{"line":4,"column":0},"end":{"line":4,"column":52}},"4":{"start":{"line":8,"column":7},"end":{"line":25,"column":null}},"5":{"start":{"line":10,"column":4},"end":{"line":14,"column":7}},"6":{"start":{"line":18,"column":4},"end":{"line":23,"column":6}},"7":{"start":{"line":8,"column":13},"end":{"line":8,"column":24}},"8":{"start":{"line":8,"column":13},"end":{"line":25,"column":null}}},"fnMap":{"0":{"name":"(anonymous_2)","decl":{"start":{"line":9,"column":2},"end":{"line":9,"column":14}},"loc":{"start":{"line":9,"column":35},"end":{"line":15,"column":3}}},"1":{"name":"(anonymous_3)","decl":{"start":{"line":17,"column":2},"end":{"line":17,"column":10}},"loc":{"start":{"line":17,"column":36},"end":{"line":24,"column":3}}}},"branchMap":{},"s":{"0":0,"1":0,"2":0,"3":0,"4":0,"5":0,"6":0,"7":0,"8":0},"f":{"0":0,"1":0},"b":{}}
,"C:\\xampp\\htdocs\\Whatsapp_CRM\\apps\\api\\src\\automations\\automations-listener.service.ts": {"path":"C:\\xampp\\htdocs\\Whatsapp_CRM\\apps\\api\\src\\automations\\automations-listener.service.ts","statementMap":{"0":{"start":{"line":1,"column":0},"end":{"line":1,"column":52}},"1":{"start":{"line":2,"column":0},"end":{"line":2,"column":48}},"2":{"start":{"line":3,"column":0},"end":{"line":3,"column":57}},"3":{"start":{"line":4,"column":0},"end":{"line":4,"column":63}},"4":{"start":{"line":5,"column":0},"end":{"line":5,"column":70}},"5":{"start":{"line":6,"column":0},"end":{"line":6,"column":null}},"6":{"start":{"line":10,"column":0},"end":{"line":10,"column":66}},"7":{"start":{"line":26,"column":39},"end":{"line":105,"column":null}},"8":{"start":{"line":30,"column":21},"end":{"line":30,"column":29}},"9":{"start":{"line":31,"column":21},"end":{"line":31,"column":38}},"10":{"start":{"line":32,"column":21},"end":{"line":32,"column":43}},"11":{"start":{"line":33,"column":21},"end":{"line":33,"column":39}},"12":{"start":{"line":27,"column":19},"end":{"line":27,"column":72}},"13":{"start":{"line":38,"column":20},"end":{"line":38,"column":58}},"14":{"start":{"line":39,"column":4},"end":{"line":39,"column":48}},"15":{"start":{"line":39,"column":41},"end":{"line":39,"column":48}},"16":{"start":{"line":41,"column":24},"end":{"line":43,"column":6}},"17":{"start":{"line":44,"column":4},"end":{"line":44,"column":41}},"18":{"start":{"line":44,"column":34},"end":{"line":44,"column":41}},"19":{"start":{"line":46,"column":25},"end":{"line":49,"column":6}},"20":{"start":{"line":50,"column":4},"end":{"line":50,"column":30}},"21":{"start":{"line":50,"column":23},"end":{"line":50,"column":30}},"22":{"start":{"line":52,"column":4},"end":{"line":63,"column":5}},"23":{"start":{"line":53,"column":22},"end":{"line":53,"column":52}},"24":{"start":{"line":54,"column":6},"end":{"line":61,"column":7}},"25":{"start":{"line":60,"column":8},"end":{"line":60,"column":17}},"26":{"start":{"line":62,"column":6},"end":{"line":62,"column":80}},"27":{"start":{"line":71,"column":4},"end":{"line":103,"column":5}},"28":{"start":{"line":72,"column":6},"end":{"line":96,"column":7}},"29":{"start":{"line":73,"column":31},"end":{"line":73,"column":null}},"30":{"start":{"line":76,"column":24},"end":{"line":76,"column":69}},"31":{"start":{"line":77,"column":25},"end":{"line":79,"column":null}},"32":{"start":{"line":81,"column":8},"end":{"line":85,"column":10}},"33":{"start":{"line":86,"column":13},"end":{"line":96,"column":7}},"34":{"start":{"line":87,"column":26},"end":{"line":87,"column":70}},"35":{"start":{"line":88,"column":24},"end":{"line":88,"column":69}},"36":{"start":{"line":89,"column":31},"end":{"line":89,"column":64}},"37":{"start":{"line":89,"column":55},"end":{"line":89,"column":63}},"38":{"start":{"line":90,"column":8},"end":{"line":95,"column":9}},"39":{"start":{"line":91,"column":10},"end":{"line":94,"column":13}},"40":{"start":{"line":100,"column":6},"end":{"line":102,"column":8}},"41":{"start":{"line":26,"column":13},"end":{"line":26,"column":39}},"42":{"start":{"line":37,"column":8},"end":{"line":64,"column":null}},"43":{"start":{"line":26,"column":13},"end":{"line":105,"column":null}}},"fnMap":{"0":{"name":"(anonymous_2)","decl":{"start":{"line":29,"column":2},"end":{"line":29,"column":null}},"loc":{"start":{"line":33,"column":55},"end":{"line":34,"column":6}}},"1":{"name":"(anonymous_3)","decl":{"start":{"line":37,"column":2},"end":{"line":37,"column":7}},"loc":{"start":{"line":37,"column":46},"end":{"line":64,"column":3}}},"2":{"name":"(anonymous_4)","decl":{"start":{"line":66,"column":10},"end":{"line":66,"column":15}},"loc":{"start":{"line":69,"column":21},"end":{"line":104,"column":3}}},"3":{"name":"(anonymous_5)","decl":{"start":{"line":89,"column":48},"end":{"line":89,"column":49}},"loc":{"start":{"line":89,"column":55},"end":{"line":89,"column":63}}}},"branchMap":{"0":{"loc":{"start":{"line":39,"column":4},"end":{"line":39,"column":48}},"type":"if","locations":[{"start":{"line":39,"column":4},"end":{"line":39,"column":48}}]},"1":{"loc":{"start":{"line":44,"column":4},"end":{"line":44,"column":41}},"type":"if","locations":[{"start":{"line":44,"column":4},"end":{"line":44,"column":41}}]},"2":{"loc":{"start":{"line":50,"column":4},"end":{"line":50,"column":30}},"type":"if","locations":[{"start":{"line":50,"column":4},"end":{"line":50,"column":30}}]},"3":{"loc":{"start":{"line":53,"column":22},"end":{"line":53,"column":52}},"type":"binary-expr","locations":[{"start":{"line":53,"column":22},"end":{"line":53,"column":46}},{"start":{"line":53,"column":50},"end":{"line":53,"column":52}}]},"4":{"loc":{"start":{"line":54,"column":6},"end":{"line":61,"column":7}},"type":"if","locations":[{"start":{"line":54,"column":6},"end":{"line":61,"column":7}}]},"5":{"loc":{"start":{"line":55,"column":8},"end":{"line":58,"column":49}},"type":"binary-expr","locations":[{"start":{"line":55,"column":8},"end":{"line":55,"column":22}},{"start":{"line":56,"column":8},"end":{"line":58,"column":49}}]},"6":{"loc":{"start":{"line":56,"column":10},"end":{"line":56,"column":31}},"type":"binary-expr","locations":[{"start":{"line":56,"column":10},"end":{"line":56,"column":25}},{"start":{"line":56,"column":29},"end":{"line":56,"column":31}}]},"7":{"loc":{"start":{"line":72,"column":6},"end":{"line":96,"column":7}},"type":"if","locations":[{"start":{"line":72,"column":6},"end":{"line":96,"column":7}},{"start":{"line":86,"column":13},"end":{"line":96,"column":7}}]},"8":{"loc":{"start":{"line":86,"column":13},"end":{"line":96,"column":7}},"type":"if","locations":[{"start":{"line":86,"column":13},"end":{"line":96,"column":7}}]},"9":{"loc":{"start":{"line":90,"column":8},"end":{"line":95,"column":9}},"type":"if","locations":[{"start":{"line":90,"column":8},"end":{"line":95,"column":9}}]}},"s":{"0":0,"1":0,"2":0,"3":0,"4":0,"5":0,"6":0,"7":0,"8":0,"9":0,"10":0,"11":0,"12":0,"13":0,"14":0,"15":0,"16":0,"17":0,"18":0,"19":0,"20":0,"21":0,"22":0,"23":0,"24":0,"25":0,"26":0,"27":0,"28":0,"29":0,"30":0,"31":0,"32":0,"33":0,"34":0,"35":0,"36":0,"37":0,"38":0,"39":0,"40":0,"41":0,"42":0,"43":0},"f":{"0":0,"1":0,"2":0,"3":0},"b":{"0":[0],"1":[0],"2":[0],"3":[0,0],"4":[0],"5":[0,0],"6":[0,0],"7":[0,0],"8":[0],"9":[0]}}
,"C:\\xampp\\htdocs\\Whatsapp_CRM\\apps\\api\\src\\automations\\automations.controller.ts": {"path":"C:\\xampp\\htdocs\\Whatsapp_CRM\\apps\\api\\src\\automations\\automations.controller.ts","statementMap":{"0":{"start":{"line":1,"column":0},"end":{"line":1,"column":null}},"1":{"start":{"line":11,"column":0},"end":{"line":11,"column":72}},"2":{"start":{"line":12,"column":0},"end":{"line":12,"column":78}},"3":{"start":{"line":14,"column":0},"end":{"line":14,"column":65}},"4":{"start":{"line":15,"column":0},"end":{"line":15,"column":62}},"5":{"start":{"line":16,"column":0},"end":{"line":16,"column":52}},"6":{"start":{"line":17,"column":0},"end":{"line":17,"column":59}},"7":{"start":{"line":18,"column":0},"end":{"line":18,"column":66}},"8":{"start":{"line":19,"column":0},"end":{"line":19,"column":66}},"9":{"start":{"line":23,"column":7},"end":{"line":56,"column":null}},"10":{"start":{"line":24,"column":31},"end":{"line":24,"column":51}},"11":{"start":{"line":28,"column":4},"end":{"line":28,"column":50}},"12":{"start":{"line":33,"column":4},"end":{"line":33,"column":47}},"13":{"start":{"line":42,"column":4},"end":{"line":42,"column":56}},"14":{"start":{"line":48,"column":4},"end":{"line":48,"column":51}},"15":{"start":{"line":54,"column":4},"end":{"line":54,"column":46}},"16":{"start":{"line":23,"column":13},"end":{"line":23,"column":34}},"17":{"start":{"line":27,"column":2},"end":{"line":29,"column":null}},"18":{"start":{"line":32,"column":2},"end":{"line":34,"column":null}},"19":{"start":{"line":38,"column":2},"end":{"line":43,"column":null}},"20":{"start":{"line":47,"column":2},"end":{"line":49,"column":null}},"21":{"start":{"line":53,"column":2},"end":{"line":55,"column":null}},"22":{"start":{"line":23,"column":13},"end":{"line":56,"column":null}}},"fnMap":{"0":{"name":"(anonymous_4)","decl":{"start":{"line":24,"column":2},"end":{"line":24,"column":31}},"loc":{"start":{"line":24,"column":69},"end":{"line":24,"column":73}}},"1":{"name":"(anonymous_5)","decl":{"start":{"line":27,"column":2},"end":{"line":27,"column":9}},"loc":{"start":{"line":27,"column":44},"end":{"line":29,"column":3}}},"2":{"name":"(anonymous_6)","decl":{"start":{"line":32,"column":2},"end":{"line":32,"column":9}},"loc":{"start":{"line":32,"column":33},"end":{"line":34,"column":3}}},"3":{"name":"(anonymous_7)","decl":{"start":{"line":38,"column":2},"end":{"line":38,"column":8}},"loc":{"start":{"line":40,"column":42},"end":{"line":43,"column":3}}},"4":{"name":"(anonymous_8)","decl":{"start":{"line":47,"column":2},"end":{"line":47,"column":8}},"loc":{"start":{"line":47,"column":66},"end":{"line":49,"column":3}}},"5":{"name":"(anonymous_9)","decl":{"start":{"line":53,"column":2},"end":{"line":53,"column":8}},"loc":{"start":{"line":53,"column":32},"end":{"line":55,"column":3}}}},"branchMap":{},"s":{"0":0,"1":0,"2":0,"3":0,"4":0,"5":0,"6":0,"7":0,"8":0,"9":0,"10":0,"11":0,"12":0,"13":0,"14":0,"15":0,"16":0,"17":0,"18":0,"19":0,"20":0,"21":0,"22":0},"f":{"0":0,"1":0,"2":0,"3":0,"4":0,"5":0},"b":{}}
,"C:\\xampp\\htdocs\\Whatsapp_CRM\\apps\\api\\src\\automations\\automations.module.ts": {"path":"C:\\xampp\\htdocs\\Whatsapp_CRM\\apps\\api\\src\\automations\\automations.module.ts","statementMap":{"0":{"start":{"line":1,"column":0},"end":{"line":1,"column":40}},"1":{"start":{"line":2,"column":0},"end":{"line":2,"column":61}},"2":{"start":{"line":3,"column":0},"end":{"line":3,"column":52}},"3":{"start":{"line":4,"column":0},"end":{"line":4,"column":64}},"4":{"start":{"line":5,"column":0},"end":{"line":5,"column":65}},"5":{"start":{"line":6,"column":0},"end":{"line":6,"column":76}},"6":{"start":{"line":7,"column":0},"end":{"line":7,"column":59}},"7":{"start":{"line":14,"column":7},"end":{"line":14,"column":null}},"8":{"start":{"line":14,"column":13},"end":{"line":14,"column":30}},"9":{"start":{"line":14,"column":13},"end":{"line":14,"column":null}}},"fnMap":{},"branchMap":{},"s":{"0":0,"1":0,"2":0,"3":0,"4":0,"5":0,"6":0,"7":0,"8":0,"9":0},"f":{},"b":{}}
,"C:\\xampp\\htdocs\\Whatsapp_CRM\\apps\\api\\src\\automations\\automations.service.ts": {"path":"C:\\xampp\\htdocs\\Whatsapp_CRM\\apps\\api\\src\\automations\\automations.service.ts","statementMap":{"0":{"start":{"line":1,"column":0},"end":{"line":1,"column":null}},"1":{"start":{"line":7,"column":0},"end":{"line":7,"column":57}},"2":{"start":{"line":8,"column":0},"end":{"line":8,"column":72}},"3":{"start":{"line":9,"column":0},"end":{"line":9,"column":66}},"4":{"start":{"line":14,"column":7},"end":{"line":111,"column":null}},"5":{"start":{"line":16,"column":21},"end":{"line":16,"column":29}},"6":{"start":{"line":17,"column":21},"end":{"line":17,"column":39}},"7":{"start":{"line":21,"column":26},"end":{"line":28,"column":6}},"8":{"start":{"line":29,"column":4},"end":{"line":29,"column":61}},"9":{"start":{"line":33,"column":23},"end":{"line":35,"column":6}},"10":{"start":{"line":36,"column":4},"end":{"line":38,"column":5}},"11":{"start":{"line":37,"column":6},"end":{"line":37,"column":58}},"12":{"start":{"line":39,"column":4},"end":{"line":39,"column":22}},"13":{"start":{"line":43,"column":4},"end":{"line":43,"column":73}},"14":{"start":{"line":44,"column":4},"end":{"line":54,"column":7}},"15":{"start":{"line":58,"column":20},"end":{"line":58,"column":42}},"16":{"start":{"line":59,"column":4},"end":{"line":69,"column":5}},"17":{"start":{"line":60,"column":6},"end":{"line":68,"column":8}},"18":{"start":{"line":70,"column":4},"end":{"line":80,"column":7}},"19":{"start":{"line":84,"column":4},"end":{"line":84,"column":27}},"20":{"start":{"line":85,"column":4},"end":{"line":85,"column":59}},"21":{"start":{"line":92,"column":4},"end":{"line":109,"column":5}},"22":{"start":{"line":93,"column":25},"end":{"line":93,"column":48}},"23":{"start":{"line":94,"column":6},"end":{"line":98,"column":7}},"24":{"start":{"line":95,"column":8},"end":{"line":97,"column":10}},"25":{"start":{"line":99,"column":6},"end":{"line":99,"column":54}},"26":{"start":{"line":100,"column":11},"end":{"line":109,"column":5}},"27":{"start":{"line":101,"column":20},"end":{"line":101,"column":38}},"28":{"start":{"line":102,"column":6},"end":{"line":104,"column":7}},"29":{"start":{"line":103,"column":8},"end":{"line":103,"column":77}},"30":{"start":{"line":105,"column":18},"end":{"line":105,"column":76}},"31":{"start":{"line":106,"column":6},"end":{"line":108,"column":7}},"32":{"start":{"line":107,"column":8},"end":{"line":107,"column":53}},"33":{"start":{"line":14,"column":13},"end":{"line":14,"column":31}},"34":{"start":{"line":14,"column":13},"end":{"line":111,"column":null}}},"fnMap":{"0":{"name":"(anonymous_2)","decl":{"start":{"line":15,"column":2},"end":{"line":15,"column":null}},"loc":{"start":{"line":17,"column":55},"end":{"line":18,"column":6}}},"1":{"name":"(anonymous_3)","decl":{"start":{"line":20,"column":2},"end":{"line":20,"column":7}},"loc":{"start":{"line":20,"column":41},"end":{"line":30,"column":3}}},"2":{"name":"(anonymous_4)","decl":{"start":{"line":32,"column":2},"end":{"line":32,"column":7}},"loc":{"start":{"line":32,"column":26},"end":{"line":40,"column":3}}},"3":{"name":"(anonymous_5)","decl":{"start":{"line":42,"column":2},"end":{"line":42,"column":7}},"loc":{"start":{"line":42,"column":65},"end":{"line":55,"column":3}}},"4":{"name":"(anonymous_6)","decl":{"start":{"line":57,"column":2},"end":{"line":57,"column":7}},"loc":{"start":{"line":57,"column":51},"end":{"line":81,"column":3}}},"5":{"name":"(anonymous_7)","decl":{"start":{"line":83,"column":2},"end":{"line":83,"column":7}},"loc":{"start":{"line":83,"column":25},"end":{"line":86,"column":3}}},"6":{"name":"(anonymous_8)","decl":{"start":{"line":88,"column":10},"end":{"line":88,"column":15}},"loc":{"start":{"line":90,"column":41},"end":{"line":110,"column":3}}}},"branchMap":{"0":{"loc":{"start":{"line":36,"column":4},"end":{"line":38,"column":5}},"type":"if","locations":[{"start":{"line":36,"column":4},"end":{"line":38,"column":5}}]},"1":{"loc":{"start":{"line":48,"column":24},"end":{"line":48,"column":47}},"type":"binary-expr","locations":[{"start":{"line":48,"column":24},"end":{"line":48,"column":41}},{"start":{"line":48,"column":45},"end":{"line":48,"column":47}}]},"2":{"loc":{"start":{"line":51,"column":18},"end":{"line":51,"column":38}},"type":"binary-expr","locations":[{"start":{"line":51,"column":18},"end":{"line":51,"column":30}},{"start":{"line":51,"column":34},"end":{"line":51,"column":38}}]},"3":{"loc":{"start":{"line":59,"column":4},"end":{"line":69,"column":5}},"type":"if","locations":[{"start":{"line":59,"column":4},"end":{"line":69,"column":5}}]},"4":{"loc":{"start":{"line":59,"column":8},"end":{"line":59,"column":42}},"type":"binary-expr","locations":[{"start":{"line":59,"column":8},"end":{"line":59,"column":22}},{"start":{"line":59,"column":26},"end":{"line":59,"column":42}}]},"5":{"loc":{"start":{"line":61,"column":8},"end":{"line":62,"column":67}},"type":"binary-expr","locations":[{"start":{"line":61,"column":8},"end":{"line":61,"column":22}},{"start":{"line":62,"column":11},"end":{"line":62,"column":67}}]},"6":{"loc":{"start":{"line":63,"column":9},"end":{"line":64,"column":59}},"type":"binary-expr","locations":[{"start":{"line":63,"column":9},"end":{"line":63,"column":25}},{"start":{"line":64,"column":11},"end":{"line":64,"column":59}}]},"7":{"loc":{"start":{"line":92,"column":4},"end":{"line":109,"column":5}},"type":"if","locations":[{"start":{"line":92,"column":4},"end":{"line":109,"column":5}},{"start":{"line":100,"column":11},"end":{"line":109,"column":5}}]},"8":{"loc":{"start":{"line":94,"column":6},"end":{"line":98,"column":7}},"type":"if","locations":[{"start":{"line":94,"column":6},"end":{"line":98,"column":7}}]},"9":{"loc":{"start":{"line":100,"column":11},"end":{"line":109,"column":5}},"type":"if","locations":[{"start":{"line":100,"column":11},"end":{"line":109,"column":5}}]},"10":{"loc":{"start":{"line":102,"column":6},"end":{"line":104,"column":7}},"type":"if","locations":[{"start":{"line":102,"column":6},"end":{"line":104,"column":7}}]},"11":{"loc":{"start":{"line":106,"column":6},"end":{"line":108,"column":7}},"type":"if","locations":[{"start":{"line":106,"column":6},"end":{"line":108,"column":7}}]}},"s":{"0":0,"1":0,"2":0,"3":0,"4":0,"5":0,"6":0,"7":0,"8":0,"9":0,"10":0,"11":0,"12":0,"13":0,"14":0,"15":0,"16":0,"17":0,"18":0,"19":0,"20":0,"21":0,"22":0,"23":0,"24":0,"25":0,"26":0,"27":0,"28":0,"29":0,"30":0,"31":0,"32":0,"33":0,"34":0},"f":{"0":0,"1":0,"2":0,"3":0,"4":0,"5":0,"6":0},"b":{"0":[0],"1":[0,0],"2":[0,0],"3":[0],"4":[0,0],"5":[0,0],"6":[0,0],"7":[0,0],"8":[0],"9":[0],"10":[0],"11":[0]}}
,"C:\\xampp\\htdocs\\Whatsapp_CRM\\apps\\api\\src\\automations\\dto\\create-automation.dto.ts": {"path":"C:\\xampp\\htdocs\\Whatsapp_CRM\\apps\\api\\src\\automations\\dto\\create-automation.dto.ts","statementMap":{"0":{"start":{"line":1,"column":0},"end":{"line":1,"column":null}},"1":{"start":{"line":10,"column":13},"end":{"line":10,"column":59}},"2":{"start":{"line":11,"column":13},"end":{"line":11,"column":66}},"3":{"start":{"line":13,"column":0},"end":{"line":13,"column":13}},"4":{"start":{"line":16,"column":2},"end":{"line":16,"column":null}},"5":{"start":{"line":19,"column":2},"end":{"line":19,"column":null}},"6":{"start":{"line":23,"column":2},"end":{"line":23,"column":null}},"7":{"start":{"line":26,"column":2},"end":{"line":26,"column":null}},"8":{"start":{"line":29,"column":2},"end":{"line":29,"column":null}},"9":{"start":{"line":33,"column":2},"end":{"line":33,"column":null}}},"fnMap":{},"branchMap":{},"s":{"0":0,"1":0,"2":0,"3":0,"4":0,"5":0,"6":0,"7":0,"8":0,"9":0},"f":{},"b":{}}
,"C:\\xampp\\htdocs\\Whatsapp_CRM\\apps\\api\\src\\automations\\dto\\update-automation.dto.ts": {"path":"C:\\xampp\\htdocs\\Whatsapp_CRM\\apps\\api\\src\\automations\\dto\\update-automation.dto.ts","statementMap":{"0":{"start":{"line":1,"column":0},"end":{"line":1,"column":51}},"1":{"start":{"line":2,"column":0},"end":{"line":2,"column":62}},"2":{"start":{"line":4,"column":0},"end":{"line":4,"column":13}}},"fnMap":{},"branchMap":{},"s":{"0":0,"1":0,"2":0},"f":{},"b":{}}
,"C:\\xampp\\htdocs\\Whatsapp_CRM\\apps\\api\\src\\campaigns\\campaign-delay.util.ts": {"path":"C:\\xampp\\htdocs\\Whatsapp_CRM\\apps\\api\\src\\campaigns\\campaign-delay.util.ts","statementMap":{"0":{"start":{"line":2,"column":0},"end":{"line":2,"column":16}},"1":{"start":{"line":11,"column":0},"end":{"line":11,"column":16}},"2":{"start":{"line":24,"column":0},"end":{"line":24,"column":16}},"3":{"start":{"line":6,"column":2},"end":{"line":6,"column":63}},"4":{"start":{"line":6,"column":32},"end":{"line":6,"column":63}},"5":{"start":{"line":7,"column":2},"end":{"line":7,"column":80}},"6":{"start":{"line":12,"column":15},"end":{"line":18,"column":null}},"7":{"start":{"line":20,"column":2},"end":{"line":20,"column":40}},"8":{"start":{"line":25,"column":2},"end":{"line":25,"column":49}}},"fnMap":{"0":{"name":"randomDelaySeconds","decl":{"start":{"line":2,"column":16},"end":{"line":2,"column":34}},"loc":{"start":{"line":4,"column":20},"end":{"line":8,"column":1}}},"1":{"name":"msUntilNextDailyWindow","decl":{"start":{"line":11,"column":16},"end":{"line":11,"column":38}},"loc":{"start":{"line":11,"column":61},"end":{"line":21,"column":1}}},"2":{"name":"retryBackoffMs","decl":{"start":{"line":24,"column":16},"end":{"line":24,"column":30}},"loc":{"start":{"line":24,"column":46},"end":{"line":26,"column":1}}}},"branchMap":{"0":{"loc":{"start":{"line":6,"column":2},"end":{"line":6,"column":63}},"type":"if","locations":[{"start":{"line":6,"column":2},"end":{"line":6,"column":63}}]},"1":{"loc":{"start":{"line":11,"column":39},"end":{"line":11,"column":61}},"type":"default-arg","locations":[{"start":{"line":11,"column":51},"end":{"line":11,"column":61}}]}},"s":{"0":1,"1":1,"2":1,"3":203,"4":3,"5":200,"6":1,"7":1,"8":3},"f":{"0":203,"1":1,"2":3},"b":{"0":[3],"1":[0]}}
,"C:\\xampp\\htdocs\\Whatsapp_CRM\\apps\\api\\src\\campaigns\\campaign-processor.service.ts": {"path":"C:\\xampp\\htdocs\\Whatsapp_CRM\\apps\\api\\src\\campaigns\\campaign-processor.service.ts","statementMap":{"0":{"start":{"line":1,"column":0},"end":{"line":1,"column":72}},"1":{"start":{"line":2,"column":0},"end":{"line":2,"column":54}},"2":{"start":{"line":3,"column":0},"end":{"line":3,"column":57}},"3":{"start":{"line":4,"column":0},"end":{"line":4,"column":70}},"4":{"start":{"line":5,"column":0},"end":{"line":5,"column":66}},"5":{"start":{"line":6,"column":0},"end":{"line":6,"column":66}},"6":{"start":{"line":7,"column":0},"end":{"line":7,"column":79}},"7":{"start":{"line":8,"column":0},"end":{"line":8,"column":66}},"8":{"start":{"line":9,"column":0},"end":{"line":9,"column":null}},"9":{"start":{"line":15,"column":14},"end":{"line":15,"column":24}},"10":{"start":{"line":16,"column":2},"end":{"line":16,"column":68}},"11":{"start":{"line":20,"column":30},"end":{"line":179,"column":null}},"12":{"start":{"line":24,"column":21},"end":{"line":24,"column":29}},"13":{"start":{"line":25,"column":21},"end":{"line":25,"column":43}},"14":{"start":{"line":26,"column":21},"end":{"line":26,"column":39}},"15":{"start":{"line":27,"column":21},"end":{"line":27,"column":35}},"16":{"start":{"line":29,"column":21},"end":{"line":29,"column":36}},"17":{"start":{"line":21,"column":19},"end":{"line":21,"column":63}},"18":{"start":{"line":36,"column":4},"end":{"line":43,"column":5}},"19":{"start":{"line":37,"column":6},"end":{"line":37,"column":52}},"20":{"start":{"line":39,"column":6},"end":{"line":42,"column":8}},"21":{"start":{"line":50,"column":22},"end":{"line":53,"column":6}},"22":{"start":{"line":54,"column":4},"end":{"line":60,"column":5}},"23":{"start":{"line":59,"column":6},"end":{"line":59,"column":13}},"24":{"start":{"line":62,"column":21},"end":{"line":68,"column":6}},"25":{"start":{"line":69,"column":4},"end":{"line":71,"column":5}},"26":{"start":{"line":70,"column":6},"end":{"line":70,"column":13}},"27":{"start":{"line":73,"column":4},"end":{"line":79,"column":5}},"28":{"start":{"line":74,"column":6},"end":{"line":77,"column":9}},"29":{"start":{"line":78,"column":6},"end":{"line":78,"column":13}},"30":{"start":{"line":81,"column":4},"end":{"line":96,"column":5}},"31":{"start":{"line":82,"column":24},"end":{"line":88,"column":8}},"32":{"start":{"line":89,"column":6},"end":{"line":95,"column":7}},"33":{"start":{"line":90,"column":8},"end":{"line":93,"column":10}},"34":{"start":{"line":94,"column":8},"end":{"line":94,"column":15}},"35":{"start":{"line":98,"column":4},"end":{"line":106,"column":5}},"36":{"start":{"line":99,"column":6},"end":{"line":104,"column":8}},"37":{"start":{"line":105,"column":6},"end":{"line":105,"column":13}},"38":{"start":{"line":108,"column":4},"end":{"line":148,"column":5}},"39":{"start":{"line":109,"column":27},"end":{"line":111,"column":null}},"40":{"start":{"line":113,"column":23},"end":{"line":115,"column":null}},"41":{"start":{"line":118,"column":20},"end":{"line":118,"column":43}},"42":{"start":{"line":119,"column":22},"end":{"line":124,"column":null}},"43":{"start":{"line":127,"column":6},"end":{"line":140,"column":7}},"44":{"start":{"line":128,"column":8},"end":{"line":134,"column":10}},"45":{"start":{"line":136,"column":8},"end":{"line":139,"column":11}},"46":{"start":{"line":142,"column":6},"end":{"line":147,"column":8}},"47":{"start":{"line":158,"column":21},"end":{"line":158,"column":43}},"48":{"start":{"line":160,"column":4},"end":{"line":177,"column":5}},"49":{"start":{"line":161,"column":6},"end":{"line":164,"column":9}},"50":{"start":{"line":165,"column":6},"end":{"line":168,"column":8}},"51":{"start":{"line":170,"column":6},"end":{"line":173,"column":9}},"52":{"start":{"line":174,"column":6},"end":{"line":176,"column":8}},"53":{"start":{"line":20,"column":13},"end":{"line":20,"column":30}},"54":{"start":{"line":20,"column":13},"end":{"line":179,"column":null}},"55":{"start":{"line":28,"column":29},"end":{"line":28,"column":50}}},"fnMap":{"0":{"name":"startOfToday","decl":{"start":{"line":14,"column":9},"end":{"line":14,"column":21}},"loc":{"start":{"line":14,"column":21},"end":{"line":17,"column":1}}},"1":{"name":"(anonymous_5)","decl":{"start":{"line":23,"column":2},"end":{"line":23,"column":null}},"loc":{"start":{"line":29,"column":57},"end":{"line":30,"column":6}}},"2":{"name":"(anonymous_6)","decl":{"start":{"line":32,"column":2},"end":{"line":32,"column":7}},"loc":{"start":{"line":34,"column":23},"end":{"line":44,"column":3}}},"3":{"name":"(anonymous_7)","decl":{"start":{"line":46,"column":10},"end":{"line":46,"column":15}},"loc":{"start":{"line":48,"column":23},"end":{"line":149,"column":3}}},"4":{"name":"(anonymous_8)","decl":{"start":{"line":151,"column":10},"end":{"line":151,"column":15}},"loc":{"start":{"line":156,"column":22},"end":{"line":178,"column":3}}},"5":{"name":"(anonymous_9)","decl":{"start":{"line":28,"column":23},"end":{"line":28,"column":26}},"loc":{"start":{"line":28,"column":29},"end":{"line":28,"column":50}}}},"branchMap":{"0":{"loc":{"start":{"line":54,"column":4},"end":{"line":60,"column":5}},"type":"if","locations":[{"start":{"line":54,"column":4},"end":{"line":60,"column":5}}]},"1":{"loc":{"start":{"line":55,"column":6},"end":{"line":57,"column":43}},"type":"binary-expr","locations":[{"start":{"line":55,"column":6},"end":{"line":55,"column":16}},{"start":{"line":56,"column":6},"end":{"line":56,"column":38}},{"start":{"line":57,"column":6},"end":{"line":57,"column":43}}]},"2":{"loc":{"start":{"line":69,"column":4},"end":{"line":71,"column":5}},"type":"if","locations":[{"start":{"line":69,"column":4},"end":{"line":71,"column":5}}]},"3":{"loc":{"start":{"line":69,"column":8},"end":{"line":69,"column":50}},"type":"binary-expr","locations":[{"start":{"line":69,"column":8},"end":{"line":69,"column":17}},{"start":{"line":69,"column":21},"end":{"line":69,"column":50}}]},"4":{"loc":{"start":{"line":73,"column":4},"end":{"line":79,"column":5}},"type":"if","locations":[{"start":{"line":73,"column":4},"end":{"line":79,"column":5}}]},"5":{"loc":{"start":{"line":81,"column":4},"end":{"line":96,"column":5}},"type":"if","locations":[{"start":{"line":81,"column":4},"end":{"line":96,"column":5}}]},"6":{"loc":{"start":{"line":89,"column":6},"end":{"line":95,"column":7}},"type":"if","locations":[{"start":{"line":89,"column":6},"end":{"line":95,"column":7}}]},"7":{"loc":{"start":{"line":98,"column":4},"end":{"line":106,"column":5}},"type":"if","locations":[{"start":{"line":98,"column":4},"end":{"line":106,"column":5}}]},"8":{"loc":{"start":{"line":121,"column":8},"end":{"line":123,"column":52}},"type":"cond-expr","locations":[{"start":{"line":122,"column":12},"end":{"line":122,"column":75}},{"start":{"line":123,"column":12},"end":{"line":123,"column":52}}]},"9":{"loc":{"start":{"line":127,"column":6},"end":{"line":140,"column":7}},"type":"if","locations":[{"start":{"line":127,"column":6},"end":{"line":140,"column":7}},{"start":{"line":135,"column":13},"end":{"line":140,"column":7}}]},"10":{"loc":{"start":{"line":132,"column":10},"end":{"line":132,"column":47}},"type":"binary-expr","locations":[{"start":{"line":132,"column":10},"end":{"line":132,"column":30}},{"start":{"line":132,"column":34},"end":{"line":132,"column":47}}]},"11":{"loc":{"start":{"line":146,"column":8},"end":{"line":146,"column":56}},"type":"cond-expr","locations":[{"start":{"line":146,"column":31},"end":{"line":146,"column":42}},{"start":{"line":146,"column":45},"end":{"line":146,"column":56}}]},"12":{"loc":{"start":{"line":160,"column":4},"end":{"line":177,"column":5}},"type":"if","locations":[{"start":{"line":160,"column":4},"end":{"line":177,"column":5}},{"start":{"line":169,"column":11},"end":{"line":177,"column":5}}]}},"s":{"0":0,"1":0,"2":0,"3":0,"4":0,"5":0,"6":0,"7":0,"8":0,"9":0,"10":0,"11":0,"12":0,"13":0,"14":0,"15":0,"16":0,"17":0,"18":0,"19":0,"20":0,"21":0,"22":0,"23":0,"24":0,"25":0,"26":0,"27":0,"28":0,"29":0,"30":0,"31":0,"32":0,"33":0,"34":0,"35":0,"36":0,"37":0,"38":0,"39":0,"40":0,"41":0,"42":0,"43":0,"44":0,"45":0,"46":0,"47":0,"48":0,"49":0,"50":0,"51":0,"52":0,"53":0,"54":0,"55":0},"f":{"0":0,"1":0,"2":0,"3":0,"4":0,"5":0},"b":{"0":[0],"1":[0,0,0],"2":[0],"3":[0,0],"4":[0],"5":[0],"6":[0],"7":[0],"8":[0,0],"9":[0,0],"10":[0,0],"11":[0,0],"12":[0,0]}}
,"C:\\xampp\\htdocs\\Whatsapp_CRM\\apps\\api\\src\\campaigns\\campaign-runner.service.ts": {"path":"C:\\xampp\\htdocs\\Whatsapp_CRM\\apps\\api\\src\\campaigns\\campaign-runner.service.ts","statementMap":{"0":{"start":{"line":1,"column":0},"end":{"line":1,"column":72}},"1":{"start":{"line":2,"column":0},"end":{"line":2,"column":44}},"2":{"start":{"line":3,"column":0},"end":{"line":3,"column":57}},"3":{"start":{"line":4,"column":0},"end":{"line":4,"column":59}},"4":{"start":{"line":5,"column":0},"end":{"line":5,"column":65}},"5":{"start":{"line":7,"column":16},"end":{"line":7,"column":20}},"6":{"start":{"line":14,"column":34},"end":{"line":111,"column":null}},"7":{"start":{"line":19,"column":21},"end":{"line":19,"column":29}},"8":{"start":{"line":21,"column":21},"end":{"line":21,"column":32}},"9":{"start":{"line":15,"column":19},"end":{"line":15,"column":67}},"10":{"start":{"line":16,"column":10},"end":{"line":16,"column":26}},"11":{"start":{"line":30,"column":16},"end":{"line":30,"column":26}},"12":{"start":{"line":31,"column":23},"end":{"line":31,"column":24}},"13":{"start":{"line":32,"column":4},"end":{"line":39,"column":5}},"14":{"start":{"line":33,"column":6},"end":{"line":36,"column":9}},"15":{"start":{"line":37,"column":6},"end":{"line":38,"column":68}},"16":{"start":{"line":44,"column":4},"end":{"line":50,"column":7}},"17":{"start":{"line":55,"column":4},"end":{"line":55,"column":29}},"18":{"start":{"line":55,"column":22},"end":{"line":55,"column":29}},"19":{"start":{"line":56,"column":4},"end":{"line":56,"column":24}},"20":{"start":{"line":57,"column":4},"end":{"line":71,"column":5}},"21":{"start":{"line":58,"column":24},"end":{"line":61,"column":8}},"22":{"start":{"line":62,"column":6},"end":{"line":64,"column":7}},"23":{"start":{"line":63,"column":8},"end":{"line":63,"column":75}},"24":{"start":{"line":66,"column":6},"end":{"line":68,"column":8}},"25":{"start":{"line":70,"column":6},"end":{"line":70,"column":27}},"26":{"start":{"line":78,"column":21},"end":{"line":80,"column":6}},"27":{"start":{"line":81,"column":22},"end":{"line":81,"column":57}},"28":{"start":{"line":82,"column":4},"end":{"line":82,"column":32}},"29":{"start":{"line":82,"column":25},"end":{"line":82,"column":32}},"30":{"start":{"line":84,"column":16},"end":{"line":93,"column":6}},"31":{"start":{"line":95,"column":4},"end":{"line":109,"column":5}},"32":{"start":{"line":96,"column":22},"end":{"line":99,"column":8}},"33":{"start":{"line":100,"column":6},"end":{"line":100,"column":40}},"34":{"start":{"line":100,"column":31},"end":{"line":100,"column":40}},"35":{"start":{"line":102,"column":6},"end":{"line":108,"column":11}},"36":{"start":{"line":105,"column":10},"end":{"line":107,"column":12}},"37":{"start":{"line":14,"column":13},"end":{"line":14,"column":34}},"38":{"start":{"line":54,"column":8},"end":{"line":72,"column":null}},"39":{"start":{"line":14,"column":13},"end":{"line":111,"column":null}},"40":{"start":{"line":20,"column":29},"end":{"line":20,"column":46}}},"fnMap":{"0":{"name":"(anonymous_4)","decl":{"start":{"line":18,"column":2},"end":{"line":18,"column":null}},"loc":{"start":{"line":21,"column":49},"end":{"line":22,"column":6}}},"1":{"name":"(anonymous_5)","decl":{"start":{"line":25,"column":2},"end":{"line":25,"column":7}},"loc":{"start":{"line":28,"column":27},"end":{"line":40,"column":3}}},"2":{"name":"(anonymous_6)","decl":{"start":{"line":43,"column":2},"end":{"line":43,"column":7}},"loc":{"start":{"line":43,"column":56},"end":{"line":51,"column":3}}},"3":{"name":"(anonymous_7)","decl":{"start":{"line":54,"column":2},"end":{"line":54,"column":7}},"loc":{"start":{"line":54,"column":12},"end":{"line":72,"column":3}}},"4":{"name":"(anonymous_8)","decl":{"start":{"line":74,"column":10},"end":{"line":74,"column":15}},"loc":{"start":{"line":76,"column":23},"end":{"line":110,"column":3}}},"5":{"name":"(anonymous_9)","decl":{"start":{"line":104,"column":15},"end":{"line":104,"column":16}},"loc":{"start":{"line":104,"column":32},"end":{"line":108,"column":9}}},"6":{"name":"(anonymous_10)","decl":{"start":{"line":20,"column":23},"end":{"line":20,"column":26}},"loc":{"start":{"line":20,"column":29},"end":{"line":20,"column":46}}}},"branchMap":{"0":{"loc":{"start":{"line":55,"column":4},"end":{"line":55,"column":29}},"type":"if","locations":[{"start":{"line":55,"column":4},"end":{"line":55,"column":29}}]},"1":{"loc":{"start":{"line":67,"column":24},"end":{"line":67,"column":72}},"type":"cond-expr","locations":[{"start":{"line":67,"column":47},"end":{"line":67,"column":58}},{"start":{"line":67,"column":61},"end":{"line":67,"column":72}}]},"2":{"loc":{"start":{"line":82,"column":4},"end":{"line":82,"column":32}},"type":"if","locations":[{"start":{"line":82,"column":4},"end":{"line":82,"column":32}}]},"3":{"loc":{"start":{"line":100,"column":6},"end":{"line":100,"column":40}},"type":"if","locations":[{"start":{"line":100,"column":6},"end":{"line":100,"column":40}}]}},"s":{"0":0,"1":0,"2":0,"3":0,"4":0,"5":0,"6":0,"7":0,"8":0,"9":0,"10":0,"11":0,"12":0,"13":0,"14":0,"15":0,"16":0,"17":0,"18":0,"19":0,"20":0,"21":0,"22":0,"23":0,"24":0,"25":0,"26":0,"27":0,"28":0,"29":0,"30":0,"31":0,"32":0,"33":0,"34":0,"35":0,"36":0,"37":0,"38":0,"39":0,"40":0},"f":{"0":0,"1":0,"2":0,"3":0,"4":0,"5":0,"6":0},"b":{"0":[0],"1":[0,0],"2":[0],"3":[0]}}
[...]
":46},"end":{"line":115,"column":5}}},"5":{"name":"(anonymous_16)","decl":{"start":{"line":118,"column":2},"end":{"line":118,"column":7}},"loc":{"start":{"line":118,"column":36},"end":{"line":135,"column":3}}},"6":{"name":"(anonymous_17)","decl":{"start":{"line":121,"column":32},"end":{"line":121,"column":33}},"loc":{"start":{"line":121,"column":49},"end":{"line":125,"column":7}}},"7":{"name":"(anonymous_18)","decl":{"start":{"line":137,"column":2},"end":{"line":137,"column":13}},"loc":{"start":{"line":137,"column":31},"end":{"line":139,"column":3}}},"8":{"name":"(anonymous_19)","decl":{"start":{"line":141,"column":2},"end":{"line":141,"column":7}},"loc":{"start":{"line":144,"column":16},"end":{"line":149,"column":3}}},"9":{"name":"(anonymous_20)","decl":{"start":{"line":151,"column":2},"end":{"line":151,"column":7}},"loc":{"start":{"line":154,"column":31},"end":{"line":188,"column":3}}},"10":{"name":"(anonymous_21)","decl":{"start":{"line":160,"column":26},"end":{"line":160,"column":29}},"loc":{"start":{"line":160,"column":31},"end":{"line":185,"column":5}}},"11":{"name":"(anonymous_22)","decl":{"start":{"line":190,"column":2},"end":{"line":190,"column":17}},"loc":{"start":{"line":190,"column":17},"end":{"line":195,"column":3}}},"12":{"name":"(anonymous_23)","decl":{"start":{"line":197,"column":10},"end":{"line":197,"column":23}},"loc":{"start":{"line":197,"column":41},"end":{"line":203,"column":3}}},"13":{"name":"(anonymous_24)","decl":{"start":{"line":205,"column":10},"end":{"line":205,"column":26}},"loc":{"start":{"line":205,"column":57},"end":{"line":210,"column":3}}},"14":{"name":"(anonymous_25)","decl":{"start":{"line":212,"column":10},"end":{"line":212,"column":15}},"loc":{"start":{"line":212,"column":72},"end":{"line":294,"column":3}}},"15":{"name":"(anonymous_26)","decl":{"start":{"line":296,"column":10},"end":{"line":296,"column":15}},"loc":{"start":{"line":299,"column":20},"end":{"line":303,"column":3}}},"16":{"name":"(anonymous_27)","decl":{"start":{"line":305,"column":10},"end":{"line":305,"column":15}},"loc":{"start":{"line":313,"column":6},"end":{"line":366,"column":3}}},"17":{"name":"(anonymous_28)","decl":{"start":{"line":368,"column":10},"end":{"line":368,"column":20}},"loc":{"start":{"line":368,"column":38},"end":{"line":370,"column":3}}},"18":{"name":"(anonymous_29)","decl":{"start":{"line":372,"column":10},"end":{"line":372,"column":23}},"loc":{"start":{"line":372,"column":23},"end":{"line":377,"column":3}}}},"branchMap":{"0":{"loc":{"start":{"line":65,"column":4},"end":{"line":67,"column":5}},"type":"if","locations":[{"start":{"line":65,"column":4},"end":{"line":67,"column":5}}]},"1":{"loc":{"start":{"line":91,"column":6},"end":{"line":91,"column":44}},"type":"if","locations":[{"start":{"line":91,"column":6},"end":{"line":91,"column":44}}]},"2":{"loc":{"start":{"line":93,"column":8},"end":{"line":99,"column":9}},"type":"if","locations":[{"start":{"line":93,"column":8},"end":{"line":99,"column":9}}]},"3":{"loc":{"start":{"line":94,"column":10},"end":{"line":96,"column":45}},"type":"binary-expr","locations":[{"start":{"line":94,"column":10},"end":{"line":94,"column":24}},{"start":{"line":95,"column":10},"end":{"line":95,"column":28}},{"start":{"line":96,"column":10},"end":{"line":96,"column":45}}]},"4":{"loc":{"start":{"line":106,"column":8},"end":{"line":107,"column":19}},"type":"if","locations":[{"start":{"line":106,"column":8},"end":{"line":107,"column":19}}]},"5":{"loc":{"start":{"line":106,"column":12},"end":{"line":106,"column":76}},"type":"binary-expr","locations":[{"start":{"line":106,"column":12},"end":{"line":106,"column":19}},{"start":{"line":106,"column":23},"end":{"line":106,"column":50}},{"start":{"line":106,"column":54},"end":{"line":106,"column":76}}]},"6":{"loc":{"start":{"line":109,"column":8},"end":{"line":109,"column":30}},"type":"if","locations":[{"start":{"line":109,"column":8},"end":{"line":109,"column":30}}]},"7":{"loc":{"start":{"line":120,"column":4},"end":{"line":128,"column":5}},"type":"if","locations":[{"start":{"line":120,"column":4},"end":{"line":128,"column":5}}]},"8":{"loc":{"start":{"line":161,"column":6},"end":{"line":184,"column":7}},"type":"switch","locations":[{"start":{"line":162,"column":8},"end":{"line":166,"column":13}},{"start":{"line":167,"column":8},"end":{"line":171,"column":13}},{"start":{"line":172,"column":8},"end":{"line":176,"column":13}},{"start":{"line":177,"column":8},"end":{"line":183,"column":13}}]},"9":{"loc":{"start":{"line":199,"column":4},"end":{"line":201,"column":5}},"type":"if","locations":[{"start":{"line":199,"column":4},"end":{"line":201,"column":5}}]},"10":{"loc":{"start":{"line":199,"column":8},"end":{"line":199,"column":27}},"type":"binary-expr","locations":[{"start":{"line":199,"column":8},"end":{"line":199,"column":13}},{"start":{"line":199,"column":17},"end":{"line":199,"column":27}}]},"11":{"loc":{"start":{"line":206,"column":4},"end":{"line":208,"column":5}},"type":"if","locations":[{"start":{"line":206,"column":4},"end":{"line":208,"column":5}}]},"12":{"loc":{"start":{"line":214,"column":4},"end":{"line":214,"column":25}},"type":"if","locations":[{"start":{"line":214,"column":4},"end":{"line":214,"column":25}}]},"13":{"loc":{"start":{"line":222,"column":6},"end":{"line":270,"column":7}},"type":"switch","locations":[{"start":{"line":223,"column":8},"end":{"line":226,"column":16}},{"start":{"line":227,"column":8},"end":{"line":230,"column":16}},{"start":{"line":231,"column":8},"end":{"line":239,"column":16}},{"start":{"line":240,"column":8},"end":{"line":248,"column":16}},{"start":{"line":249,"column":8},"end":{"line":256,"column":16}},{"start":{"line":257,"column":8},"end":{"line":265,"column":16}},{"start":{"line":266,"column":8},"end":{"line":269,"column":17}}]},"14":{"loc":{"start":{"line":225,"column":17},"end":{"line":225,"column":50}},"type":"binary-expr","locations":[{"start":{"line":225,"column":17},"end":{"line":225,"column":37}},{"start":{"line":225,"column":41},"end":{"line":225,"column":50}}]},"15":{"loc":{"start":{"line":229,"column":17},"end":{"line":229,"column":63}},"type":"binary-expr","locations":[{"start":{"line":229,"column":17},"end":{"line":229,"column":50}},{"start":{"line":229,"column":54},"end":{"line":229,"column":63}}]},"16":{"loc":{"start":{"line":233,"column":17},"end":{"line":233,"column":59}},"type":"binary-expr","locations":[{"start":{"line":233,"column":17},"end":{"line":233,"column":46}},{"start":{"line":233,"column":50},"end":{"line":233,"column":59}}]},"17":{"loc":{"start":{"line":236,"column":12},"end":{"line":236,"column":58}},"type":"binary-expr","locations":[{"start":{"line":236,"column":12},"end":{"line":236,"column":42}},{"start":{"line":236,"column":46},"end":{"line":236,"column":58}}]},"18":{"loc":{"start":{"line":242,"column":17},"end":{"line":242,"column":59}},"type":"binary-expr","locations":[{"start":{"line":242,"column":17},"end":{"line":242,"column":46}},{"start":{"line":242,"column":50},"end":{"line":242,"column":59}}]},"19":{"loc":{"start":{"line":245,"column":12},"end":{"line":245,"column":57}},"type":"binary-expr","locations":[{"start":{"line":245,"column":12},"end":{"line":245,"column":42}},{"start":{"line":245,"column":46},"end":{"line":245,"column":57}}]},"20":{"loc":{"start":{"line":253,"column":12},"end":{"line":253,"column":57}},"type":"binary-expr","locations":[{"start":{"line":253,"column":12},"end":{"line":253,"column":42}},{"start":{"line":253,"column":46},"end":{"line":253,"column":57}}]},"21":{"loc":{"start":{"line":259,"column":17},"end":{"line":259,"column":62}},"type":"binary-expr","locations":[{"start":{"line":259,"column":17},"end":{"line":259,"column":49}},{"start":{"line":259,"column":53},"end":{"line":259,"column":62}}]},"22":{"loc":{"start":{"line":262,"column":12},"end":{"line":262,"column":75}},"type":"binary-expr","locations":[{"start":{"line":262,"column":12},"end":{"line":262,"column":45}},{"start":{"line":262,"column":49},"end":{"line":262,"column":75}}]},"23":{"loc":{"start":{"line":263,"column":12},"end":{"line":263,"column":59}},"type":"binary-expr","locations":[{"start":{"line":263,"column":12},"end":{"line":263,"column":45}},{"start":{"line":263,"column":49},"end":{"line":263,"column":59}}]},"24":{"loc":{"start":{"line":278,"column":4},"end":{"line":278,"column":50}},"type":"if","locations":[{"start":{"line":278,"column":4},"end":{"line":278,"column":50}}]},"25":{"loc":{"start":{"line":278,"column":8},"end":{"line":278,"column":41}},"type":"binary-expr","locations":[{"start":{"line":278,"column":8},"end":{"line":278,"column":26}},{"start":{"line":278,"column":30},"end":{"line":278,"column":41}}]},"26":{"loc":{"start":{"line":280,"column":29},"end":{"line":280,"column":78}},"type":"binary-expr","locations":[{"start":{"line":280,"column":29},"end":{"line":280,"column":57}},{"start":{"line":280,"column":61},"end":{"line":280,"column":78}}]},"27":{"loc":{"start":{"line":289,"column":8},"end":{"line":289,"column":33}},"type":"binary-expr","locations":[{"start":{"line":289,"column":8},"end":{"line":289,"column":20}},{"start":{"line":289,"column":24},"end":{"line":289,"column":33}}]},"28":{"loc":{"start":{"line":317,"column":4},"end":{"line":327,"column":5}},"type":"if","locations":[{"start":{"line":317,"column":4},"end":{"line":327,"column":5}}]},"29":{"loc":{"start":{"line":329,"column":4},"end":{"line":339,"column":5}},"type":"if","locations":[{"start":{"line":329,"column":4},"end":{"line":339,"column":5}}]},"30":{"loc":{"start":{"line":341,"column":4},"end":{"line":365,"column":5}},"type":"if","locations":[{"start":{"line":341,"column":4},"end":{"line":365,"column":5}}]},"31":{"loc":{"start":{"line":347,"column":6},"end":{"line":364,"column":7}},"type":"if","locations":[{"start":{"line":347,"column":6},"end":{"line":364,"column":7}},{"start":{"line":353,"column":13},"end":{"line":364,"column":7}}]}},"s":{"0":0,"1":0,"2":0,"3":0,"4":0,"5":0,"6":0,"7":0,"8":0,"9":0,"10":0,"11":0,"12":0,"13":0,"14":0,"15":0,"16":0,"17":0,"18":0,"19":0,"20":0,"21":0,"22":0,"23":0,"24":0,"25":0,"26":0,"27":0,"28":0,"29":0,"30":0,"31":0,"32":0,"33":0,"34":0,"35":0,"36":0,"37":0,"38":0,"39":0,"40":0,"41":0,"42":0,"43":0,"44":0,"45":0,"46":0,"47":0,"48":0,"49":0,"50":0,"51":0,"52":0,"53":0,"54":0,"55":0,"56":0,"57":0,"58":0,"59":0,"60":0,"61":0,"62":0,"63":0,"64":0,"65":0,"66":0,"67":0,"68":0,"69":0,"70":0,"71":0,"72":0,"73":0,"74":0,"75":0,"76":0,"77":0,"78":0,"79":0,"80":0,"81":0,"82":0,"83":0,"84":0,"85":0,"86":0,"87":0,"88":0,"89":0,"90":0,"91":0,"92":0,"93":0,"94":0,"95":0,"96":0,"97":0,"98":0,"99":0,"100":0,"101":0,"102":0,"103":0,"104":0,"105":0,"106":0,"107":0,"108":0,"109":0,"110":0,"111":0,"112":0,"113":0,"114":0,"115":0,"116":0,"117":0,"118":0,"119":0,"120":0,"121":0,"122":0,"123":0,"124":0,"125":0,"126":0,"127":0,"128":0,"129":0,"130":0,"131":0},"f":{"0":0,"1":0,"2":0,"3":0,"4":0,"5":0,"6":0,"7":0,"8":0,"9":0,"10":0,"11":0,"12":0,"13":0,"14":0,"15":0,"16":0,"17":0,"18":0},"b":{"0":[0],"1":[0],"2":[0],"3":[0,0,0],"4":[0],"5":[0,0,0],"6":[0],"7":[0],"8":[0,0,0,0],"9":[0],"10":[0,0],"11":[0],"12":[0],"13":[0,0,0,0,0,0,0],"14":[0,0],"15":[0,0],"16":[0,0],"17":[0,0],"18":[0,0],"19":[0,0],"20":[0,0],"21":[0,0],"22":[0,0],"23":[0,0],"24":[0],"25":[0,0],"26":[0,0],"27":[0,0],"28":[0],"29":[0],"30":[0],"31":[0,0]}}
,"C:\\xampp\\htdocs\\Whatsapp_CRM\\apps\\api\\src\\whatsapp\\session-store\\encrypted-file-auth-state.ts": {"path":"C:\\xampp\\htdocs\\Whatsapp_CRM\\apps\\api\\src\\whatsapp\\session-store\\encrypted-file-auth-state.ts","statementMap":{"0":{"start":{"line":45,"column":0},"end":{"line":45,"column":7}},"1":{"start":{"line":1,"column":0},"end":{"line":1,"column":76}},"2":{"start":{"line":2,"column":0},"end":{"line":2,"column":72}},"3":{"start":{"line":3,"column":0},"end":{"line":3,"column":33}},"4":{"start":{"line":4,"column":0},"end":{"line":4,"column":35}},"5":{"start":{"line":5,"column":0},"end":{"line":5,"column":75}},"6":{"start":{"line":17,"column":17},"end":{"line":17,"column":56}},"7":{"start":{"line":20,"column":13},"end":{"line":20,"column":28}},"8":{"start":{"line":21,"column":17},"end":{"line":21,"column":55}},"9":{"start":{"line":22,"column":21},"end":{"line":25,"column":4}},"10":{"start":{"line":26,"column":2},"end":{"line":26,"column":62}},"11":{"start":{"line":30,"column":13},"end":{"line":30,"column":33}},"12":{"start":{"line":31,"column":18},"end":{"line":31,"column":39}},"13":{"start":{"line":32,"column":21},"end":{"line":32,"column":38}},"14":{"start":{"line":33,"column":19},"end":{"line":33,"column":59}},"15":{"start":{"line":34,"column":2},"end":{"line":34,"column":31}},"16":{"start":{"line":35,"column":2},"end":{"line":38,"column":22}},"17":{"start":{"line":42,"column":2},"end":{"line":42,"column":54}},"18":{"start":{"line":49,"column":20},"end":{"line":55,"column":3}},"19":{"start":{"line":50,"column":21},"end":{"line":50,"column":52}},"20":{"start":{"line":51,"column":23},"end":{"line":51,"column":64}},"21":{"start":{"line":52,"column":4},"end":{"line":54,"column":6}},"22":{"start":{"line":53,"column":6},"end":{"line":53,"column":61}},"23":{"start":{"line":57,"column":19},"end":{"line":65,"column":3}},"24":{"start":{"line":58,"column":4},"end":{"line":64,"column":5}},"25":{"start":{"line":59,"column":23},"end":{"line":59,"column":54}},"26":{"start":{"line":60,"column":19},"end":{"line":60,"column":77}},"27":{"start":{"line":60,"column":58},"end":{"line":60,"column":76}},"28":{"start":{"line":61,"column":6},"end":{"line":61,"column":74}},"29":{"start":{"line":63,"column":6},"end":{"line":63,"column":18}},"30":{"start":{"line":67,"column":21},"end":{"line":74,"column":3}},"31":{"start":{"line":68,"column":4},"end":{"line":73,"column":5}},"32":{"start":{"line":69,"column":23},"end":{"line":69,"column":54}},"33":{"start":{"line":70,"column":6},"end":{"line":70,"column":76}},"34":{"start":{"line":70,"column":45},"end":{"line":70,"column":74}},"35":{"start":{"line":76,"column":21},"end":{"line":76,"column":62}},"36":{"start":{"line":76,"column":52},"end":{"line":76,"column":61}},"37":{"start":{"line":77,"column":2},"end":{"line":83,"column":3}},"38":{"start":{"line":78,"column":4},"end":{"line":80,"column":5}},"39":{"start":{"line":79,"column":6},"end":{"line":79,"column":78}},"40":{"start":{"line":82,"column":4},"end":{"line":82,"column":45}},"41":{"start":{"line":85,"column":16},"end":{"line":85,"column":65}},"42":{"start":{"line":87,"column":2},"end":{"line":122,"column":4}},"43":{"start":{"line":95,"column":63},"end":{"line":95,"column":65}},"44":{"start":{"line":96,"column":10},"end":{"line":104,"column":12}},"45":{"start":{"line":98,"column":26},"end":{"line":98,"column":62}},"46":{"start":{"line":99,"column":14},"end":{"line":101,"column":15}},"47":{"start":{"line":100,"column":16},"end":{"line":100,"column":76}},"48":{"start":{"line":102,"column":14},"end":{"line":102,"column":31}},"49":{"start":{"line":105,"column":10},"end":{"line":105,"column":22}},"50":{"start":{"line":108,"column":41},"end":{"line":108,"column":43}},"51":{"start":{"line":109,"column":10},"end":{"line":116,"column":11}},"52":{"start":{"line":110,"column":24},"end":{"line":110,"column":55}},"53":{"start":{"line":111,"column":12},"end":{"line":115,"column":13}},"54":{"start":{"line":112,"column":28},"end":{"line":112,"column":43}},"55":{"start":{"line":113,"column":27},"end":{"line":113,"column":51}},"56":{"start":{"line":114,"column":14},"end":{"line":114,"column":76}},"57":{"start":{"line":117,"column":10},"end":{"line":117,"column":35}},"58":{"start":{"line":121,"column":21},"end":{"line":121,"column":51}}},"fnMap":{"0":{"name":"encrypt","decl":{"start":{"line":19,"column":9},"end":{"line":19,"column":16}},"loc":{"start":{"line":19,"column":47},"end":{"line":27,"column":1}}},"1":{"name":"decrypt","decl":{"start":{"line":29,"column":9},"end":{"line":29,"column":16}},"loc":{"start":{"line":29,"column":42},"end":{"line":39,"column":1}}},"2":{"name":"fixFileName","decl":{"start":{"line":41,"column":9},"end":{"line":41,"column":20}},"loc":{"start":{"line":41,"column":33},"end":{"line":43,"column":1}}},"3":{"name":"useEncryptedFileAuthState","decl":{"start":{"line":45,"column":22},"end":{"line":45,"column":47}},"loc":{"start":{"line":47,"column":23},"end":{"line":123,"column":1}}},"4":{"name":"(anonymous_5)","decl":{"start":{"line":49,"column":20},"end":{"line":49,"column":21}},"loc":{"start":{"line":49,"column":52},"end":{"line":55,"column":3}}},"5":{"name":"(anonymous_6)","decl":{"start":{"line":52,"column":38},"end":{"line":52,"column":41}},"loc":{"start":{"line":53,"column":6},"end":{"line":53,"column":61}}},"6":{"name":"(anonymous_7)","decl":{"start":{"line":57,"column":19},"end":{"line":57,"column":24}},"loc":{"start":{"line":57,"column":42},"end":{"line":65,"column":3}}},"7":{"name":"(anonymous_8)","decl":{"start":{"line":60,"column":52},"end":{"line":60,"column":55}},"loc":{"start":{"line":60,"column":58},"end":{"line":60,"column":76}}},"8":{"name":"(anonymous_9)","decl":{"start":{"line":67,"column":21},"end":{"line":67,"column":26}},"loc":{"start":{"line":67,"column":44},"end":{"line":74,"column":3}}},"9":{"name":"(anonymous_10)","decl":{"start":{"line":70,"column":39},"end":{"line":70,"column":42}},"loc":{"start":{"line":70,"column":45},"end":{"line":70,"column":74}}},"10":{"name":"(anonymous_11)","decl":{"start":{"line":76,"column":46},"end":{"line":76,"column":49}},"loc":{"start":{"line":76,"column":52},"end":{"line":76,"column":61}}},"11":{"name":"(anonymous_12)","decl":{"start":{"line":91,"column":13},"end":{"line":91,"column":18}},"loc":{"start":{"line":94,"column":12},"end":{"line":106,"column":9}}},"12":{"name":"(anonymous_13)","decl":{"start":{"line":97,"column":20},"end":{"line":97,"column":25}},"loc":{"start":{"line":97,"column":33},"end":{"line":103,"column":13}}},"13":{"name":"(anonymous_14)","decl":{"start":{"line":107,"column":13},"end":{"line":107,"column":18}},"loc":{"start":{"line":107,"column":43},"end":{"line":118,"column":9}}},"14":{"name":"(anonymous_15)","decl":{"start":{"line":121,"column":15},"end":{"line":121,"column":18}},"loc":{"start":{"line":121,"column":21},"end":{"line":121,"column":51}}}},"branchMap":{"0":{"loc":{"start":{"line":77,"column":2},"end":{"line":83,"column":3}},"type":"if","locations":[{"start":{"line":77,"column":2},"end":{"line":83,"column":3}},{"start":{"line":81,"column":9},"end":{"line":83,"column":3}}]},"1":{"loc":{"start":{"line":78,"column":4},"end":{"line":80,"column":5}},"type":"if","locations":[{"start":{"line":78,"column":4},"end":{"line":80,"column":5}}]},"2":{"loc":{"start":{"line":85,"column":16},"end":{"line":85,"column":65}},"type":"binary-expr","locations":[{"start":{"line":85,"column":17},"end":{"line":85,"column":45}},{"start":{"line":85,"column":50},"end":{"line":85,"column":65}}]},"3":{"loc":{"start":{"line":99,"column":14},"end":{"line":101,"column":15}},"type":"if","locations":[{"start":{"line":99,"column":14},"end":{"line":101,"column":15}}]},"4":{"loc":{"start":{"line":99,"column":18},"end":{"line":99,"column":56}},"type":"binary-expr","locations":[{"start":{"line":99,"column":18},"end":{"line":99,"column":47}},{"start":{"line":99,"column":51},"end":{"line":99,"column":56}}]},"5":{"loc":{"start":{"line":114,"column":25},"end":{"line":114,"column":74}},"type":"cond-expr","locations":[{"start":{"line":114,"column":33},"end":{"line":114,"column":55}},{"start":{"line":114,"column":58},"end":{"line":114,"column":74}}]}},"s":{"0":1,"1":1,"2":1,"3":1,"4":1,"5":1,"6":1,"7":4,"8":4,"9":4,"10":4,"11":3,"12":3,"13":3,"14":3,"15":3,"16":3,"17":12,"18":6,"19":4,"20":4,"21":4,"22":4,"23":6,"24":7,"25":7,"26":7,"27":7,"28":3,"29":5,"30":6,"31":1,"32":1,"33":1,"34":1,"35":6,"36":0,"37":6,"38":6,"39":0,"40":0,"41":6,"42":6,"43":1,"44":1,"45":1,"46":1,"47":0,"48":1,"49":1,"50":3,"51":3,"52":3,"53":3,"54":3,"55":3,"56":3,"57":3,"58":2},"f":{"0":4,"1":3,"2":12,"3":6,"4":4,"5":4,"6":7,"7":7,"8":1,"9":1,"10":0,"11":1,"12":1,"13":3,"14":2},"b":{"0":[6,0],"1":[0],"2":[6,5],"3":[0],"4":[1,0],"5":[2,1]}}
}
