TN:
SF:src\app.module.ts
FNF:0
FNH:0
DA:1,0
DA:2,0
DA:3,0
DA:4,0
DA:5,0
DA:6,0
DA:7,0
DA:8,0
DA:9,0
DA:10,0
DA:11,0
DA:12,0
DA:13,0
DA:14,0
DA:15,0
DA:16,0
DA:17,0
DA:18,0
DA:19,0
DA:20,0
DA:21,0
DA:22,0
DA:23,0
DA:24,0
DA:25,0
DA:26,0
DA:27,0
DA:28,0
DA:68,0
LF:29
LH:0
BRF:0
BRH:0
end_of_record
TN:
SF:src\main.ts
FN:11,bootstrap
FNF:1
FNH:0
FNDA:0,bootstrap
DA:1,0
DA:2,0
DA:3,0
DA:4,0
DA:5,0
DA:6,0
DA:7,0
DA:8,0
DA:9,0
DA:12,0
DA:13,0
DA:15,0
DA:16,0
DA:17,0
DA:18,0
DA:19,0
DA:23,0
DA:30,0
DA:31,0
DA:37,0
DA:39,0
DA:40,0
DA:42,0
LF:23
LH:0
BRDA:39,0,0,0
BRDA:39,0,1,0
BRF:2
BRH:0
end_of_record
TN:
SF:src\analytics\analytics.controller.ts
FN:9,(anonymous_2)
FN:12,(anonymous_3)
FNF:2
FNH:0
FNDA:0,(anonymous_2)
FNDA:0,(anonymous_3)
DA:1,0
DA:2,0
DA:3,0
DA:4,0
DA:8,0
DA:9,0
DA:12,0
DA:13,0
LF:8
LH:0
BRF:0
BRH:0
end_of_record
TN:
SF:src\analytics\analytics.module.ts
FNF:0
FNH:0
DA:1,0
DA:2,0
DA:3,0
DA:9,0
LF:4
LH:0
BRF:0
BRH:0
end_of_record
TN:
SF:src\analytics\analytics.service.ts
FN:7,startOfDay
FN:14,localDateLabel
FN:23,(anonymous_4)
FN:25,(anonymous_5)
FN:109,(anonymous_6)
FNF:5
FNH:0
FNDA:0,startOfDay
FNDA:0,localDateLabel
FNDA:0,(anonymous_4)
FNDA:0,(anonymous_5)
FNDA:0,(anonymous_6)
DA:1,0
DA:2,0
DA:4,0
DA:5,0
DA:8,0
DA:15,0
DA:16,0
DA:17,0
DA:18,0
DA:22,0
DA:23,0
DA:45,0
DA:85,0
DA:110,0
DA:111,0
DA:112,0
DA:113,0
DA:114,0
DA:115,0
DA:116,0
DA:118,0
DA:125,0
DA:127,0
LF:23
LH:0
BRDA:101,0,0,0
BRDA:101,0,1,0
BRDA:102,1,0,0
BRDA:102,1,1,0
BRF:4
BRH:0
end_of_record
TN:
SF:src\audit-logs\audit-log.controller.ts
FN:10,(anonymous_4)
FN:13,(anonymous_5)
FNF:2
FNH:0
FNDA:0,(anonymous_4)
FNDA:0,(anonymous_5)
DA:1,0
DA:2,0
DA:3,0
DA:4,0
DA:5,0
DA:9,0
DA:10,0
DA:13,0
DA:14,0
LF:9
LH:0
BRF:0
BRH:0
end_of_record
TN:
SF:src\audit-logs\audit-log.interceptor.ts
FN:23,(anonymous_2)
FN:28,(anonymous_3)
FN:35,(anonymous_4)
FNF:3
FNH:0
FNDA:0,(anonymous_2)
FNDA:0,(anonymous_3)
FNDA:0,(anonymous_4)
DA:1,0
DA:7,0
DA:8,0
DA:10,0
DA:11,0
DA:22,0
DA:24,0
DA:25,0
DA:29,0
DA:30,0
DA:32,0
DA:34,0
DA:36,0
DA:38,0
DA:39,0
LF:15
LH:0
BRDA:30,0,0,0
BRDA:38,1,0,0
BRDA:38,1,1,0
BRDA:38,1,2,0
BRDA:38,1,3,0
BRF:5
BRH:0
end_of_record
TN:
SF:src\audit-logs\audit-log.module.ts
FNF:0
FNH:0
DA:1,0
DA:2,0
DA:3,0
DA:4,0
DA:11,0
LF:5
LH:0
BRF:0
BRH:0
end_of_record
TN:
SF:src\audit-logs\audit-log.service.ts
FN:20,(anonymous_2)
FN:25,(anonymous_3)
FN:42,(anonymous_4)
FNF:3
FNH:0
FNDA:0,(anonymous_2)
FNDA:0,(anonymous_3)
FNDA:0,(anonymous_4)
DA:1,0
DA:3,0
DA:4,0
DA:17,0
DA:18,0
DA:20,0
DA:26,0
DA:27,0
DA:38,0
DA:43,0
DA:48,0
DA:62,0
LF:12
LH:0
BRDA:44,0,0,0
BRDA:44,0,1,0
BRDA:45,1,0,0
BRDA:45,1,1,0
BRDA:46,2,0,0
BRDA:46,2,1,0
BRF:6
BRH:0
end_of_record
TN:
SF:src\audit-logs\decorators\audit.decorator.ts
FN:11,(anonymous_0)
FNF:1
FNH:0
FNDA:0,(anonymous_0)
DA:1,0
DA:3,0
DA:11,0
DA:12,0
LF:4
LH:0
BRF:0
BRH:0
end_of_record
TN:
SF:src\audit-logs\dto\query-audit-logs.dto.ts
FNF:0
FNH:0
DA:1,0
DA:2,0
DA:4,0
DA:7,0
DA:11,0
DA:15,0
LF:6
LH:0
BRF:0
BRH:0
end_of_record
TN:
SF:src\auth\auth.controller.ts
FN:27,(anonymous_4)
FN:40,(anonymous_5)
FN:64,(anonymous_6)
FN:85,(anonymous_7)
FN:93,(anonymous_8)
FN:101,(anonymous_9)
FN:116,(anonymous_10)
FN:120,(anonymous_11)
FN:130,(anonymous_12)
FNF:9
FNH:0
FNDA:0,(anonymous_4)
FNDA:0,(anonymous_5)
FNDA:0,(anonymous_6)
FNDA:0,(anonymous_7)
FNDA:0,(anonymous_8)
FNDA:0,(anonymous_9)
FNDA:0,(anonymous_10)
FNDA:0,(anonymous_11)
FNDA:0,(anonymous_12)
DA:1,0
DA:12,0
DA:13,0
DA:15,0
DA:16,0
DA:17,0
DA:18,0
DA:20,0
DA:22,0
DA:23,0
DA:26,0
DA:28,0
DA:29,0
DA:30,0
DA:40,0
DA:45,0
DA:49,0
DA:50,0
DA:52,0
DA:64,0
DA:68,0
DA:69,0
DA:70,0
DA:73,0
DA:77,0
DA:79,0
DA:85,0
DA:86,0
DA:87,0
DA:88,0
DA:89,0
DA:93,0
DA:94,0
DA:95,0
DA:96,0
DA:98,0
DA:109,0
DA:116,0
DA:121,0
DA:131,0
LF:40
LH:0
BRDA:69,0,0,0
BRDA:95,1,0,0
BRF:2
BRH:0
end_of_record
TN:
SF:src\auth\auth.module.ts
FNF:0
FNH:0
DA:1,0
DA:2,0
DA:3,0
DA:4,0
DA:5,0
DA:6,0
DA:7,0
DA:14,0
LF:8
LH:0
BRF:0
BRH:0
end_of_record
TN:
SF:src\auth\auth.service.ts
FN:22,(anonymous_11)
FN:29,(anonymous_12)
FN:46,(anonymous_13)
FN:56,(anonymous_14)
FN:96,(anonymous_15)
FN:110,(anonymous_16)
FN:115,(anonymous_17)
FN:123,(anonymous_18)
FN:148,(anonymous_19)
FN:161,parseTtlMs
FNF:10
FNH:0
FNDA:0,(anonymous_11)
FNDA:0,(anonymous_12)
FNDA:0,(anonymous_13)
FNDA:0,(anonymous_14)
FNDA:0,(anonymous_15)
FNDA:0,(anonymous_16)
FNDA:0,(anonymous_17)
FNDA:0,(anonymous_18)
FNDA:0,(anonymous_19)
FNDA:0,parseTtlMs
DA:1,0
DA:2,0
DA:3,0
DA:4,0
DA:5,0
DA:6,0
DA:21,0
DA:23,0
DA:24,0
DA:25,0
DA:26,0
DA:33,0
DA:34,0
DA:35,0
DA:38,0
DA:39,0
DA:40,0
DA:43,0
DA:50,0
DA:52,0
DA:53,0
DA:60,0
DA:62,0
DA:66,0
DA:67,0
DA:70,0
DA:73,0
DA:77,0
DA:80,0
DA:81,0
DA:82,0
DA:85,0
DA:90,0
DA:92,0
DA:93,0
DA:97,0
DA:99,0
DA:100,0
DA:101,0
DA:111,0
DA:115,0
DA:117,0
DA:124,0
DA:125,0
DA:126,0
DA:128,0
DA:137,0
DA:145,0
DA:151,0
DA:152,0
DA:156,0
DA:162,0
DA:163,0
DA:164,0
DA:165,0
DA:166,0
DA:167,0
LF:57
LH:0
BRDA:34,0,0,0
BRDA:34,1,0,0
BRDA:34,1,1,0
BRDA:39,2,0,0
BRDA:66,3,0,0
BRDA:66,4,0,0
BRDA:66,4,1,0
BRDA:70,5,0,0
BRDA:70,6,0,0
BRDA:70,6,1,0
BRDA:81,7,0,0
BRDA:81,8,0,0
BRDA:81,8,1,0
BRDA:97,9,0,0
BRDA:163,10,0,0
BRF:15
BRH:0
end_of_record
TN:
SF:src\auth\decorators\current-user.decorator.ts
FN:5,(anonymous_0)
FNF:1
FNH:0
FNDA:0,(anonymous_0)
DA:1,0
DA:4,0
DA:6,0
DA:7,0
LF:4
LH:0
BRF:0
BRH:0
end_of_record
TN:
SF:src\auth\decorators\permissions.decorator.ts
FN:5,(anonymous_0)
FNF:1
FNH:0
FNDA:0,(anonymous_0)
DA:1,1
DA:4,1
DA:5,1
DA:6,0
LF:4
LH:3
BRF:0
BRH:0
end_of_record
TN:
SF:src\auth\decorators\public.decorator.ts
FN:4,(anonymous_0)
FNF:1
FNH:1
FNDA:1,(anonymous_0)
DA:1,1
DA:3,1
DA:4,1
LF:3
LH:3
BRF:0
BRH:0
end_of_record
TN:
SF:src\auth\decorators\roles.decorator.ts
FN:4,(anonymous_0)
FNF:1
FNH:0
FNDA:0,(anonymous_0)
DA:1,1
DA:3,1
DA:4,1
LF:3
LH:3
BRF:0
BRH:0
end_of_record
TN:
SF:src\auth\dto\login.dto.ts
FNF:0
FNH:0
DA:1,0
DA:3,0
DA:5,0
DA:9,0
LF:4
LH:0
BRF:0
BRH:0
end_of_record
TN:
SF:src\auth\guards\jwt-auth.guard.ts
FN:8,(anonymous_2)
FN:12,(anonymous_3)
FNF:2
FNH:0
FNDA:0,(anonymous_2)
FNDA:0,(anonymous_3)
DA:1,0
DA:2,0
DA:3,0
DA:4,0
DA:7,0
DA:8,0
DA:9,0
DA:13,0
DA:17,0
DA:18,0
DA:20,0
LF:11
LH:0
BRDA:17,0,0,0
BRF:1
BRH:0
end_of_record
TN:
SF:src\auth\guards\rbac.guard.ts
FN:15,(anonymous_2)
FN:17,(anonymous_3)
FN:43,(anonymous_4)
FNF:3
FNH:3
FNDA:6,(anonymous_2)
FNDA:6,(anonymous_3)
FNDA:2,(anonymous_4)
DA:1,1
DA:7,1
DA:9,1
DA:10,1
DA:14,1
DA:15,6
DA:18,6
DA:22,6
DA:26,6
DA:27,1
DA:30,5
DA:33,5
DA:34,1
DA:37,4
DA:38,1
DA:41,3
DA:43,2
DA:45,1
DA:48,2
LF:19
LH:19
BRDA:26,0,0,1
BRDA:26,1,0,6
BRDA:26,1,1,4
BRDA:33,2,0,1
BRDA:37,3,0,1
BRDA:37,4,0,4
BRDA:37,4,1,2
BRDA:41,5,0,1
BRDA:42,6,0,3
BRDA:42,6,1,2
BRF:10
BRH:10
end_of_record
TN:
SF:src\auth\strategies\jwt.strategy.ts
FN:9,(anonymous_2)
FN:17,(anonymous_3)
FNF:2
FNH:0
FNDA:0,(anonymous_2)
FNDA:0,(anonymous_3)
DA:1,0
DA:2,0
DA:3,0
DA:4,0
DA:8,0
DA:10,0
DA:18,0
LF:7
LH:0
BRF:0
BRH:0
end_of_record
TN:
SF:src\automations\automations-listener.service.ts
FN:29,(anonymous_2)
FN:37,(anonymous_3)
FN:66,(anonymous_4)
FN:89,(anonymous_5)
FNF:4
FNH:0
FNDA:0,(anonymous_2)
FNDA:0,(anonymous_3)
FNDA:0,(anonymous_4)
FNDA:0,(anonymous_5)
DA:1,0
DA:2,0
DA:3,0
DA:4,0
DA:5,0
DA:6,0
DA:10,0
DA:26,0
DA:27,0
DA:30,0
DA:31,0
DA:32,0
DA:33,0
DA:37,0
DA:38,0
DA:39,0
DA:41,0
DA:44,0
DA:46,0
DA:50,0
DA:52,0
DA:53,0
DA:54,0
DA:60,0
DA:62,0
DA:71,0
DA:72,0
DA:73,0
DA:76,0
DA:77,0
DA:81,0
DA:86,0
DA:87,0
DA:88,0
DA:89,0
DA:90,0
DA:91,0
DA:100,0
LF:38
LH:0
BRDA:39,0,0,0
BRDA:44,1,0,0
BRDA:50,2,0,0
BRDA:53,3,0,0
BRDA:53,3,1,0
BRDA:54,4,0,0
BRDA:55,5,0,0
BRDA:55,5,1,0
BRDA:56,6,0,0
BRDA:56,6,1,0
BRDA:72,7,0,0
BRDA:72,7,1,0
BRDA:86,8,0,0
BRDA:90,9,0,0
BRF:14
BRH:0
end_of_record
TN:
SF:src\automations\automations.controller.ts
FN:24,(anonymous_4)
FN:27,(anonymous_5)
FN:32,(anonymous_6)
FN:38,(anonymous_7)
FN:47,(anonymous_8)
FN:53,(anonymous_9)
FNF:6
FNH:0
FNDA:0,(anonymous_4)
FNDA:0,(anonymous_5)
FNDA:0,(anonymous_6)
FNDA:0,(anonymous_7)
FNDA:0,(anonymous_8)
FNDA:0,(anonymous_9)
DA:1,0
DA:11,0
DA:12,0
DA:14,0
DA:15,0
DA:16,0
DA:17,0
DA:18,0
DA:19,0
DA:23,0
DA:24,0
DA:27,0
DA:28,0
DA:32,0
DA:33,0
DA:38,0
DA:42,0
DA:47,0
DA:48,0
DA:53,0
DA:54,0
LF:21
LH:0
BRF:0
BRH:0
end_of_record
TN:
SF:src\automations\automations.module.ts
FNF:0
FNH:0
DA:1,0
DA:2,0
DA:3,0
DA:4,0
DA:5,0
DA:6,0
DA:7,0
DA:14,0
LF:8
LH:0
BRF:0
BRH:0
end_of_record
TN:
SF:src\automations\automations.service.ts
FN:15,(anonymous_2)
FN:20,(anonymous_3)
FN:32,(anonymous_4)
FN:42,(anonymous_5)
FN:57,(anonymous_6)
FN:83,(anonymous_7)
FN:88,(anonymous_8)
FNF:7
FNH:0
FNDA:0,(anonymous_2)
FNDA:0,(anonymous_3)
FNDA:0,(anonymous_4)
FNDA:0,(anonymous_5)
FNDA:0,(anonymous_6)
FNDA:0,(anonymous_7)
FNDA:0,(anonymous_8)
DA:1,0
DA:7,0
DA:8,0
DA:9,0
DA:14,0
DA:16,0
DA:17,0
DA:21,0
DA:29,0
DA:33,0
DA:36,0
DA:37,0
DA:39,0
DA:43,0
DA:44,0
DA:58,0
DA:59,0
DA:60,0
DA:70,0
DA:84,0
DA:85,0
DA:92,0
DA:93,0
DA:94,0
DA:95,0
DA:99,0
DA:100,0
DA:101,0
DA:102,0
DA:103,0
DA:105,0
DA:106,0
DA:107,0
LF:33
LH:0
BRDA:36,0,0,0
BRDA:48,1,0,0
BRDA:48,1,1,0
BRDA:51,2,0,0
BRDA:51,2,1,0
BRDA:59,3,0,0
BRDA:59,4,0,0
BRDA:59,4,1,0
BRDA:61,5,0,0
BRDA:61,5,1,0
BRDA:63,6,0,0
BRDA:63,6,1,0
BRDA:92,7,0,0
BRDA:92,7,1,0
BRDA:94,8,0,0
BRDA:100,9,0,0
BRDA:102,10,0,0
BRDA:106,11,0,0
BRF:18
BRH:0
end_of_record
TN:
SF:src\automations\dto\create-automation.dto.ts
FNF:0
FNH:0
DA:1,0
DA:10,0
DA:11,0
DA:13,0
DA:16,0
DA:19,0
DA:23,0
DA:26,0
DA:29,0
DA:33,0
LF:10
LH:0
BRF:0
BRH:0
end_of_record
TN:
SF:src\automations\dto\update-automation.dto.ts
FNF:0
FNH:0
DA:1,0
DA:2,0
DA:4,0
LF:3
LH:0
BRF:0
BRH:0
end_of_record
TN:
SF:src\campaigns\campaign-delay.util.ts
FN:2,randomDelaySeconds
FN:11,msUntilNextDailyWindow
FN:24,retryBackoffMs
FNF:3
FNH:3
FNDA:203,randomDelaySeconds
FNDA:1,msUntilNextDailyWindow
FNDA:3,retryBackoffMs
DA:2,1
DA:6,203
DA:7,200
DA:11,1
DA:12,1
DA:20,1
DA:24,1
DA:25,3
LF:8
LH:8
BRDA:6,0,0,3
BRDA:11,1,0,0
BRF:2
BRH:1
end_of_record
TN:
SF:src\campaigns\campaign-processor.service.ts
FN:14,startOfToday
FN:23,(anonymous_5)
FN:32,(anonymous_6)
FN:46,(anonymous_7)
FN:151,(anonymous_8)
FN:28,(anonymous_9)
FNF:6
FNH:0
FNDA:0,startOfToday
FNDA:0,(anonymous_5)
FNDA:0,(anonymous_6)
FNDA:0,(anonymous_7)
FNDA:0,(anonymous_8)
FNDA:0,(anonymous_9)
DA:1,0
DA:2,0
DA:3,0
DA:4,0
DA:5,0
DA:6,0
DA:7,0
DA:8,0
DA:9,0
DA:15,0
DA:16,0
DA:20,0
DA:21,0
DA:24,0
DA:25,0
DA:26,0
DA:27,0
DA:28,0
DA:29,0
DA:36,0
DA:37,0
DA:39,0
DA:50,0
DA:54,0
DA:59,0
DA:62,0
DA:69,0
DA:70,0
DA:73,0
DA:74,0
DA:78,0
DA:81,0
DA:82,0
DA:89,0
DA:90,0
DA:94,0
DA:98,0
DA:99,0
DA:105,0
DA:108,0
DA:109,0
DA:113,0
DA:118,0
DA:119,0
DA:127,0
DA:128,0
DA:136,0
DA:142,0
DA:158,0
DA:160,0
DA:161,0
DA:165,0
DA:170,0
DA:174,0
LF:54
LH:0
BRDA:54,0,0,0
BRDA:55,1,0,0
BRDA:55,1,1,0
BRDA:55,1,2,0
BRDA:69,2,0,0
BRDA:69,3,0,0
BRDA:69,3,1,0
BRDA:73,4,0,0
BRDA:81,5,0,0
BRDA:89,6,0,0
BRDA:98,7,0,0
BRDA:121,8,0,0
BRDA:121,8,1,0
BRDA:127,9,0,0
BRDA:127,9,1,0
BRDA:132,10,0,0
BRDA:132,10,1,0
BRDA:146,11,0,0
BRDA:146,11,1,0
BRDA:160,12,0,0
BRDA:160,12,1,0
BRF:21
BRH:0
end_of_record
TN:
SF:src\campaigns\campaign-runner.service.ts
FN:18,(anonymous_4)
FN:25,(anonymous_5)
FN:43,(anonymous_6)
FN:54,(anonymous_7)
FN:74,(anonymous_8)
FN:104,(anonymous_9)
FN:20,(anonymous_10)
FNF:7
FNH:0
FNDA:0,(anonymous_4)
FNDA:0,(anonymous_5)
FNDA:0,(anonymous_6)
FNDA:0,(anonymous_7)
FNDA:0,(anonymous_8)
FNDA:0,(anonymous_9)
FNDA:0,(anonymous_10)
DA:1,0
DA:2,0
DA:3,0
DA:4,0
DA:5,0
DA:7,0
DA:14,0
DA:15,0
DA:16,0
DA:19,0
DA:20,0
DA:21,0
DA:30,0
DA:31,0
DA:32,0
DA:33,0
DA:37,0
DA:44,0
DA:54,0
DA:55,0
DA:56,0
DA:57,0
DA:58,0
DA:62,0
DA:63,0
DA:66,0
DA:70,0
DA:78,0
DA:81,0
DA:82,0
DA:84,0
DA:95,0
DA:96,0
DA:100,0
DA:102,0
DA:105,0
LF:36
LH:0
BRDA:55,0,0,0
BRDA:67,1,0,0
BRDA:67,1,1,0
BRDA:82,2,0,0
BRDA:100,3,0,0
BRF:5
BRH:0
end_of_record
TN:
SF:src\campaigns\campaign-scheduler.service.ts
FN:10,(anonymous_2)
FN:16,(anonymous_3)
FNF:2
FNH:0
FNDA:0,(anonymous_2)
FNDA:0,(anonymous_3)
DA:1,0
DA:2,0
DA:3,0
DA:4,0
DA:7,0
DA:8,0
DA:11,0
DA:12,0
DA:16,0
DA:17,0
DA:22,0
DA:23,0
DA:24,0
DA:25,0
DA:27,0
LF:15
LH:0
BRF:0
BRH:0
end_of_record
TN:
SF:src\campaigns\campaigns.controller.ts
FN:27,(anonymous_4)
FN:30,(anonymous_5)
FN:37,(anonymous_6)
FN:42,(anonymous_7)
FN:47,(anonymous_8)
FN:52,(anonymous_9)
FN:60,(anonymous_10)
FN:65,(anonymous_11)
FN:71,(anonymous_12)
FN:76,(anonymous_13)
FN:83,(anonymous_14)
FN:90,(anonymous_15)
FN:97,(anonymous_16)
FN:104,(anonymous_17)
FN:111,(anonymous_18)
FNF:15
FNH:0
FNDA:0,(anonymous_4)
FNDA:0,(anonymous_5)
FNDA:0,(anonymous_6)
FNDA:0,(anonymous_7)
FNDA:0,(anonymous_8)
FNDA:0,(anonymous_9)
FNDA:0,(anonymous_10)
FNDA:0,(anonymous_11)
FNDA:0,(anonymous_12)
FNDA:0,(anonymous_13)
FNDA:0,(anonymous_14)
FNDA:0,(anonymous_15)
FNDA:0,(anonymous_16)
FNDA:0,(anonymous_17)
FNDA:0,(anonymous_18)
DA:1,0
DA:13,0
DA:14,0
DA:16,0
DA:17,0
DA:18,0
DA:19,0
DA:20,0
DA:21,0
DA:22,0
DA:26,0
DA:27,0
DA:30,0
DA:31,0
DA:37,0
DA:38,0
DA:42,0
DA:43,0
DA:47,0
DA:48,0
DA:52,0
DA:56,0
DA:60,0
DA:61,0
DA:65,0
DA:66,0
DA:71,0
DA:72,0
DA:76,0
DA:77,0
DA:83,0
DA:84,0
DA:90,0
DA:91,0
DA:97,0
DA:98,0
DA:104,0
DA:105,0
DA:111,0
DA:112,0
LF:40
LH:0
BRF:0
BRH:0
end_of_record
TN:
SF:src\campaigns\campaigns.module.ts
FNF:0
FNH:0
DA:1,0
DA:2,0
DA:3,0
DA:4,0
DA:5,0
DA:6,0
DA:7,0
DA:8,0
DA:20,0
LF:9
LH:0
BRF:0
BRH:0
end_of_record
TN:
SF:src\campaigns\campaigns.service.ts
FN:48,(anonymous_2)
FN:53,(anonymous_3)
FN:66,(anonymous_4)
FN:71,(anonymous_5)
FN:82,(anonymous_6)
FN:104,(anonymous_7)
FN:132,(anonymous_8)
FN:148,(anonymous_9)
FN:161,(anonymous_10)
FN:183,(anonymous_11)
FN:207,(anonymous_12)
FN:224,(anonymous_13)
FN:235,(anonymous_14)
FN:259,(anonymous_15)
FN:275,(anonymous_16)
FN:283,(anonymous_17)
FN:295,(anonymous_18)
FN:307,(anonymous_19)
FN:323,(anonymous_20)
FN:337,(anonymous_21)
FN:341,(anonymous_22)
FN:355,(anonymous_23)
FN:367,(anonymous_24)
FN:387,(anonymous_25)
FN:395,(anonymous_26)
FN:397,(anonymous_27)
FN:404,(anonymous_28)
FN:411,(anonymous_29)
FN:416,(anonymous_30)
FN:423,(anonymous_31)
FNF:30
FNH:0
FNDA:0,(anonymous_2)
FNDA:0,(anonymous_3)
FNDA:0,(anonymous_4)
FNDA:0,(anonymous_5)
FNDA:0,(anonymous_6)
FNDA:0,(anonymous_7)
FNDA:0,(anonymous_8)
FNDA:0,(anonymous_9)
FNDA:0,(anonymous_10)
FNDA:0,(anonymous_11)
FNDA:0,(anonymous_12)
FNDA:0,(anonymous_13)
FNDA:0,(anonymous_14)
FNDA:0,(anonymous_15)
FNDA:0,(anonymous_16)
FNDA:0,(anonymous_17)
FNDA:0,(anonymous_18)
FNDA:0,(anonymous_19)
FNDA:0,(anonymous_20)
FNDA:0,(anonymous_21)
FNDA:0,(anonymous_22)
FNDA:0,(anonymous_23)
FNDA:0,(anonymous_24)
FNDA:0,(anonymous_25)
FNDA:0,(anonymous_26)
FNDA:0,(anonymous_27)
FNDA:0,(anonymous_28)
FNDA:0,(anonymous_29)
FNDA:0,(anonymous_30)
FNDA:0,(anonymous_31)
DA:1,0
DA:6,0
DA:7,0
DA:8,0
DA:10,0
DA:15,0
DA:20,0
DA:27,0
DA:39,0
DA:44,0
DA:47,0
DA:49,0
DA:50,0
DA:54,0
DA:55,0
DA:65,0
DA:66,0
DA:68,0
DA:72,0
DA:76,0
DA:77,0
DA:79,0
DA:86,0
DA:87,0
DA:91,0
DA:101,0
DA:105,0
DA:108,0
DA:109,0
DA:112,0
DA:114,0
DA:129,0
DA:133,0
DA:134,0
DA:135,0
DA:137,0
DA:145,0
DA:149,0
DA:150,0
DA:154,0
DA:158,0
DA:162,0
DA:163,0
DA:164,0
DA:165,0
DA:173,0
DA:177,0
DA:183,0
DA:186,0
DA:187,0
DA:188,0
DA:189,0
DA:190,0
DA:191,0
DA:192,0
DA:193,0
DA:195,0
DA:199,0
DA:208,0
DA:209,0
DA:210,0
DA:215,0
DA:216,0
DA:217,0
DA:220,0
DA:223,0
DA:224,0
DA:232,0
DA:236,0
DA:237,0
DA:238,0
DA:240,0
DA:243,0
DA:244,0
DA:247,0
DA:248,0
DA:252,0
DA:255,0
DA:260,0
DA:261,0
DA:263,0
DA:268,0
DA:273,0
DA:274,0
DA:275,0
DA:280,0
DA:284,0
DA:285,0
DA:286,0
DA:288,0
DA:292,0
DA:296,0
DA:297,0
DA:298,0
DA:300,0
DA:304,0
DA:308,0
DA:309,0
DA:310,0
DA:312,0
DA:316,0
DA:320,0
DA:324,0
DA:325,0
DA:326,0
DA:328,0
DA:332,0
DA:333,0
DA:336,0
DA:337,0
DA:340,0
DA:341,0
DA:346,0
DA:347,0
DA:352,0
DA:356,0
DA:360,0
DA:361,0
DA:363,0
DA:367,0
DA:368,0
DA:374,0
DA:376,0
DA:379,0
DA:380,0
DA:388,0
DA:389,0
DA:390,0
DA:392,0
DA:396,0
DA:397,0
DA:399,0
DA:400,0
DA:404,0
DA:406,0
DA:407,0
DA:411,0
DA:413,0
DA:417,0
DA:422,0
DA:423,0
DA:425,0
DA:426,0
DA:427,0
DA:428,0
DA:430,0
LF:146
LH:0
BRDA:54,0,0,0
BRDA:54,0,1,0
BRDA:76,1,0,0
BRDA:89,2,0,0
BRDA:89,2,1,0
BRDA:108,3,0,0
BRDA:112,4,0,0
BRDA:119,5,0,0
BRDA:119,5,1,0
BRDA:134,6,0,0
BRDA:141,7,0,0
BRDA:141,7,1,0
BRDA:150,8,0,0
BRDA:151,9,0,0
BRDA:151,9,1,0
BRDA:164,10,0,0
BRDA:190,11,0,0
BRDA:190,11,1,0
BRDA:192,12,0,0
BRDA:192,12,1,0
BRDA:209,13,0,0
BRDA:209,14,0,0
BRDA:209,14,1,0
BRDA:216,15,0,0
BRDA:227,16,0,0
BRDA:227,16,1,0
BRDA:237,17,0,0
BRDA:237,18,0,0
BRDA:237,18,1,0
BRDA:243,19,0,0
BRDA:247,20,0,0
BRDA:247,21,0,0
BRDA:247,21,1,0
BRDA:261,22,0,0
BRDA:265,23,0,0
BRDA:265,23,1,0
BRDA:273,24,0,0
BRDA:285,25,0,0
BRDA:297,26,0,0
BRDA:309,27,0,0
BRDA:325,28,0,0
BRDA:332,29,0,0
BRDA:346,30,0,0
BRDA:374,31,0,0
BRDA:379,32,0,0
BRDA:379,33,0,0
BRDA:379,33,1,0
BRDA:389,34,0,0
BRDA:399,35,0,0
BRDA:406,36,0,0
BRF:50
BRH:0
end_of_record
TN:
SF:src\campaigns\dto\add-recipients.dto.ts
FNF:0
FNH:0
DA:1,0
DA:3,0
DA:7,0
DA:12,0
DA:17,0
LF:5
LH:0
BRF:0
BRH:0
end_of_record
TN:
SF:src\campaigns\dto\create-campaign.dto.ts
FNF:0
FNH:0
DA:1,0
DA:10,0
DA:13,0
DA:16,0
DA:19,0
DA:23,0
DA:28,0
DA:33,0
DA:38,0
DA:43,0
DA:48,0
LF:11
LH:0
BRF:0
BRH:0
end_of_record
TN:
SF:src\campaigns\dto\query-campaigns.dto.ts
FNF:0
FNH:0
DA:1,0
DA:2,0
DA:4,0
DA:7,0
LF:4
LH:0
BRF:0
BRH:0
end_of_record
TN:
SF:src\campaigns\dto\update-campaign.dto.ts
FNF:0
FNH:0
DA:1,0
DA:2,0
DA:4,0
LF:3
LH:0
BRF:0
BRH:0
end_of_record
TN:
SF:src\campaigns\events\campaign.events.ts
FN:5,(anonymous_0)
FNF:1
FNH:0
FNDA:0,(anonymous_0)
DA:1,0
DA:4,0
DA:5,0
LF:3
LH:0
BRF:0
BRH:0
end_of_record
TN:
SF:src\common\csv-upload.config.ts
FN:15,(anonymous_0)
FNF:1
FNH:0
FNDA:0,(anonymous_0)
DA:1,0
DA:4,0
DA:13,0
DA:16,0
DA:17,0
DA:18,0
DA:20,0
LF:7
LH:0
BRDA:16,0,0,0
BRF:1
BRH:0
end_of_record
TN:
SF:src\common\pagination.dto.ts
FN:4,(anonymous_2)
FN:6,(anonymous_3)
FN:12,(anonymous_4)
FN:26,paginate
FNF:4
FNH:0
FNDA:0,(anonymous_2)
FNDA:0,(anonymous_3)
FNDA:0,(anonymous_4)
FNDA:0,paginate
DA:1,0
DA:2,0
DA:4,0
DA:6,0
DA:9,0
DA:12,0
DA:16,0
DA:26,0
DA:32,0
LF:9
LH:0
BRF:0
BRH:0
end_of_record
TN:
SF:src\common\permissions.ts
FNF:0
FNH:0
DA:1,0
DA:20,0
LF:2
LH:0
BRF:0
BRH:0
end_of_record
TN:
SF:src\common\storage-path.util.ts
FN:9,resolveStoragePath
FNF:1
FNH:0
FNDA:0,resolveStoragePath
DA:1,0
DA:9,0
DA:13,0
DA:14,0
LF:4
LH:0
BRF:0
BRH:0
end_of_record
TN:
SF:src\common\filters\all-exceptions.filter.ts
FN:22,(anonymous_1)
FN:25,(anonymous_2)
FNF:2
FNH:2
FNDA:3,(anonymous_1)
FNDA:3,(anonymous_2)
DA:1,1
DA:22,1
DA:23,3
DA:29,3
DA:30,1
DA:33,1
DA:36,2
DA:37,2
DA:38,2
DA:40,2
DA:41,1
DA:42,1
DA:43,1
DA:50,1
DA:54,1
DA:55,1
DA:59,1
LF:17
LH:17
BRDA:29,0,0,1
BRDA:31,1,0,1
BRDA:31,1,1,0
BRDA:40,2,0,1
BRDA:46,3,0,0
BRDA:46,3,1,1
BRDA:54,4,0,1
BRDA:54,4,1,0
BRDA:56,5,0,1
BRDA:56,5,1,0
BRF:10
BRH:6
end_of_record
TN:
SF:src\config\env.validation.ts
FN:12,(anonymous_2)
FN:49,validateEnv
FN:58,(anonymous_4)
FNF:3
FNH:0
FNDA:0,(anonymous_2)
FNDA:0,validateEnv
FNDA:0,(anonymous_4)
DA:1,0
DA:2,0
DA:14,0
DA:19,0
DA:22,0
DA:25,0
DA:28,0
DA:31,0
DA:34,0
DA:37,0
DA:40,0
DA:46,0
DA:49,0
DA:50,0
DA:53,0
DA:55,0
DA:56,0
DA:58,0
DA:63,0
LF:19
LH:0
BRDA:55,0,0,0
BRDA:58,1,0,0
BRDA:58,1,1,0
BRF:3
BRH:0
end_of_record
TN:
SF:src\config\socket-io.adapter.ts
FN:7,(anonymous_0)
FN:11,(anonymous_1)
FNF:2
FNH:0
FNDA:0,(anonymous_0)
FNDA:0,(anonymous_1)
DA:2,0
DA:3,0
DA:6,0
DA:7,0
DA:8,0
DA:12,0
DA:13,0
LF:7
LH:0
BRF:0
BRH:0
end_of_record
TN:
SF:src\contacts\contacts.controller.ts
FN:28,(anonymous_4)
FN:31,(anonymous_5)
FN:36,(anonymous_6)
FN:47,(anonymous_7)
FN:58,(anonymous_8)
FN:63,(anonymous_9)
FN:68,(anonymous_10)
FN:73,(anonymous_11)
FN:78,(anonymous_12)
FN:83,(anonymous_13)
FN:88,(anonymous_14)
FN:93,(anonymous_15)
FNF:12
FNH:0
FNDA:0,(anonymous_4)
FNDA:0,(anonymous_5)
FNDA:0,(anonymous_6)
FNDA:0,(anonymous_7)
FNDA:0,(anonymous_8)
FNDA:0,(anonymous_9)
FNDA:0,(anonymous_10)
FNDA:0,(anonymous_11)
FNDA:0,(anonymous_12)
FNDA:0,(anonymous_13)
FNDA:0,(anonymous_14)
FNDA:0,(anonymous_15)
DA:1,0
DA:14,0
DA:16,0
DA:17,0
DA:18,0
DA:19,0
DA:20,0
DA:21,0
DA:22,0
DA:23,0
DA:27,0
DA:28,0
DA:31,0
DA:32,0
DA:36,0
DA:37,0
DA:38,0
DA:39,0
DA:43,0
DA:47,0
DA:48,0
DA:49,0
DA:53,0
DA:58,0
DA:59,0
DA:63,0
DA:64,0
DA:68,0
DA:69,0
DA:73,0
DA:74,0
DA:78,0
DA:79,0
DA:83,0
DA:84,0
DA:88,0
DA:89,0
DA:93,0
DA:94,0
LF:39
LH:0
BRF:0
BRH:0
end_of_record
TN:
SF:src\contacts\contacts.module.ts
FNF:0
FNH:0
DA:1,0
DA:2,0
DA:3,0
DA:4,0
DA:11,0
LF:5
LH:0
BRF:0
BRH:0
end_of_record
TN:
SF:src\contacts\contacts.service.ts
FN:31,(anonymous_2)
FN:36,(anonymous_3)
FN:71,(anonymous_4)
FN:82,(anonymous_5)
FN:94,(anonymous_6)
FN:103,(anonymous_7)
FN:108,(anonymous_8)
FN:117,(anonymous_9)
FN:122,(anonymous_10)
FN:129,(anonymous_11)
FN:152,(anonymous_12)
FN:165,(anonymous_13)
FN:167,(anonymous_14)
FN:189,(anonymous_15)
FN:206,(anonymous_16)
FN:214,(anonymous_17)
FN:218,(anonymous_18)
FN:224,(anonymous_19)
FN:233,(anonymous_20)
FNF:19
FNH:0
FNDA:0,(anonymous_2)
FNDA:0,(anonymous_3)
FNDA:0,(anonymous_4)
FNDA:0,(anonymous_5)
FNDA:0,(anonymous_6)
FNDA:0,(anonymous_7)
FNDA:0,(anonymous_8)
FNDA:0,(anonymous_9)
FNDA:0,(anonymous_10)
FNDA:0,(anonymous_11)
FNDA:0,(anonymous_12)
FNDA:0,(anonymous_13)
FNDA:0,(anonymous_14)
FNDA:0,(anonymous_15)
FNDA:0,(anonymous_16)
FNDA:0,(anonymous_17)
FNDA:0,(anonymous_18)
FNDA:0,(anonymous_19)
FNDA:0,(anonymous_20)
DA:1,0
DA:7,0
DA:8,0
DA:9,0
DA:18,0
DA:30,0
DA:32,0
DA:33,0
DA:37,0
DA:39,0
DA:40,0
DA:47,0
DA:48,0
DA:50,0
DA:51,0
DA:53,0
DA:54,0
DA:57,0
DA:68,0
DA:72,0
DA:76,0
DA:77,0
DA:79,0
DA:83,0
DA:86,0
DA:87,0
DA:91,0
DA:95,0
DA:96,0
DA:104,0
DA:105,0
DA:109,0
DA:110,0
DA:118,0
DA:119,0
DA:122,0
DA:126,0
DA:130,0
DA:131,0
DA:138,0
DA:139,0
DA:140,0
DA:142,0
DA:149,0
DA:157,0
DA:158,0
DA:162,0
DA:165,0
DA:166,0
DA:168,0
DA:172,0
DA:176,0
DA:177,0
DA:187,0
DA:188,0
DA:189,0
DA:196,0
DA:198,0
DA:206,0
DA:209,0
DA:215,0
DA:219,0
DA:224,0
DA:233,0
DA:235,0
LF:65
LH:0
BRDA:39,0,0,0
BRDA:47,1,0,0
BRDA:50,2,0,0
BRDA:53,3,0,0
BRDA:76,4,0,0
BRDA:86,5,0,0
BRDA:112,6,0,0
BRDA:112,6,1,0
BRDA:144,7,0,0
BRDA:144,7,1,0
BRDA:157,8,0,0
BRDA:157,9,0,0
BRDA:157,9,1,0
BRDA:167,10,0,0
BRDA:167,10,1,0
BRDA:176,11,0,0
BRDA:176,11,1,0
BRDA:187,12,0,0
BRF:18
BRH:0
end_of_record
TN:
SF:src\contacts\csv\contacts-csv.service.ts
FN:50,(anonymous_1)
FN:52,(anonymous_2)
FN:52,(anonymous_3)
FN:57,(anonymous_4)
FN:67,(anonymous_5)
FN:73,(anonymous_6)
FN:77,(anonymous_7)
FN:78,(anonymous_8)
FNF:8
FNH:0
FNDA:0,(anonymous_1)
FNDA:0,(anonymous_2)
FNDA:0,(anonymous_3)
FNDA:0,(anonymous_4)
FNDA:0,(anonymous_5)
FNDA:0,(anonymous_6)
FNDA:0,(anonymous_7)
FNDA:0,(anonymous_8)
DA:1,0
DA:2,0
DA:3,0
DA:27,0
DA:36,0
DA:49,0
DA:51,0
DA:52,0
DA:57,0
DA:67,0
DA:74,0
DA:78,0
DA:90,0
LF:13
LH:0
BRDA:58,0,0,0
BRDA:58,0,1,0
BRDA:59,1,0,0
BRDA:59,1,1,0
BRDA:60,2,0,0
BRDA:60,2,1,0
BRDA:61,3,0,0
BRDA:61,3,1,0
BRDA:62,4,0,0
BRDA:62,4,1,0
BRDA:63,5,0,0
BRDA:63,5,1,0
BRDA:64,6,0,0
BRDA:64,6,1,0
BRDA:80,7,0,0
BRDA:80,7,1,0
BRDA:82,8,0,0
BRDA:82,8,1,0
BRDA:83,9,0,0
BRDA:83,9,1,0
BRDA:84,10,0,0
BRDA:84,10,1,0
BRDA:86,11,0,0
BRDA:86,11,1,0
BRF:24
BRH:0
end_of_record
TN:
SF:src\contacts\dto\create-contact.dto.ts
FNF:0
FNH:0
DA:1,0
DA:3,0
DA:6,0
DA:10,0
DA:14,0
DA:18,0
DA:22,0
DA:26,0
LF:8
LH:0
BRF:0
BRH:0
end_of_record
TN:
SF:src\contacts\dto\query-contacts.dto.ts
FN:19,(anonymous_2)
FNF:1
FNH:0
FNDA:0,(anonymous_2)
DA:1,0
DA:2,0
DA:3,0
DA:5,0
DA:8,0
DA:12,0
DA:16,0
DA:19,0
DA:21,0
LF:9
LH:0
BRF:0
BRH:0
end_of_record
TN:
SF:src\contacts\dto\set-tags.dto.ts
FNF:0
FNH:0
DA:1,0
DA:3,0
DA:6,0
LF:3
LH:0
BRF:0
BRH:0
end_of_record
TN:
SF:src\contacts\dto\update-contact.dto.ts
FNF:0
FNH:0
DA:1,0
DA:2,0
DA:4,0
LF:3
LH:0
BRF:0
BRH:0
end_of_record
TN:
SF:src\credits\credits.controller.ts
FN:14,(anonymous_4)
FN:17,(anonymous_5)
FN:22,(anonymous_6)
FN:28,(anonymous_7)
FNF:4
FNH:0
FNDA:0,(anonymous_4)
FNDA:0,(anonymous_5)
FNDA:0,(anonymous_6)
FNDA:0,(anonymous_7)
DA:1,0
DA:2,0
DA:3,0
DA:5,0
DA:6,0
DA:7,0
DA:8,0
DA:9,0
DA:13,0
DA:14,0
DA:17,0
DA:18,0
DA:22,0
DA:23,0
DA:28,0
DA:29,0
LF:16
LH:0
BRF:0
BRH:0
end_of_record
TN:
SF:src\credits\credits.module.ts
FNF:0
FNH:0
DA:1,0
DA:2,0
DA:3,0
DA:10,0
LF:4
LH:0
BRF:0
BRH:0
end_of_record
TN:
SF:src\credits\credits.service.ts
FN:10,(anonymous_2)
FN:12,(anonymous_3)
FN:16,(anonymous_4)
FN:38,(anonymous_5)
FN:62,(anonymous_6)
FN:70,(anonymous_7)
FN:94,(anonymous_8)
FNF:7
FNH:0
FNDA:0,(anonymous_2)
FNDA:0,(anonymous_3)
FNDA:0,(anonymous_4)
FNDA:0,(anonymous_5)
FNDA:0,(anonymous_6)
FNDA:0,(anonymous_7)
FNDA:0,(anonymous_8)
DA:1,0
DA:2,0
DA:3,0
DA:6,0
DA:9,0
DA:10,0
DA:13,0
DA:17,0
DA:18,0
DA:22,0
DA:34,0
DA:43,0
DA:44,0
DA:48,0
DA:58,0
DA:63,0
DA:64,0
DA:65,0
DA:76,0
DA:77,0
DA:81,0
DA:95,0
DA:96,0
DA:97,0
LF:24
LH:0
BRDA:20,0,0,0
BRDA:20,0,1,0
BRDA:53,1,0,0
BRDA:53,1,1,0
BRDA:64,2,0,0
BRDA:96,3,0,0
BRF:6
BRH:0
end_of_record
TN:
SF:src\credits\dto\query-transactions.dto.ts
FNF:0
FNH:0
DA:1,0
DA:2,0
DA:4,0
DA:7,0
LF:4
LH:0
BRF:0
BRH:0
end_of_record
TN:
SF:src\credits\dto\topup-wallet.dto.ts
FNF:0
FNH:0
DA:1,0
DA:3,0
DA:6,0
DA:11,0
LF:4
LH:0
BRF:0
BRH:0
end_of_record
TN:
SF:src\health\health.controller.ts
FN:7,(anonymous_2)
FN:11,(anonymous_3)
FNF:2
FNH:2
FNDA:2,(anonymous_2)
FNDA:2,(anonymous_3)
DA:1,1
DA:2,1
DA:3,1
DA:6,1
DA:7,2
DA:11,1
DA:12,2
DA:13,2
DA:15,1
DA:21,1
LF:10
LH:10
BRF:0
BRH:0
end_of_record
TN:
SF:src\health\health.module.ts
FNF:0
FNH:0
DA:1,0
DA:2,0
DA:7,0
LF:3
LH:0
BRF:0
BRH:0
end_of_record
TN:
SF:src\inbox\conversations.controller.ts
FN:23,(anonymous_4)
FN:26,(anonymous_5)
FN:31,(anonymous_6)
FN:36,(anonymous_7)
FN:41,(anonymous_8)
FN:49,(anonymous_9)
FN:58,(anonymous_10)
FN:63,(anonymous_11)
FNF:8
FNH:0
FNDA:0,(anonymous_4)
FNDA:0,(anonymous_5)
FNDA:0,(anonymous_6)
FNDA:0,(anonymous_7)
FNDA:0,(anonymous_8)
FNDA:0,(anonymous_9)
FNDA:0,(anonymous_10)
FNDA:0,(anonymous_11)
DA:1,0
DA:10,0
DA:11,0
DA:13,0
DA:14,0
DA:15,0
DA:16,0
DA:17,0
DA:18,0
DA:22,0
DA:23,0
DA:26,0
DA:27,0
DA:31,0
DA:32,0
DA:36,0
DA:37,0
DA:41,0
DA:42,0
DA:49,0
DA:54,0
DA:58,0
DA:59,0
DA:63,0
DA:64,0
LF:25
LH:0
BRF:0
BRH:0
end_of_record
TN:
SF:src\inbox\conversations.service.ts
FN:55,(anonymous_4)
FN:63,(anonymous_5)
FN:87,(anonymous_6)
FN:98,(anonymous_7)
FN:113,(anonymous_8)
FN:126,(anonymous_9)
FN:140,(anonymous_10)
FN:154,(anonymous_11)
FN:242,(anonymous_12)
FN:305,(anonymous_13)
FN:319,(anonymous_14)
FN:325,(anonymous_15)
FNF:12
FNH:0
FNDA:0,(anonymous_4)
FNDA:0,(anonymous_5)
FNDA:0,(anonymous_6)
FNDA:0,(anonymous_7)
FNDA:0,(anonymous_8)
FNDA:0,(anonymous_9)
FNDA:0,(anonymous_10)
FNDA:0,(anonymous_11)
FNDA:0,(anonymous_12)
FNDA:0,(anonymous_13)
FNDA:0,(anonymous_14)
FNDA:0,(anonymous_15)
DA:1,0
DA:8,0
DA:9,0
DA:10,0
DA:11,0
DA:12,0
DA:16,0
DA:17,0
DA:21,0
DA:25,0
DA:34,0
DA:41,0
DA:49,0
DA:52,0
DA:53,0
DA:56,0
DA:57,0
DA:58,0
DA:59,0
DA:60,0
DA:64,0
DA:73,0
DA:84,0
DA:88,0
DA:92,0
DA:93,0
DA:95,0
DA:99,0
DA:100,0
DA:110,0
DA:114,0
DA:118,0
DA:120,0
DA:127,0
DA:128,0
DA:133,0
DA:137,0
DA:141,0
DA:142,0
DA:147,0
DA:151,0
DA:159,0
DA:161,0
DA:162,0
DA:164,0
DA:167,0
DA:169,0
DA:171,0
DA:172,0
DA:173,0
DA:176,0
DA:190,0
DA:192,0
DA:210,0
DA:215,0
DA:221,0
DA:222,0
DA:223,0
DA:225,0
DA:233,0
DA:237,0
DA:242,0
DA:243,0
DA:246,0
DA:247,0
DA:256,0
DA:274,0
DA:275,0
DA:280,0
DA:283,0
DA:297,0
DA:298,0
DA:305,0
DA:306,0
DA:309,0
DA:311,0
DA:316,0
DA:320,0
DA:326,0
LF:79
LH:0
BRDA:65,0,0,0
BRDA:65,0,1,0
BRDA:68,1,0,0
BRDA:68,1,1,0
BRDA:92,2,0,0
BRDA:118,3,0,0
BRDA:144,4,0,0
BRDA:144,4,1,0
BRDA:161,5,0,0
BRDA:164,6,0,0
BRDA:172,7,0,0
BRDA:182,8,0,0
BRDA:182,8,1,0
BRDA:182,9,0,0
BRDA:182,9,1,0
BRDA:192,10,0,0
BRDA:192,10,1,0
BRDA:229,11,0,0
BRDA:229,11,1,0
BRDA:246,12,0,0
BRDA:249,13,0,0
BRDA:249,13,1,0
BRDA:274,14,0,0
BRDA:309,15,0,0
BRF:24
BRH:0
end_of_record
TN:
SF:src\inbox\inbox.gateway.ts
FN:24,(anonymous_2)
FN:29,(anonymous_3)
FN:54,(anonymous_4)
FN:59,(anonymous_5)
FNF:4
FNH:0
FNDA:0,(anonymous_2)
FNDA:0,(anonymous_3)
FNDA:0,(anonymous_4)
FNDA:0,(anonymous_5)
DA:1,0
DA:2,0
DA:3,0
DA:4,0
DA:10,0
DA:12,0
DA:20,0
DA:22,0
DA:25,0
DA:26,0
DA:30,0
DA:31,0
DA:32,0
DA:33,0
DA:36,0
DA:37,0
DA:43,0
DA:44,0
DA:45,0
DA:47,0
DA:49,0
DA:54,0
DA:55,0
DA:59,0
DA:60,0
LF:25
LH:0
BRDA:31,0,0,0
BRDA:43,1,0,0
BRF:2
BRH:0
end_of_record
TN:
SF:src\inbox\inbox.module.ts
FNF:0
FNH:0
DA:1,0
DA:2,0
DA:3,0
DA:4,0
DA:5,0
DA:6,0
DA:7,0
DA:8,0
DA:16,0
LF:9
LH:0
BRF:0
BRH:0
end_of_record
TN:
SF:src\inbox\dto\assign-conversation.dto.ts
FNF:0
FNH:0
DA:1,0
DA:3,0
DA:6,0
LF:3
LH:0
BRF:0
BRH:0
end_of_record
TN:
SF:src\inbox\dto\create-conversation.dto.ts
FNF:0
FNH:0
DA:1,0
DA:3,0
DA:5,0
DA:8,0
LF:4
LH:0
BRF:0
BRH:0
end_of_record
TN:
SF:src\inbox\dto\query-conversations.dto.ts
FNF:0
FNH:0
DA:1,0
DA:2,0
DA:4,0
DA:7,0
DA:11,0
LF:5
LH:0
BRF:0
BRH:0
end_of_record
TN:
SF:src\inbox\dto\send-message.dto.ts
FN:18,(anonymous_2)
FN:22,(anonymous_3)
FN:27,(anonymous_4)
FNF:3
FNH:0
FNDA:0,(anonymous_2)
FNDA:0,(anonymous_3)
FNDA:0,(anonymous_4)
DA:1,0
DA:2,0
DA:6,0
DA:14,0
DA:16,0
DA:18,0
DA:20,0
DA:22,0
DA:24,0
DA:27,0
DA:29,0
LF:11
LH:0
BRF:0
BRH:0
end_of_record
TN:
SF:src\inbox\events\inbox.events.ts
FN:7,(anonymous_0)
FN:11,(anonymous_1)
FNF:2
FNH:0
FNDA:0,(anonymous_0)
FNDA:0,(anonymous_1)
DA:1,0
DA:2,0
DA:6,0
DA:7,0
DA:10,0
DA:11,0
LF:6
LH:0
BRF:0
BRH:0
end_of_record
TN:
SF:src\lists\lists.controller.ts
FN:22,(anonymous_4)
FN:25,(anonymous_5)
FN:30,(anonymous_6)
FN:35,(anonymous_7)
FN:40,(anonymous_8)
FN:45,(anonymous_9)
FN:50,(anonymous_10)
FN:55,(anonymous_11)
FN:60,(anonymous_12)
FNF:9
FNH:0
FNDA:0,(anonymous_4)
FNDA:0,(anonymous_5)
FNDA:0,(anonymous_6)
FNDA:0,(anonymous_7)
FNDA:0,(anonymous_8)
FNDA:0,(anonymous_9)
FNDA:0,(anonymous_10)
FNDA:0,(anonymous_11)
FNDA:0,(anonymous_12)
DA:1,0
DA:11,0
DA:12,0
DA:13,0
DA:14,0
DA:15,0
DA:16,0
DA:17,0
DA:21,0
DA:22,0
DA:25,0
DA:26,0
DA:30,0
DA:31,0
DA:35,0
DA:36,0
DA:40,0
DA:41,0
DA:45,0
DA:46,0
DA:50,0
DA:51,0
DA:55,0
DA:56,0
DA:60,0
DA:61,0
LF:26
LH:0
BRF:0
BRH:0
end_of_record
TN:
SF:src\lists\lists.module.ts
FNF:0
FNH:0
DA:1,0
DA:2,0
DA:3,0
DA:9,0
LF:4
LH:0
BRF:0
BRH:0
end_of_record
TN:
SF:src\lists\lists.service.ts
FN:10,(anonymous_2)
FN:12,(anonymous_3)
FN:19,(anonymous_4)
FN:30,(anonymous_5)
FN:43,(anonymous_6)
FN:50,(anonymous_7)
FN:54,(anonymous_8)
FN:59,(anonymous_9)
FN:64,(anonymous_10)
FN:67,(anonymous_11)
FN:73,(anonymous_12)
FNF:11
FNH:0
FNDA:0,(anonymous_2)
FNDA:0,(anonymous_3)
FNDA:0,(anonymous_4)
FNDA:0,(anonymous_5)
FNDA:0,(anonymous_6)
FNDA:0,(anonymous_7)
FNDA:0,(anonymous_8)
FNDA:0,(anonymous_9)
FNDA:0,(anonymous_10)
FNDA:0,(anonymous_11)
FNDA:0,(anonymous_12)
DA:1,0
DA:2,0
DA:3,0
DA:9,0
DA:10,0
DA:13,0
DA:20,0
DA:24,0
DA:25,0
DA:27,0
DA:31,0
DA:32,0
DA:42,0
DA:43,0
DA:51,0
DA:55,0
DA:56,0
DA:60,0
DA:61,0
DA:65,0
DA:66,0
DA:67,0
DA:70,0
DA:74,0
DA:75,0
LF:25
LH:0
BRDA:24,0,0,0
BRF:1
BRH:0
end_of_record
TN:
SF:src\lists\dto\add-members.dto.ts
FNF:0
FNH:0
DA:1,0
DA:3,0
DA:7,0
LF:3
LH:0
BRF:0
BRH:0
end_of_record
TN:
SF:src\lists\dto\create-list.dto.ts
FNF:0
FNH:0
DA:1,0
DA:3,0
DA:6,0
DA:10,0
LF:4
LH:0
BRF:0
BRH:0
end_of_record
TN:
SF:src\lists\dto\update-list.dto.ts
FNF:0
FNH:0
DA:1,0
DA:2,0
DA:4,0
LF:3
LH:0
BRF:0
BRH:0
end_of_record
TN:
SF:src\media\media-upload.config.ts
FN:37,(anonymous_0)
FNF:1
FNH:0
FNDA:0,(anonymous_0)
DA:1,0
DA:4,0
DA:9,0
DA:35,0
DA:38,0
DA:39,0
DA:43,0
DA:45,0
LF:8
LH:0
BRDA:38,0,0,0
BRF:1
BRH:0
end_of_record
TN:
SF:src\media\media.controller.ts
FN:22,(anonymous_4)
FN:26,(anonymous_5)
FN:34,(anonymous_6)
FN:39,(anonymous_7)
FNF:4
FNH:0
FNDA:0,(anonymous_4)
FNDA:0,(anonymous_5)
FNDA:0,(anonymous_6)
FNDA:0,(anonymous_7)
DA:1,0
DA:10,0
DA:12,0
DA:13,0
DA:15,0
DA:16,0
DA:17,0
DA:21,0
DA:22,0
DA:26,0
DA:30,0
DA:34,0
DA:35,0
DA:39,0
DA:40,0
DA:42,0
DA:47,0
DA:48,0
DA:52,0
LF:19
LH:0
BRDA:42,0,0,0
BRDA:42,0,1,0
BRDA:42,1,0,0
BRDA:42,1,1,0
BRDA:42,1,2,0
BRF:5
BRH:0
end_of_record
TN:
SF:src\media\media.module.ts
FNF:0
FNH:0
DA:1,0
DA:2,0
DA:3,0
DA:10,0
LF:4
LH:0
BRF:0
BRH:0
end_of_record
TN:
SF:src\media\media.service.ts
FN:16,categorize
FN:17,(anonymous_3)
FN:25,(anonymous_4)
FN:30,(anonymous_5)
FN:40,(anonymous_6)
FN:44,(anonymous_7)
FN:73,(anonymous_8)
FN:81,(anonymous_9)
FN:91,(anonymous_10)
FNF:9
FNH:0
FNDA:0,categorize
FNDA:0,(anonymous_3)
FNDA:0,(anonymous_4)
FNDA:0,(anonymous_5)
FNDA:0,(anonymous_6)
FNDA:0,(anonymous_7)
FNDA:0,(anonymous_8)
FNDA:0,(anonymous_9)
FNDA:0,(anonymous_10)
DA:1,0
DA:2,0
DA:3,0
DA:4,0
DA:5,0
DA:6,0
DA:7,0
DA:8,0
DA:10,0
DA:17,0
DA:18,0
DA:24,0
DA:26,0
DA:27,0
DA:31,0
DA:41,0
DA:50,0
DA:51,0
DA:52,0
DA:54,0
DA:55,0
DA:56,0
DA:58,0
DA:60,0
DA:74,0
DA:75,0
DA:76,0
DA:78,0
DA:84,0
DA:85,0
DA:88,0
DA:92,0
LF:32
LH:0
BRDA:18,0,0,0
BRDA:18,0,1,0
BRDA:54,1,0,0
BRDA:54,1,1,0
BRDA:75,2,0,0
BRF:5
BRH:0
end_of_record
TN:
SF:src\prisma\prisma.module.ts
FNF:0
FNH:0
DA:1,0
DA:2,0
DA:9,0
LF:3
LH:0
BRF:0
BRH:0
end_of_record
TN:
SF:src\prisma\prisma.service.ts
FN:18,(anonymous_2)
FN:24,(anonymous_3)
FN:29,(anonymous_4)
FNF:3
FNH:0
FNDA:0,(anonymous_2)
FNDA:0,(anonymous_3)
FNDA:0,(anonymous_4)
DA:1,1
DA:7,1
DA:8,1
DA:9,1
DA:12,1
DA:16,0
DA:19,0
DA:25,0
DA:26,0
DA:30,0
LF:10
LH:5
BRF:0
BRH:0
end_of_record
TN:
SF:src\roles\roles.controller.ts
FN:20,(anonymous_4)
FN:23,(anonymous_5)
FN:28,(anonymous_6)
FN:33,(anonymous_7)
FN:39,(anonymous_8)
FN:45,(anonymous_9)
FN:51,(anonymous_10)
FNF:7
FNH:0
FNDA:0,(anonymous_4)
FNDA:0,(anonymous_5)
FNDA:0,(anonymous_6)
FNDA:0,(anonymous_7)
FNDA:0,(anonymous_8)
FNDA:0,(anonymous_9)
FNDA:0,(anonymous_10)
DA:1,0
DA:10,0
DA:11,0
DA:12,0
DA:13,0
DA:14,0
DA:15,0
DA:19,0
DA:20,0
DA:23,0
DA:24,0
DA:28,0
DA:29,0
DA:33,0
DA:34,0
DA:39,0
DA:40,0
DA:45,0
DA:46,0
DA:51,0
DA:52,0
LF:21
LH:0
BRF:0
BRH:0
end_of_record
TN:
SF:src\roles\roles.module.ts
FNF:0
FNH:0
DA:1,0
DA:2,0
DA:3,0
DA:9,0
LF:4
LH:0
BRF:0
BRH:0
end_of_record
TN:
SF:src\roles\roles.service.ts
FN:18,(anonymous_2)
FN:20,(anonymous_3)
FN:27,(anonymous_4)
FN:31,(anonymous_5)
FN:42,(anonymous_6)
FN:55,(anonymous_7)
FN:61,(anonymous_8)
FN:87,(anonymous_9)
FN:94,(anonymous_10)
FN:107,(anonymous_11)
FN:115,(anonymous_12)
FN:121,(anonymous_13)
FN:121,(anonymous_14)
FNF:13
FNH:0
FNDA:0,(anonymous_2)
FNDA:0,(anonymous_3)
FNDA:0,(anonymous_4)
FNDA:0,(anonymous_5)
FNDA:0,(anonymous_6)
FNDA:0,(anonymous_7)
FNDA:0,(anonymous_8)
FNDA:0,(anonymous_9)
FNDA:0,(anonymous_10)
FNDA:0,(anonymous_11)
FNDA:0,(anonymous_12)
FNDA:0,(anonymous_13)
FNDA:0,(anonymous_14)
DA:1,0
DA:7,0
DA:11,0
DA:17,0
DA:18,0
DA:21,0
DA:28,0
DA:32,0
DA:36,0
DA:37,0
DA:39,0
DA:43,0
DA:46,0
DA:47,0
DA:49,0
DA:51,0
DA:55,0
DA:62,0
DA:64,0
DA:65,0
DA:69,0
DA:70,0
DA:73,0
DA:74,0
DA:77,0
DA:78,0
DA:81,0
DA:87,0
DA:95,0
DA:96,0
DA:97,0
DA:99,0
DA:100,0
DA:104,0
DA:108,0
DA:109,0
DA:110,0
DA:112,0
DA:116,0
DA:120,0
DA:121,0
DA:122,0
LF:42
LH:0
BRDA:36,0,0,0
BRDA:46,1,0,0
BRDA:64,2,0,0
BRDA:64,3,0,0
BRDA:64,3,1,0
BRDA:64,3,2,0
BRDA:69,4,0,0
BRDA:69,5,0,0
BRDA:69,5,1,0
BRDA:73,6,0,0
BRDA:77,7,0,0
BRDA:86,8,0,0
BRDA:86,8,1,0
BRDA:96,9,0,0
BRDA:99,10,0,0
BRDA:109,11,0,0
BRDA:120,12,0,0
BRF:17
BRH:0
end_of_record
TN:
SF:src\roles\dto\create-role.dto.ts
FNF:0
FNH:0
DA:1,0
DA:3,0
DA:6,0
DA:10,0
DA:14,0
LF:5
LH:0
BRF:0
BRH:0
end_of_record
TN:
SF:src\roles\dto\update-role.dto.ts
FNF:0
FNH:0
DA:1,0
DA:2,0
DA:4,0
LF:3
LH:0
BRF:0
BRH:0
end_of_record
TN:
SF:src\settings\settings.controller.ts
FN:13,(anonymous_4)
FN:16,(anonymous_5)
FN:21,(anonymous_6)
FN:27,(anonymous_7)
FNF:4
FNH:0
FNDA:0,(anonymous_4)
FNDA:0,(anonymous_5)
FNDA:0,(anonymous_6)
FNDA:0,(anonymous_7)
DA:1,0
DA:2,0
DA:3,0
DA:4,0
DA:6,0
DA:7,0
DA:8,0
DA:12,0
DA:13,0
DA:16,0
DA:17,0
DA:21,0
DA:22,0
DA:27,0
DA:32,0
LF:15
LH:0
BRF:0
BRH:0
end_of_record
TN:
SF:src\settings\settings.module.ts
FNF:0
FNH:0
DA:1,0
DA:2,0
DA:3,0
DA:9,0
LF:4
LH:0
BRF:0
BRH:0
end_of_record
TN:
SF:src\settings\settings.service.ts
FN:7,(anonymous_2)
FN:9,(anonymous_3)
FN:18,(anonymous_4)
FN:22,(anonymous_5)
FNF:4
FNH:0
FNDA:0,(anonymous_2)
FNDA:0,(anonymous_3)
FNDA:0,(anonymous_4)
FNDA:0,(anonymous_5)
DA:1,0
DA:3,0
DA:6,0
DA:7,0
DA:10,0
DA:19,0
DA:23,0
LF:7
LH:0
BRF:0
BRH:0
end_of_record
TN:
SF:src\settings\dto\upsert-setting.dto.ts
FNF:0
FNH:0
DA:1,0
DA:3,0
DA:5,0
LF:3
LH:0
BRF:0
BRH:0
end_of_record
TN:
SF:src\tags\tags.controller.ts
FN:19,(anonymous_4)
FN:22,(anonymous_5)
FN:27,(anonymous_6)
FN:32,(anonymous_7)
FN:37,(anonymous_8)
FN:42,(anonymous_9)
FNF:6
FNH:0
FNDA:0,(anonymous_4)
FNDA:0,(anonymous_5)
FNDA:0,(anonymous_6)
FNDA:0,(anonymous_7)
FNDA:0,(anonymous_8)
FNDA:0,(anonymous_9)
DA:1,0
DA:10,0
DA:11,0
DA:12,0
DA:13,0
DA:14,0
DA:18,0
DA:19,0
DA:22,0
DA:23,0
DA:27,0
DA:28,0
DA:32,0
DA:33,0
DA:37,0
DA:38,0
DA:42,0
DA:43,0
LF:18
LH:0
BRF:0
BRH:0
end_of_record
TN:
SF:src\tags\tags.module.ts
FNF:0
FNH:0
DA:1,0
DA:2,0
DA:3,0
DA:10,0
LF:4
LH:0
BRF:0
BRH:0
end_of_record
TN:
SF:src\tags\tags.service.ts
FN:12,(anonymous_2)
FN:14,(anonymous_3)
FN:21,(anonymous_4)
FN:29,(anonymous_5)
FN:39,(anonymous_6)
FN:44,(anonymous_7)
FNF:6
FNH:0
FNDA:0,(anonymous_2)
FNDA:0,(anonymous_3)
FNDA:0,(anonymous_4)
FNDA:0,(anonymous_5)
FNDA:0,(anonymous_6)
FNDA:0,(anonymous_7)
DA:1,0
DA:6,0
DA:11,0
DA:12,0
DA:15,0
DA:22,0
DA:23,0
DA:24,0
DA:26,0
DA:30,0
DA:33,0
DA:34,0
DA:36,0
DA:40,0
DA:41,0
DA:45,0
DA:46,0
LF:17
LH:0
BRDA:23,0,0,0
BRDA:33,1,0,0
BRF:2
BRH:0
end_of_record
TN:
SF:src\tags\dto\create-tag.dto.ts
FNF:0
FNH:0
DA:1,0
DA:3,0
DA:6,0
DA:13,0
LF:4
LH:0
BRF:0
BRH:0
end_of_record
TN:
SF:src\tags\dto\update-tag.dto.ts
FNF:0
FNH:0
DA:1,0
DA:2,0
DA:4,0
LF:3
LH:0
BRF:0
BRH:0
end_of_record
TN:
SF:src\templates\template-render.util.ts
FN:4,extractVariables
FN:18,renderTemplate
FN:23,(anonymous_2)
FN:35,contactVariables
FNF:4
FNH:4
FNDA:3,extractVariables
FNDA:3,renderTemplate
FNDA:7,(anonymous_2)
FNDA:1,contactVariables
DA:1,1
DA:4,1
DA:5,3
DA:6,3
DA:7,4
DA:9,3
DA:18,1
DA:22,3
DA:23,3
DA:24,7
DA:25,7
DA:26,4
DA:27,4
DA:29,3
DA:31,3
DA:35,1
DA:41,1
LF:17
LH:17
BRDA:25,0,0,4
BRDA:25,1,0,7
BRDA:25,1,1,5
BRDA:25,1,2,4
BRDA:26,2,0,4
BRDA:43,3,0,1
BRDA:43,3,1,1
BRDA:45,4,0,1
BRDA:45,4,1,1
BRF:9
BRH:9
end_of_record
TN:
SF:src\templates\templates.controller.ts
FN:24,(anonymous_4)
FN:27,(anonymous_5)
FN:32,(anonymous_6)
FN:37,(anonymous_7)
FN:45,(anonymous_8)
FN:50,(anonymous_9)
FN:55,(anonymous_10)
FNF:7
FNH:0
FNDA:0,(anonymous_4)
FNDA:0,(anonymous_5)
FNDA:0,(anonymous_6)
FNDA:0,(anonymous_7)
FNDA:0,(anonymous_8)
FNDA:0,(anonymous_9)
FNDA:0,(anonymous_10)
DA:1,0
DA:11,0
DA:12,0
DA:14,0
DA:15,0
DA:16,0
DA:17,0
DA:18,0
DA:19,0
DA:23,0
DA:24,0
DA:27,0
DA:28,0
DA:32,0
DA:33,0
DA:37,0
DA:41,0
DA:45,0
DA:46,0
DA:50,0
DA:51,0
DA:55,0
DA:56,0
LF:23
LH:0
BRF:0
BRH:0
end_of_record
TN:
SF:src\templates\templates.module.ts
FNF:0
FNH:0
DA:1,0
DA:2,0
DA:3,0
DA:10,0
LF:4
LH:0
BRF:0
BRH:0
end_of_record
TN:
SF:src\templates\templates.service.ts
FN:20,(anonymous_2)
FN:22,(anonymous_3)
FN:35,(anonymous_4)
FN:46,(anonymous_5)
FN:67,(anonymous_6)
FN:82,(anonymous_7)
FN:87,(anonymous_8)
FN:93,(anonymous_9)
FNF:8
FNH:0
FNDA:0,(anonymous_2)
FNDA:0,(anonymous_3)
FNDA:0,(anonymous_4)
FNDA:0,(anonymous_5)
FNDA:0,(anonymous_6)
FNDA:0,(anonymous_7)
FNDA:0,(anonymous_8)
FNDA:0,(anonymous_9)
DA:1,0
DA:6,0
DA:7,0
DA:10,0
DA:16,0
DA:19,0
DA:20,0
DA:23,0
DA:32,0
DA:36,0
DA:40,0
DA:41,0
DA:43,0
DA:47,0
DA:50,0
DA:51,0
DA:53,0
DA:68,0
DA:69,0
DA:83,0
DA:84,0
DA:88,0
DA:89,0
DA:103,0
DA:104,0
LF:25
LH:0
BRDA:40,0,0,0
BRDA:50,1,0,0
BRDA:59,2,0,0
BRDA:59,2,1,0
BRDA:74,3,0,0
BRDA:74,3,1,0
BRDA:76,4,0,0
BRDA:76,4,1,0
BRDA:87,5,0,0
BRDA:101,6,0,0
BRF:10
BRH:0
end_of_record
TN:
SF:src\templates\dto\create-template.dto.ts
FNF:0
FNH:0
DA:1,0
DA:3,0
DA:6,0
DA:10,0
DA:14,0
DA:18,0
DA:22,0
LF:7
LH:0
BRF:0
BRH:0
end_of_record
TN:
SF:src\templates\dto\preview-template.dto.ts
FNF:0
FNH:0
DA:1,0
DA:3,0
DA:6,0
LF:3
LH:0
BRF:0
BRH:0
end_of_record
TN:
SF:src\templates\dto\update-template.dto.ts
FNF:0
FNH:0
DA:1,0
DA:2,0
DA:4,0
LF:3
LH:0
BRF:0
BRH:0
end_of_record
TN:
SF:src\users\users.controller.ts
FN:24,(anonymous_4)
FN:27,(anonymous_5)
FN:32,(anonymous_6)
FN:38,(anonymous_7)
FN:51,(anonymous_8)
FN:61,(anonymous_9)
FNF:6
FNH:0
FNDA:0,(anonymous_4)
FNDA:0,(anonymous_5)
FNDA:0,(anonymous_6)
FNDA:0,(anonymous_7)
FNDA:0,(anonymous_8)
FNDA:0,(anonymous_9)
DA:1,0
DA:10,0
DA:11,0
DA:12,0
DA:14,0
DA:15,0
DA:16,0
DA:17,0
DA:18,0
DA:19,0
DA:23,0
DA:24,0
DA:27,0
DA:28,0
DA:32,0
DA:33,0
DA:38,0
DA:39,0
DA:40,0
DA:51,0
DA:56,0
DA:61,0
DA:62,0
LF:23
LH:0
BRF:0
BRH:0
end_of_record
TN:
SF:src\users\users.module.ts
FNF:0
FNH:0
DA:1,0
DA:2,0
DA:3,0
DA:10,0
LF:4
LH:0
BRF:0
BRH:0
end_of_record
TN:
SF:src\users\users.service.ts
FN:35,(anonymous_11)
FN:37,(anonymous_12)
FN:44,(anonymous_13)
FN:51,(anonymous_14)
FN:64,(anonymous_15)
FN:75,(anonymous_16)
FN:98,(anonymous_17)
FN:105,(anonymous_18)
FN:121,(anonymous_19)
FNF:9
FNH:0
FNDA:0,(anonymous_11)
FNDA:0,(anonymous_12)
FNDA:0,(anonymous_13)
FNDA:0,(anonymous_14)
FNDA:0,(anonymous_15)
FNDA:0,(anonymous_16)
FNDA:0,(anonymous_17)
FNDA:0,(anonymous_18)
FNDA:0,(anonymous_19)
DA:1,0
DA:7,0
DA:8,0
DA:9,0
DA:13,0
DA:21,0
DA:34,0
DA:35,0
DA:38,0
DA:45,0
DA:52,0
DA:61,0
DA:65,0
DA:69,0
DA:70,0
DA:72,0
DA:76,0
DA:78,0
DA:79,0
DA:81,0
DA:82,0
DA:85,0
DA:86,0
DA:90,0
DA:95,0
DA:99,0
DA:100,0
DA:101,0
DA:102,0
DA:112,0
DA:115,0
DA:116,0
DA:118,0
DA:128,0
DA:131,0
DA:132,0
DA:135,0
DA:137,0
LF:38
LH:0
BRDA:69,0,0,0
BRDA:78,1,0,0
BRDA:78,2,0,0
BRDA:78,2,1,0
BRDA:81,3,0,0
BRDA:85,4,0,0
BRDA:115,5,0,0
BRDA:131,6,0,0
BRF:8
BRH:0
end_of_record
TN:
SF:src\users\dto\create-user.dto.ts
FNF:0
FNH:0
DA:1,0
DA:3,0
DA:5,0
DA:9,0
DA:12,0
DA:15,0
DA:18,0
LF:7
LH:0
BRF:0
BRH:0
end_of_record
TN:
SF:src\users\dto\query-users.dto.ts
FNF:0
FNH:0
DA:1,0
DA:3,0
LF:2
LH:0
BRF:0
BRH:0
end_of_record
TN:
SF:src\users\dto\reset-password.dto.ts
FNF:0
FNH:0
DA:1,0
DA:3,0
DA:6,0
LF:3
LH:0
BRF:0
BRH:0
end_of_record
TN:
SF:src\users\dto\update-user.dto.ts
FNF:0
FNH:0
DA:1,0
DA:3,0
DA:7,0
DA:12,0
DA:16,0
DA:20,0
LF:6
LH:0
BRF:0
BRH:0
end_of_record
TN:
SF:src\whatsapp\jid.util.ts
FN:4,phoneToJid
FN:10,jidToPhone
FNF:2
FNH:2
FNDA:3,phoneToJid
FNDA:3,jidToPhone
DA:1,1
DA:4,1
DA:5,3
DA:6,3
DA:10,1
DA:11,3
DA:12,3
DA:13,3
LF:8
LH:8
BRF:0
BRH:0
end_of_record
TN:
SF:src\whatsapp\whatsapp.controller.ts
FN:20,(anonymous_4)
FN:23,(anonymous_5)
FN:28,(anonymous_6)
FN:33,(anonymous_7)
FN:40,(anonymous_8)
FN:47,(anonymous_9)
FN:53,(anonymous_10)
FNF:7
FNH:0
FNDA:0,(anonymous_4)
FNDA:0,(anonymous_5)
FNDA:0,(anonymous_6)
FNDA:0,(anonymous_7)
FNDA:0,(anonymous_8)
FNDA:0,(anonymous_9)
FNDA:0,(anonymous_10)
DA:1,0
DA:11,0
DA:12,0
DA:13,0
DA:14,0
DA:15,0
DA:19,0
DA:20,0
DA:23,0
DA:24,0
DA:28,0
DA:29,0
DA:33,0
DA:34,0
DA:40,0
DA:41,0
DA:47,0
DA:48,0
DA:53,0
DA:54,0
LF:20
LH:0
BRF:0
BRH:0
end_of_record
TN:
SF:src\whatsapp\whatsapp.gateway.ts
FN:28,(anonymous_2)
FN:33,(anonymous_3)
FN:58,(anonymous_4)
FN:63,(anonymous_5)
FN:68,(anonymous_6)
FNF:5
FNH:0
FNDA:0,(anonymous_2)
FNDA:0,(anonymous_3)
FNDA:0,(anonymous_4)
FNDA:0,(anonymous_5)
FNDA:0,(anonymous_6)
DA:1,0
DA:2,0
DA:3,0
DA:4,0
DA:5,0
DA:12,0
DA:14,0
DA:22,0
DA:24,0
DA:26,0
DA:29,0
DA:30,0
DA:34,0
DA:35,0
DA:36,0
DA:37,0
DA:40,0
DA:41,0
DA:47,0
DA:48,0
DA:49,0
DA:51,0
DA:53,0
DA:58,0
DA:59,0
DA:63,0
DA:64,0
DA:68,0
DA:69,0
LF:29
LH:0
BRDA:35,0,0,0
BRDA:47,1,0,0
BRF:2
BRH:0
end_of_record
TN:
SF:src\whatsapp\whatsapp.module.ts
FNF:0
FNH:0
DA:1,0
DA:2,0
DA:3,0
DA:4,0
DA:5,0
DA:6,0
DA:7,0
DA:19,0
LF:8
LH:0
BRF:0
BRH:0
end_of_record
TN:
SF:src\whatsapp\whatsapp.service.ts
FN:27,(anonymous_4)
FN:32,(anonymous_5)
FN:38,(anonymous_6)
FN:48,(anonymous_7)
FN:52,(anonymous_8)
FN:65,(anonymous_9)
FN:71,(anonymous_10)
FN:86,(anonymous_11)
FN:101,(anonymous_12)
FNF:9
FNH:0
FNDA:0,(anonymous_4)
FNDA:0,(anonymous_5)
FNDA:0,(anonymous_6)
FNDA:0,(anonymous_7)
FNDA:0,(anonymous_8)
FNDA:0,(anonymous_9)
FNDA:0,(anonymous_10)
FNDA:0,(anonymous_11)
FNDA:0,(anonymous_12)
DA:1,0
DA:8,0
DA:9,0
DA:10,0
DA:14,0
DA:18,0
DA:24,0
DA:25,0
DA:28,0
DA:29,0
DA:33,0
DA:39,0
DA:42,0
DA:43,0
DA:45,0
DA:49,0
DA:53,0
DA:54,0
DA:55,0
DA:58,0
DA:61,0
DA:62,0
DA:66,0
DA:67,0
DA:68,0
DA:72,0
DA:73,0
DA:74,0
DA:81,0
DA:82,0
DA:86,0
DA:92,0
DA:94,0
DA:95,0
DA:96,0
DA:99,0
DA:103,0
DA:108,0
DA:109,0
LF:39
LH:0
BRDA:42,0,0,0
BRDA:54,1,0,0
BRDA:73,2,0,0
BRDA:94,3,0,0
BRDA:96,4,0,0
BRDA:108,5,0,0
BRF:6
BRH:0
end_of_record
TN:
SF:src\whatsapp\dto\create-account.dto.ts
FNF:0
FNH:0
DA:1,0
DA:3,0
DA:6,0
LF:3
LH:0
BRF:0
BRH:0
end_of_record
TN:
SF:src\whatsapp\events\whatsapp.events.ts
FN:13,(anonymous_0)
FN:20,(anonymous_1)
FN:37,(anonymous_2)
FN:52,(anonymous_3)
FNF:4
FNH:0
FNDA:0,(anonymous_0)
FNDA:0,(anonymous_1)
FNDA:0,(anonymous_2)
FNDA:0,(anonymous_3)
DA:7,0
DA:8,0
DA:9,0
DA:10,0
DA:12,0
DA:14,0
DA:15,0
DA:19,0
DA:21,0
DA:22,0
DA:23,0
DA:36,0
DA:38,0
DA:39,0
DA:40,0
DA:41,0
DA:42,0
DA:43,0
DA:44,0
DA:45,0
DA:51,0
DA:53,0
DA:54,0
DA:55,0
LF:24
LH:0
BRF:0
BRH:0
end_of_record
TN:
SF:src\whatsapp\interfaces\whatsapp-provider.interface.ts
FNF:0
FNH:0
DA:3,0
LF:1
LH:0
BRF:0
BRH:0
end_of_record
TN:
SF:src\whatsapp\providers\baileys-whatsapp.provider.ts
FN:59,(anonymous_11)
FN:64,(anonymous_12)
FN:86,(anonymous_13)
FN:90,(anonymous_14)
FN:104,(anonymous_15)
FN:118,(anonymous_16)
FN:121,(anonymous_17)
FN:137,(anonymous_18)
FN:141,(anonymous_19)
FN:151,(anonymous_20)
FN:160,(anonymous_21)
FN:190,(anonymous_22)
FN:197,(anonymous_23)
FN:205,(anonymous_24)
FN:212,(anonymous_25)
FN:296,(anonymous_26)
FN:305,(anonymous_27)
FN:368,(anonymous_28)
FN:372,(anonymous_29)
FNF:19
FNH:0
FNDA:0,(anonymous_11)
FNDA:0,(anonymous_12)
FNDA:0,(anonymous_13)
FNDA:0,(anonymous_14)
FNDA:0,(anonymous_15)
FNDA:0,(anonymous_16)
FNDA:0,(anonymous_17)
FNDA:0,(anonymous_18)
FNDA:0,(anonymous_19)
FNDA:0,(anonymous_20)
FNDA:0,(anonymous_21)
FNDA:0,(anonymous_22)
FNDA:0,(anonymous_23)
FNDA:0,(anonymous_24)
FNDA:0,(anonymous_25)
FNDA:0,(anonymous_26)
FNDA:0,(anonymous_27)
FNDA:0,(anonymous_28)
FNDA:0,(anonymous_29)
DA:1,0
DA:2,0
DA:3,0
DA:4,0
DA:5,0
DA:14,0
DA:15,0
DA:16,0
DA:21,0
DA:27,0
DA:28,0
DA:29,0
DA:41,0
DA:43,0
DA:53,0
DA:56,0
DA:57,0
DA:60,0
DA:61,0
DA:65,0
DA:66,0
DA:69,0
DA:70,0
DA:74,0
DA:76,0
DA:82,0
DA:84,0
DA:86,0
DA:87,0
DA:90,0
DA:91,0
DA:92,0
DA:93,0
DA:98,0
DA:100,0
DA:104,0
DA:105,0
DA:106,0
DA:107,0
DA:108,0
DA:109,0
DA:110,0
DA:119,0
DA:120,0
DA:121,0
DA:122,0
DA:126,0
DA:127,0
DA:130,0
DA:131,0
DA:138,0
DA:146,0
DA:147,0
DA:148,0
DA:156,0
DA:157,0
DA:158,0
DA:160,0
DA:161,0
DA:163,0
DA:168,0
DA:173,0
DA:178,0
DA:187,0
DA:191,0
DA:192,0
DA:194,0
DA:198,0
DA:199,0
DA:200,0
DA:202,0
DA:206,0
DA:207,0
DA:209,0
DA:213,0
DA:214,0
DA:216,0
DA:221,0
DA:222,0
DA:224,0
DA:225,0
DA:226,0
DA:228,0
DA:229,0
DA:230,0
DA:232,0
DA:233,0
DA:234,0
DA:239,0
DA:241,0
DA:242,0
DA:243,0
DA:248,0
DA:250,0
DA:251,0
DA:256,0
DA:258,0
DA:259,0
DA:260,0
DA:265,0
DA:269,0
DA:272,0
DA:275,0
DA:278,0
DA:280,0
DA:281,0
DA:301,0
DA:302,0
DA:315,0
DA:317,0
DA:318,0
DA:319,0
DA:323,0
DA:329,0
DA:330,0
DA:331,0
DA:341,0
DA:342,0
DA:343,0
DA:345,0
DA:347,0
DA:348,0
DA:349,0
DA:357,0
DA:369,0
DA:373,0
LF:126
LH:0
BRDA:65,0,0,0
BRDA:91,1,0,0
BRDA:93,2,0,0
BRDA:94,3,0,0
BRDA:94,3,1,0
BRDA:94,3,2,0
BRDA:106,4,0,0
BRDA:106,5,0,0
BRDA:106,5,1,0
BRDA:106,5,2,0
BRDA:109,6,0,0
BRDA:120,7,0,0
BRDA:161,8,0,0
BRDA:161,8,1,0
BRDA:161,8,2,0
BRDA:161,8,3,0
BRDA:199,9,0,0
BRDA:199,10,0,0
BRDA:199,10,1,0
BRDA:206,11,0,0
BRDA:214,12,0,0
BRDA:222,13,0,0
BRDA:222,13,1,0
BRDA:222,13,2,0
BRDA:222,13,3,0
BRDA:222,13,4,0
BRDA:222,13,5,0
BRDA:222,13,6,0
BRDA:225,14,0,0
BRDA:225,14,1,0
BRDA:229,15,0,0
BRDA:229,15,1,0
BRDA:233,16,0,0
BRDA:233,16,1,0
BRDA:236,17,0,0
BRDA:236,17,1,0
BRDA:242,18,0,0
BRDA:242,18,1,0
BRDA:245,19,0,0
BRDA:245,19,1,0
BRDA:253,20,0,0
BRDA:253,20,1,0
BRDA:259,21,0,0
BRDA:259,21,1,0
BRDA:262,22,0,0
BRDA:262,22,1,0
BRDA:263,23,0,0
BRDA:263,23,1,0
BRDA:278,24,0,0
BRDA:278,25,0,0
BRDA:278,25,1,0
BRDA:280,26,0,0
BRDA:280,26,1,0
BRDA:289,27,0,0
BRDA:289,27,1,0
BRDA:317,28,0,0
BRDA:329,29,0,0
BRDA:341,30,0,0
BRDA:347,31,0,0
BRDA:347,31,1,0
BRF:60
BRH:0
end_of_record
TN:
SF:src\whatsapp\session-store\encrypted-file-auth-state.ts
FN:19,encrypt
FN:29,decrypt
FN:41,fixFileName
FN:45,useEncryptedFileAuthState
FN:49,(anonymous_5)
FN:52,(anonymous_6)
FN:57,(anonymous_7)
FN:60,(anonymous_8)
FN:67,(anonymous_9)
FN:70,(anonymous_10)
FN:76,(anonymous_11)
FN:91,(anonymous_12)
FN:97,(anonymous_13)
FN:107,(anonymous_14)
FN:121,(anonymous_15)
FNF:15
FNH:14
FNDA:4,encrypt
FNDA:3,decrypt
FNDA:12,fixFileName
FNDA:6,useEncryptedFileAuthState
FNDA:4,(anonymous_5)
FNDA:4,(anonymous_6)
FNDA:7,(anonymous_7)
FNDA:7,(anonymous_8)
FNDA:1,(anonymous_9)
FNDA:1,(anonymous_10)
FNDA:0,(anonymous_11)
FNDA:1,(anonymous_12)
FNDA:1,(anonymous_13)
FNDA:3,(anonymous_14)
FNDA:2,(anonymous_15)
DA:1,1
DA:2,1
DA:3,1
DA:4,1
DA:5,1
DA:17,1
DA:20,4
DA:21,4
DA:22,4
DA:26,4
DA:30,3
DA:31,3
DA:32,3
DA:33,3
DA:34,3
DA:35,3
DA:42,12
DA:45,1
DA:49,6
DA:50,4
DA:51,4
DA:52,4
DA:53,4
DA:57,6
DA:58,7
DA:59,7
DA:60,7
DA:61,3
DA:63,5
DA:67,6
DA:68,1
DA:69,1
DA:70,1
DA:76,6
DA:77,6
DA:78,6
DA:79,0
DA:82,0
DA:85,6
DA:87,6
DA:95,1
DA:96,1
DA:98,1
DA:99,1
DA:100,0
DA:102,1
DA:105,1
DA:108,3
DA:109,3
DA:110,3
DA:111,3
DA:112,3
DA:113,3
DA:114,3
DA:117,3
DA:121,2
LF:56
LH:53
BRDA:77,0,0,6
BRDA:77,0,1,0
BRDA:78,1,0,0
BRDA:85,2,0,6
BRDA:85,2,1,5
BRDA:99,3,0,0
BRDA:99,4,0,1
BRDA:99,4,1,0
BRDA:114,5,0,2
BRDA:114,5,1,1
BRF:10
BRH:6
end_of_record
